number,value,datetime_start,datetime_complete,duration,params_alpha,params_colsample_bytree,params_l1_ratio,params_learning_rate,params_max_depth,params_min_child_samples,params_min_child_weight,params_min_split_gain,params_n_estimators,params_num_leaves,params_reg_alpha,params_reg_lambda,params_subsample,params_subsample_freq,state,quantile
1,0.02593557513253151,2024-10-17 20:09:26.157238,2024-10-17 20:09:28.663772,0 days 00:00:02.506534,0.01339815765205833,0.6634599752037498,0.9254098986382385,0.015818933061107134,5,38,3.734026307077409,0.45710559799736883,902,77,0.7744173607031735,0.1927403085344941,0.5520234097457686,5,COMPLETE,0.8
2,0.02593557513253151,2024-10-17 20:09:28.664011,2024-10-17 20:09:32.901884,0 days 00:00:04.237873,0.49395865159188757,0.972296525834744,0.5089546945326506,0.02817423121199568,8,15,0.6971507000911609,0.499563748894996,807,200,0.7356361517173305,0.7596677297323927,0.6709097247234761,2,COMPLETE,0.8
3,0.0047469448996705094,2024-10-17 20:09:32.902127,2024-10-17 20:09:35.128940,0 days 00:00:02.226813,0.00013019789653088097,0.6981141121391403,0.27107163959407443,0.09024768563571056,14,67,1.5547130397488858,0.20175824706798384,236,79,0.7851795007512601,0.28408900777515,0.9662443310690239,5,COMPLETE,0.8
4,0.004598344954265882,2024-10-17 20:09:35.129176,2024-10-17 20:09:52.338450,0 days 00:00:17.209274,0.00024569099868089396,0.947457562000465,0.37284840971867317,0.02683977965969552,16,38,9.934600176733504,0.0340920213722099,888,183,0.6297871613840236,0.12527241232318675,0.8301264955359453,4,COMPLETE,0.8
5,0.00999390679141972,2024-10-17 20:09:52.338752,2024-10-17 20:09:57.206198,0 days 00:00:04.867446,0.0027611293391441335,0.7191386006917205,0.8372574286240311,0.042687397271972224,14,37,3.2583706414155698,0.21456241104610085,529,68,0.765290362415566,0.877893607650292,0.7736879568080027,10,COMPLETE,0.8
6,0.013433815017651483,2024-10-17 20:09:57.206435,2024-10-17 20:10:04.517654,0 days 00:00:07.311219,0.004172190827371657,0.735218447159179,0.7934721790353435,0.014182020351766071,20,23,3.920870218629565,0.6532304069702126,768,290,0.27185485785516816,0.8885053178759145,0.8185603854851747,10,COMPLETE,0.8
7,0.004831493005843665,2024-10-17 20:10:04.517895,2024-10-17 20:10:06.000256,0 days 00:00:01.482361,0.0002604217174655014,0.7586804549735807,0.07323009310226414,0.06709320082639869,3,55,3.976238073600921,0.920043048133271,849,51,0.605385201776504,0.687265499828264,0.8965265899312318,10,COMPLETE,0.8
8,0.021317447658678206,2024-10-17 20:10:06.000497,2024-10-17 20:10:08.589554,0 days 00:00:02.589057,0.01680140318229646,0.6650334916061322,0.2670315114188653,0.06609020129810263,4,29,8.717053328535293,0.33685829854217275,987,140,0.790452239801068,0.16917640780926013,0.955978230345309,2,COMPLETE,0.8
9,0.018150853281594492,2024-10-17 20:10:08.589786,2024-10-17 20:10:15.474674,0 days 00:00:06.884888,0.015170450351624013,0.629062792731697,0.08574501990417915,0.014394611953027653,18,77,0.517883396526657,0.3680449482961474,566,245,0.6004896023105962,0.10825066380074111,0.9271117307192851,10,COMPLETE,0.8
10,0.005303789331557521,2024-10-17 20:10:15.474914,2024-10-17 20:10:17.933115,0 days 00:00:02.458201,0.0007673821430781092,0.9645580282639711,0.552423718918392,0.02428505515233149,11,85,9.176215158869528,0.013164827069117858,254,130,0.03310622530001439,0.3724634266320353,0.5275739637708492,7,COMPLETE,0.8
11,0.004792385500587356,2024-10-17 20:10:17.933360,2024-10-17 20:10:20.507371,0 days 00:00:02.574011,0.00011650910490230785,0.8587234661966567,0.3308999784677245,0.09711132796097231,15,61,6.824000048447888,0.015616298551141335,204,108,0.9897528818554134,0.0066870421406969305,0.8569043683220621,5,COMPLETE,0.8
12,0.005137050010715461,2024-10-17 20:10:20.507625,2024-10-17 20:10:22.124318,0 days 00:00:01.616693,0.0006619174449421896,0.5273582073439372,0.3191417531032538,0.021690490488323076,15,98,2.0232134817890994,0.17454078228052633,377,24,0.3707656633797852,0.3490689134327625,0.9980206376007148,4,COMPLETE,0.8
13,0.004896595651723117,2024-10-17 20:10:22.124561,2024-10-17 20:10:23.944639,0 days 00:00:01.820078,0.00010326380545306249,0.8568814656043422,0.6547768873400265,0.040698949487462506,12,64,7.216272589982994,0.153407550887008,120,205,0.4823145038259927,0.32292653304459323,0.8321096811328634,7,COMPLETE,0.8
14,0.02593557513253151,2024-10-17 20:10:23.944880,2024-10-17 20:10:25.474716,0 days 00:00:01.529836,0.143323994470577,0.843586475053132,0.22902536127393508,0.09970471806534412,17,45,9.925640939717045,0.6971028752650882,420,163,0.5801861428567785,0.5115675843829529,0.7526768489724885,4,COMPLETE,0.8
15,0.005170963278440477,2024-10-17 20:10:25.474965,2024-10-17 20:10:33.725184,0 days 00:00:08.250219,0.0005649866662876249,0.5623800855488535,0.4546179039341651,0.019299191451504986,11,6,6.010246808938248,0.2658524009746871,686,104,0.4398149140687462,0.2587338393560402,0.6307908767744823,7,COMPLETE,0.8
16,0.0069027914423549904,2024-10-17 20:10:33.725432,2024-10-17 20:10:41.633574,0 days 00:00:07.908142,0.001564554346298864,0.9111301415302776,0.41440439954927066,0.011176621113834717,18,70,2.4107494650621506,0.07898946634587502,343,235,0.2177088479345073,0.05186554643520319,0.9938092772998457,4,COMPLETE,0.8
17,0.004604815150437341,2024-10-17 20:10:41.633822,2024-10-17 20:10:47.071594,0 days 00:00:05.437772,0.0002369825803629549,0.7987723025644022,0.1707675607478264,0.03320216611371134,9,53,7.90548052937821,0.1055754834090236,664,159,0.6682993849591092,0.4292120534706654,0.8886848559684529,1,COMPLETE,0.8
18,0.02593557513253151,2024-10-17 20:10:47.071837,2024-10-17 20:10:49.812502,0 days 00:00:02.740665,0.06630296789845906,0.8138071927241626,0.14078151550724238,0.032943829002612265,9,49,7.908349191968748,0.7025072900661637,708,237,0.6773672922269848,0.6157799785297065,0.8900415133170255,1,COMPLETE,0.8
19,0.004706409515337534,2024-10-17 20:10:49.812743,2024-10-17 20:10:56.560189,0 days 00:00:06.747446,0.0004270071181107525,0.9211288439525731,0.6316225941237199,0.03303120564789677,8,34,9.920267261253166,0.09728126984184302,991,161,0.9168954613328537,0.4300740379742486,0.7891887277225974,1,COMPLETE,0.8
0,0.024615391918885326,2024-10-17 20:12:48.315349,2024-10-17 20:12:49.747049,0 days 00:00:01.431700,0.011917029529176648,0.8495319457099686,0.8441703502806993,0.056674345337618164,11,42,4.941648724039736,0.8178608898467649,561,166,0.8951112176320366,0.7994329857334669,0.9642464257961831,5,COMPLETE,0.9
1,0.024615391918885326,2024-10-17 20:12:49.747293,2024-10-17 20:12:51.092974,0 days 00:00:01.345681,0.047628996860690054,0.953585502211131,0.7434123759262705,0.01602454487423371,19,35,2.056665270459711,0.889887416456784,571,20,0.25880575071628287,0.07904963367727003,0.5392291287155495,4,COMPLETE,0.9
2,0.024615391918885326,2024-10-17 20:12:51.093221,2024-10-17 20:12:51.990264,0 days 00:00:00.897043,0.08209981517839933,0.7319850057119117,0.966642355676252,0.04779153095288621,12,43,5.209549001385717,0.8818529070737586,290,210,0.8858254309262296,0.908689536860911,0.897093055678109,8,COMPLETE,0.9
3,0.024615391918885326,2024-10-17 20:12:51.990509,2024-10-17 20:12:52.898600,0 days 00:00:00.908091,0.2252650983801745,0.6851358401861316,0.2428379142592969,0.03825815957250447,4,22,4.869892397502057,0.252275004482564,388,293,0.3121539617204021,0.8123675430897792,0.8588071044325964,5,COMPLETE,0.9
4,0.024615391918885326,2024-10-17 20:12:52.898847,2024-10-17 20:12:54.605286,0 days 00:00:01.706439,0.591477235972011,0.646183044751918,0.2754778295439453,0.011424432009258642,4,80,0.341410750814713,0.28319530206389376,776,104,0.3060615188824827,0.1268444120338934,0.7894515662275667,7,COMPLETE,0.9
5,0.005341041069755042,2024-10-17 20:12:54.605516,2024-10-17 20:12:55.577761,0 days 00:00:00.972245,0.00010354024123519193,0.8278005517117235,0.9008015577554433,0.02164040773822788,14,59,2.631736967251884,0.9096232033954932,220,162,0.3682672918791191,0.8420471215311837,0.7884811105005628,6,COMPLETE,0.9
6,0.024615391918885326,2024-10-17 20:12:55.578003,2024-10-17 20:12:56.367263,0 days 00:00:00.789260,0.06404248229848761,0.786776349609839,0.25152413620258485,0.011366941839470722,5,89,1.2464840000797224,0.4749092832298233,260,220,0.8391600607955315,0.7441857856913314,0.5786397194873589,5,COMPLETE,0.9
7,0.008801110428835563,2024-10-17 20:12:56.367497,2024-10-17 20:12:57.465747,0 days 00:00:01.098250,0.0026301183118423214,0.653014463531695,0.9475716140202373,0.012552525741564282,4,39,4.974850027682378,0.367711595218547,501,25,0.9109981313856083,0.5729296109117602,0.7659539408879887,6,COMPLETE,0.9
8,0.024615391918885326,2024-10-17 20:12:57.465983,2024-10-17 20:12:58.446293,0 days 00:00:00.980310,0.6874800727938255,0.8669134735373486,0.2693592901603574,0.0222375745224993,20,95,6.01684496157717,0.928089160379902,217,80,0.7620206074617847,0.4433048297900892,0.9338523666537977,10,COMPLETE,0.9
9,0.005395957026649924,2024-10-17 20:12:58.446539,2024-10-17 20:12:59.156522,0 days 00:00:00.709983,0.0012560623849992192,0.8810091877908182,0.6875837822310036,0.06027085875900515,12,66,8.190589629225599,0.6613830515855419,286,69,0.2931096748842148,0.4746506167612713,0.5988192032545581,7,COMPLETE,0.9
10,0.00529336998455211,2024-10-17 20:12:59.156752,2024-10-17 20:13:12.573756,0 days 00:00:13.417004,0.00010000331120567235,0.5151750593890942,0.5188743194443299,0.025515914434195392,15,7,2.8952860046547557,0.08149081273113123,898,148,0.0527871499846978,0.9756078056073132,0.6713956784232993,1,COMPLETE,0.9
11,0.005233546553708266,2024-10-17 20:13:12.573996,2024-10-17 20:13:27.163384,0 days 00:00:14.589388,0.0001682864445853854,0.5120370298754388,0.5118836345348972,0.02845781722834098,16,5,2.7315054891736446,0.054112239172064105,964,143,0.060966203006048825,0.9945573890947644,0.6831188176824678,1,COMPLETE,0.9
12,0.005407511071066309,2024-10-17 20:13:27.163646,2024-10-17 20:13:40.081637,0 days 00:00:12.917991,0.00012265751524440275,0.5148960713992875,0.5043113283931859,0.028218907437699805,16,5,3.3684809693958804,0.036857110224597416,969,125,0.024918867364917302,0.9932253080750121,0.6643837525504123,1,COMPLETE,0.9
13,0.005081367177213463,2024-10-17 20:13:40.081883,2024-10-17 20:14:02.915960,0 days 00:00:22.834077,0.00030034962498069165,0.5004099933310313,0.4912212078739291,0.08282314661918952,17,8,3.1408324627092377,0.046696398611994594,982,213,0.013921949999273972,0.6564359597228786,0.6874525373914036,1,COMPLETE,0.9
14,0.005040198442283565,2024-10-17 20:14:02.916213,2024-10-17 20:14:17.071460,0 days 00:00:14.155247,0.0006521539187454621,0.588242895290823,0.02038822477726676,0.09760769300645519,17,19,6.811879605998695,0.16609961280781294,783,229,0.14531484921040716,0.6260878283043716,0.6946855501007936,3,COMPLETE,0.9
15,0.00515906896583996,2024-10-17 20:14:17.071701,2024-10-17 20:14:25.371868,0 days 00:00:08.300167,0.0006959352644040685,0.5804660180827977,0.11166987012800875,0.09952683693172043,18,22,9.422898615514873,0.16638524610936206,751,274,0.6252920578167146,0.626735936335074,0.7039928460323347,3,COMPLETE,0.9
16,0.004679981692693276,2024-10-17 20:14:25.372272,2024-10-17 20:14:27.668770,0 days 00:00:02.296498,0.0004254786275253545,0.5801073197711357,0.08629529752014171,0.09555938042789654,8,21,6.531165913420283,0.4250193685040387,776,236,0.16332455177151473,0.30526591621070953,0.6145510418248932,3,COMPLETE,0.9
17,0.00835997759255312,2024-10-17 20:14:27.669034,2024-10-17 20:14:29.279706,0 days 00:00:01.610672,0.0038854831537931704,0.5987296922880444,0.01708549539871434,0.07469366786187218,8,24,7.318477778564489,0.6242566098609372,719,259,0.18838981382778128,0.2999522226030602,0.5052027500865072,3,COMPLETE,0.9
18,0.00442861799338005,2024-10-17 20:14:29.279949,2024-10-17 20:14:31.419952,0 days 00:00:02.140003,0.0005609185651685177,0.5864562654146468,0.006704050465647187,0.09855559274122892,8,31,6.801745315277767,0.4399807748939444,822,245,0.453624664434981,0.3285808258905476,0.6035497660537461,3,COMPLETE,0.9
19,0.014340597518307468,2024-10-17 20:14:31.420202,2024-10-17 20:14:33.239019,0 days 00:00:01.818817,0.010366809801278166,0.7187229459042374,0.1464013299035248,0.038442503099072614,8,54,9.939642347547824,0.4631364108154645,637,189,0.47081985698281525,0.28369800613616264,0.6161499366939902,2,COMPLETE,0.9
