number,value,datetime_start,datetime_complete,duration,params_alpha,params_colsample_bytree,params_l1_ratio,params_learning_rate,params_max_depth,params_min_child_samples,params_min_child_weight,params_min_split_gain,params_n_estimators,params_num_leaves,params_reg_alpha,params_reg_lambda,params_subsample,params_subsample_freq,state,quantile
10,0.031216307987116245,2024-10-17 20:01:28.885954,2024-10-17 20:01:30.280341,0 days 00:00:01.394387,0.4808017156560113,0.6663483229054946,0.6022915196768455,0.01576595285869598,3,8,9.433320120666172,0.6173377566739106,869,221,0.2542161571475774,0.37983936315722655,0.6593311720613932,4,COMPLETE,0.4
11,0.004542875010202684,2024-10-17 20:01:30.280587,2024-10-17 20:01:31.786408,0 days 00:00:01.505821,0.00011406831640268704,0.9789177948330717,0.10787457013994384,0.04562637977937578,8,25,3.805802513725757,0.5698309915259053,163,110,0.030369942677145656,0.7513102620774291,0.9890559956689218,7,COMPLETE,0.4
12,0.004646791164784967,2024-10-17 20:01:31.786648,2024-10-17 20:01:36.174656,0 days 00:00:04.388008,0.00010969891111948008,0.6837303939897988,0.03793217573764937,0.05269460232233154,7,23,4.159728298512833,0.6061601402634983,740,108,0.008276727982721166,0.9604982416046307,0.9673203502912827,6,COMPLETE,0.4
13,0.008296217684043525,2024-10-17 20:01:36.174952,2024-10-17 20:01:39.417282,0 days 00:00:03.242330,0.0014642511374340001,0.9939842395959497,0.01696019179843209,0.04747122975383483,7,19,4.256012343139582,0.6397798230263968,773,86,0.030551487507944466,0.9951165758657903,0.994596016647473,7,COMPLETE,0.4
14,0.004574417260967772,2024-10-17 20:01:39.417536,2024-10-17 20:01:42.723301,0 days 00:00:03.305765,0.00012425349595427117,0.6948362145673584,0.13770450984953364,0.051971370052192066,7,37,2.9776979019161653,0.862187475263816,722,108,0.2922028181253352,0.8154050854263533,0.975903791885789,6,COMPLETE,0.4
15,0.007549740910834568,2024-10-17 20:01:42.723562,2024-10-17 20:01:43.028008,0 days 00:00:00.304446,0.0009951152469735956,0.8823278258785139,0.16506491918363672,0.03436996937754846,4,39,2.557973682993042,0.9724751925103936,101,177,0.25632721878000353,0.008487200687132379,0.9336732954895773,8,COMPLETE,0.4
16,0.004588546443156546,2024-10-17 20:01:43.028255,2024-10-17 20:01:47.368427,0 days 00:00:04.340172,0.0001170563149065504,0.610665683393059,0.4671071971261646,0.020098134283456037,9,73,2.573599347764824,0.8393753276732137,988,27,0.3288747601924108,0.761762471263878,0.9118144245611763,5,COMPLETE,0.4
17,0.00613171294437138,2024-10-17 20:01:47.368669,2024-10-17 20:01:48.174342,0 days 00:00:00.805673,0.0006118752777719626,0.7398948057531641,0.16925157402755536,0.09621573529430968,5,34,5.455338113867837,0.7717675136702699,237,23,0.9986390601935035,0.6354768080447969,0.7429236170798748,6,COMPLETE,0.4
18,0.031216307987116245,2024-10-17 20:01:48.174592,2024-10-17 20:01:50.966724,0 days 00:00:02.792132,0.9332757677534184,0.8394892582623822,0.13963898477613532,0.05673838218782322,9,70,3.2353801590949325,0.9758324967176462,747,180,0.13427319390401563,0.46915252818964853,0.9126040028577137,8,COMPLETE,0.4
19,0.010009168284547705,2024-10-17 20:01:50.966971,2024-10-17 20:01:54.192837,0 days 00:00:03.225866,0.0019648791863477386,0.9178545268023034,0.42752813731763895,0.036166405119459774,9,16,1.5024435244197392,0.7193306678828736,457,107,0.3211247169699201,0.8422936891443376,0.7741261941653996,5,COMPLETE,0.4
0,0.007352170591224693,2024-10-17 20:02:04.265375,2024-10-17 20:02:08.589125,0 days 00:00:04.323750,0.001350864064616209,0.8354197408896489,0.37881567504021296,0.0869957053316437,9,97,9.882877443647532,0.19494274348005658,845,69,0.2981805478352755,0.22995283665507393,0.5204904526953761,1,COMPLETE,0.5
1,0.02989612477347006,2024-10-17 20:02:08.589361,2024-10-17 20:02:11.292971,0 days 00:00:02.703610,0.07119963806379057,0.775815792717597,0.615715888891858,0.047511173270032576,6,76,1.3037408292119628,0.6078341714681185,793,90,0.5270536330390944,0.1627935614734639,0.5469245257410946,3,COMPLETE,0.5
2,0.02989612477347006,2024-10-17 20:02:11.293211,2024-10-17 20:02:13.616721,0 days 00:00:02.323510,0.4284990824328461,0.7400909978658103,0.8211075926463982,0.069127226522677,6,84,0.023964555374679813,0.9094667204138697,708,56,0.1797593055709591,0.7159851288994753,0.882492584026447,2,COMPLETE,0.5
3,0.02989612477347006,2024-10-17 20:02:13.616976,2024-10-17 20:02:20.178537,0 days 00:00:06.561561,0.06942299525480157,0.5369709810653206,0.5765609756442471,0.01052465895354997,10,19,5.453947881479507,0.37746980505301886,525,114,0.38635922837670567,0.08286240046654159,0.8989694148277274,1,COMPLETE,0.5
4,0.02989612477347006,2024-10-17 20:02:20.178789,2024-10-17 20:02:21.787731,0 days 00:00:01.608942,0.010750768395689612,0.9525820795471689,0.7365873023459618,0.015018357406630847,19,91,2.54143530384335,0.6031115398389271,170,178,0.1902517690717369,0.98373028675401,0.5241452389762258,8,COMPLETE,0.5
5,0.02989612477347006,2024-10-17 20:02:21.787975,2024-10-17 20:02:23.054899,0 days 00:00:01.266924,0.11745124398204776,0.6914655459458459,0.6727023855719719,0.05443276893578625,4,17,6.346025688750089,0.38870682172102944,563,36,0.5511656588772025,0.4224643811860783,0.5355469998682529,4,COMPLETE,0.5
6,0.01250671441814369,2024-10-17 20:02:23.055133,2024-10-17 20:02:27.750173,0 days 00:00:04.695040,0.004070673335971303,0.7793877026120776,0.020183796466219373,0.015049225547276028,10,59,9.730900853618552,0.9106030235332756,698,228,0.9555752895926114,0.48673701846913986,0.8478363923013474,4,COMPLETE,0.5
7,0.02989612477347006,2024-10-17 20:02:27.750411,2024-10-17 20:02:32.609624,0 days 00:00:04.859213,0.1734741293023589,0.9098507197977648,0.8987246188261898,0.019006229967626066,13,28,7.8558701317566415,0.3402222873856581,334,127,0.0208001012559893,0.6351326414014297,0.6093773825887794,5,COMPLETE,0.5
8,0.009292088287582032,2024-10-17 20:02:32.609855,2024-10-17 20:02:35.526396,0 days 00:00:02.916541,0.0021086619277783263,0.6373064144947649,0.08312275427322835,0.022921714971362014,9,64,3.748626345035536,0.000974533460028959,288,212,0.28614782093615787,0.569619616528475,0.9545357183516585,2,COMPLETE,0.5
9,0.0064704965937271005,2024-10-17 20:02:35.526634,2024-10-17 20:02:41.231228,0 days 00:00:05.704594,0.0010059854862761205,0.8049218082898877,0.05309153643016007,0.04266015514390511,15,68,7.945230051089707,0.38950762667034766,490,219,0.3965886728711667,0.394011206052599,0.5318773399848096,4,COMPLETE,0.5
10,0.004436800413935051,2024-10-17 20:02:41.231523,2024-10-17 20:02:45.527919,0 days 00:00:04.296396,0.00018180409501737213,0.8807311486019892,0.30683188192806926,0.036758722598935124,18,42,7.546390284926215,0.7153395201617918,498,295,0.7561613627627938,0.31742379814995386,0.7121841496649571,8,COMPLETE,0.5
11,0.004266168120959008,2024-10-17 20:02:45.528158,2024-10-17 20:02:49.640506,0 days 00:00:04.112348,0.00011758209367622774,0.8741613108835486,0.2678367172927586,0.03387118182884775,18,39,7.666195621438642,0.673339349668129,449,287,0.8319721891013812,0.3244564644649053,0.7211323480154062,9,COMPLETE,0.5
12,0.004280309938046822,2024-10-17 20:02:49.640756,2024-10-17 20:02:54.897858,0 days 00:00:05.257102,0.00012350546300340828,0.8867370536720568,0.3414416537600468,0.031554252349838094,20,41,7.3343210146103335,0.7424074675166936,387,296,0.825408363281314,0.3011103722084461,0.7183618236236522,10,COMPLETE,0.5
13,0.004289701483917774,2024-10-17 20:02:54.898183,2024-10-17 20:03:01.062315,0 days 00:00:06.164132,0.0001182727539783875,0.9451937106780878,0.25796870739758565,0.029099451350662567,20,42,6.415630139652657,0.7750704783049892,344,300,0.998527592506385,0.0027213270257169797,0.7387616448590495,10,COMPLETE,0.5
14,0.0048570633397431165,2024-10-17 20:03:01.062835,2024-10-17 20:03:03.742737,0 days 00:00:02.679902,0.00036988302542812835,0.9803680590278542,0.41853681880929455,0.0280645768904097,16,44,4.360440310168679,0.7546497557769567,116,257,0.741063552993196,0.2635116810056284,0.655914021242233,10,COMPLETE,0.5
15,0.0052210665702508464,2024-10-17 20:03:03.743044,2024-10-17 20:03:08.414021,0 days 00:00:04.670977,0.00047780844774496207,0.8633177627461813,0.19341662468788123,0.032887281319487045,17,31,8.5885301491765,0.9970708802224659,402,270,0.7968432081511485,0.8046352680706634,0.8090078765661017,8,COMPLETE,0.5
16,0.02989612477347006,2024-10-17 20:03:08.414333,2024-10-17 20:03:17.205526,0 days 00:00:08.791193,0.0150785515350577,0.9929745357246978,0.5015120388550447,0.06259916317462255,14,8,6.240561747392838,0.5695277589171234,947,171,0.6557236588189068,0.35074772235374946,0.7852935979668436,7,COMPLETE,0.5
17,0.004246207843313591,2024-10-17 20:03:17.205805,2024-10-17 20:03:22.414443,0 days 00:00:05.208638,0.00011615449311704398,0.9077190695625699,0.17697190706837462,0.020381539615749577,20,56,8.81715007135841,0.6796972543949353,234,259,0.8789236960083648,0.18022675623773854,0.6905173057818059,9,COMPLETE,0.5
18,0.005246555982745309,2024-10-17 20:03:22.414731,2024-10-17 20:03:28.020606,0 days 00:00:05.605875,0.0004897139593366813,0.7135294917602442,0.17073705385701762,0.02292250815480828,17,52,8.884213210596236,0.49753473723604696,235,253,0.8937605917317964,0.151527175094897,0.6454918862997948,6,COMPLETE,0.5
19,0.0131116024791463,2024-10-17 20:03:28.021109,2024-10-17 20:03:34.913537,0 days 00:00:06.892428,0.004142827788294918,0.8301953624472944,0.15700018282988348,0.015975494571726062,12,56,8.859174130637573,0.8490632218958811,617,192,0.6176938386082339,0.038002855165730764,0.6589534811722494,9,COMPLETE,0.5
0,0.028575941559823872,2024-10-17 20:04:05.965350,2024-10-17 20:04:11.679167,0 days 00:00:05.713817,0.06352895831939775,0.9533296701931311,0.8672068036297939,0.04539842303666086,7,10,3.413471321634953,0.6522142813497246,808,68,0.7323766592989726,0.33322661095099426,0.5372520240282714,3,COMPLETE,0.6
1,0.017552810932983026,2024-10-17 20:04:11.679416,2024-10-17 20:04:13.450342,0 days 00:00:01.770926,0.004605403079529201,0.8189058377226561,0.9079460994846733,0.0563592214744662,8,34,9.55660690586316,0.9483211054349672,258,208,0.7456257258972775,0.6133943761854698,0.5849269297234932,5,COMPLETE,0.6
2,0.0049871717431892535,2024-10-17 20:04:13.450629,2024-10-17 20:04:20.127711,0 days 00:00:06.677082,0.00048575344722360126,0.8721184250748084,0.15475172621790168,0.02848482528919711,20,62,1.4794570312409634,0.5905062630811999,547,80,0.7326141887750807,0.6220799277996437,0.6761107815585696,4,COMPLETE,0.6
3,0.028575941559823872,2024-10-17 20:04:20.128208,2024-10-17 20:04:22.798794,0 days 00:00:02.670586,0.05087592923056262,0.7059514078539759,0.7951525623150357,0.04125018956208618,6,86,9.863397809392916,0.4705941808183499,520,73,0.3890844925284509,0.9205349753825721,0.6151692145981944,3,COMPLETE,0.6
4,0.0045003153977174306,2024-10-17 20:04:22.799065,2024-10-17 20:04:36.910433,0 days 00:00:14.111368,0.00023284370033571427,0.6890509121362265,0.9021342340357346,0.03369534234777204,15,39,3.104872403417867,0.15669623171822067,693,111,0.9966722512612151,0.625304502395285,0.9913930550357348,2,COMPLETE,0.6
5,0.027127228968944934,2024-10-17 20:04:36.910697,2024-10-17 20:04:46.797457,0 days 00:00:09.886760,0.055770696487051706,0.8417115957785075,0.0761900188814868,0.014951559241471814,10,31,9.174692714347076,0.7480905845369298,787,234,0.9424972883920709,0.20485381886800236,0.9578966558425468,2,COMPLETE,0.6
6,0.011389425760166109,2024-10-17 20:04:46.797726,2024-10-17 20:04:56.190650,0 days 00:00:09.392924,0.003309374671006704,0.7741843783187113,0.2784178597958503,0.010043969061932554,15,13,1.3722069863100368,0.7289255782858631,392,126,0.1700609659826373,0.01980396826138353,0.6249465829528532,7,COMPLETE,0.6
7,0.028575941559823872,2024-10-17 20:04:56.190919,2024-10-17 20:05:01.429684,0 days 00:00:05.238765,0.034611611397803464,0.5319224196299623,0.9238726046967508,0.016416938995557333,11,42,9.606011070008456,0.49865829081300816,247,263,0.19556472821187854,0.8611001395130229,0.6328858240214936,8,COMPLETE,0.6
8,0.004758062254639701,2024-10-17 20:05:01.429960,2024-10-17 20:05:07.995759,0 days 00:00:06.565799,0.0003058386466651718,0.605561380162702,0.7655671573508018,0.037017550036956844,11,13,7.867794847382139,0.9536759186455417,741,216,0.01258669456455408,0.8918224069371998,0.7906030794864978,1,COMPLETE,0.6
9,0.005351555190020752,2024-10-17 20:05:07.996042,2024-10-17 20:05:09.918506,0 days 00:00:01.922464,0.0005922672593112741,0.6199869919362271,0.7787907878458734,0.015421804766620716,5,72,1.2700967702857373,0.8606243552230279,463,239,0.7261555539021729,0.5077054029302094,0.580814244398728,7,COMPLETE,0.6
10,0.028575941559823872,2024-10-17 20:05:09.918789,2024-10-17 20:05:27.177788,0 days 00:00:17.258999,0.7183718780737509,0.6883402570852036,0.5681355076140023,0.08825122679291665,16,92,5.473756409374031,0.07576548885744891,988,151,0.9957030305796493,0.7207028354051057,0.9560361347984488,10,COMPLETE,0.6
11,0.004405302118864217,2024-10-17 20:05:27.178071,2024-10-17 20:05:49.919928,0 days 00:00:22.741857,0.00010677366253104671,0.5934170638565575,0.5819465766000477,0.025511730859188543,14,23,6.709820980724079,0.21457146080874256,734,300,0.4184533452727629,0.9773076303859248,0.8356723004447653,1,COMPLETE,0.6
12,0.004286931935971548,2024-10-17 20:05:49.920248,2024-10-17 20:06:05.990128,0 days 00:00:16.069880,0.00010206176339447549,0.54128258761226,0.566613834017136,0.02398500229912859,16,53,6.087737513087423,0.17917698168528262,663,291,0.47726947328186686,0.7368493731662081,0.8504618638979621,1,COMPLETE,0.6
13,0.004284230282687927,2024-10-17 20:06:05.990408,2024-10-17 20:06:28.210816,0 days 00:00:22.220408,0.0001119542676825518,0.5105627993975157,0.49570323867798605,0.023995918063395957,19,58,6.509171614723549,0.26305236070892357,967,289,0.47520674268998203,0.7980674257305607,0.8419412825988295,1,COMPLETE,0.6
14,0.008360671414141789,2024-10-17 20:06:28.211075,2024-10-17 20:06:43.113376,0 days 00:00:14.902301,0.0018552020646992573,0.516948945893487,0.39632394399396764,0.021232504032379765,20,55,5.735951006161355,0.321468273890664,975,298,0.5616813332793922,0.7448022697771173,0.8716197265165572,1,COMPLETE,0.6
15,0.004241042113398666,2024-10-17 20:06:43.113862,2024-10-17 20:06:54.971884,0 days 00:00:11.858022,0.00010908420663805132,0.552475546152214,0.4503282752516725,0.02132997021025493,18,72,7.534323401679481,0.32282374302317074,874,172,0.558013348021715,0.42366766471335504,0.7211735270970006,5,COMPLETE,0.6
16,0.006694086168174446,2024-10-17 20:06:54.972131,2024-10-17 20:06:58.429366,0 days 00:00:03.457235,0.0011673284558894072,0.5031402539138841,0.36691988180234697,0.010811215690878982,17,74,7.616281101283519,0.35386379438974847,900,22,0.5886643332557149,0.351703257324541,0.7288116364635024,6,COMPLETE,0.6
17,0.028575941559823872,2024-10-17 20:06:58.429603,2024-10-17 20:06:59.848393,0 days 00:00:01.418790,0.01667818024927825,0.5905016827952188,0.4451160675710488,0.019504190144808656,3,75,3.6955872345970846,0.007029866371815019,875,178,0.3044688284137307,0.44275660438522424,0.732559659342001,10,COMPLETE,0.6
18,0.028575941559823872,2024-10-17 20:06:59.848650,2024-10-17 20:07:06.729681,0 days 00:00:06.881031,0.9045861020984205,0.6476760758388451,0.6672143444566743,0.05723193549487523,18,64,7.713365965931171,0.345431500952999,621,165,0.570010118714816,0.17788122151210173,0.7775382230908938,5,COMPLETE,0.6
19,0.006734724251681785,2024-10-17 20:07:06.729944,2024-10-17 20:07:08.312826,0 days 00:00:01.582882,0.0009637793548963653,0.5650872101153437,0.24462423766414298,0.01902788773193332,18,84,4.4615647606065725,0.4125856686152104,111,199,0.8455842537234735,0.46337213517756193,0.901848657853943,4,COMPLETE,0.6
0,0.023974621756922464,2024-10-17 20:08:18.761419,2024-10-17 20:08:22.446812,0 days 00:00:03.685393,0.00907990508204498,0.754363854026018,0.6846724776054885,0.04721212670988806,15,6,2.5413696402782175,0.6210155266034568,343,210,0.9119599970458283,0.8069129918457527,0.9214216870138444,7,COMPLETE,0.7
1,0.02725575834617769,2024-10-17 20:08:22.447042,2024-10-17 20:08:26.664089,0 days 00:00:04.217047,0.026778063086249197,0.8510412846073901,0.7086828875876203,0.024195425359543644,16,79,6.938775446125741,0.7000369238734948,872,61,0.004239063617896388,0.8346304568209757,0.6215092685893413,7,COMPLETE,0.7
2,0.02725575834617769,2024-10-17 20:08:26.664330,2024-10-17 20:08:27.728100,0 days 00:00:01.063770,0.3332366340612204,0.7987595918628079,0.8878043823559776,0.06873080661161596,7,46,5.503518532992898,0.6837578043513343,319,27,0.6671644593376928,0.1624657905638448,0.6096479409924782,1,COMPLETE,0.7
3,0.02725575834617769,2024-10-17 20:08:27.728337,2024-10-17 20:08:29.428898,0 days 00:00:01.700561,0.03221755444811722,0.913754657540138,0.8014523373500267,0.013866901932429882,6,8,7.674445859302081,0.34696236038058825,334,63,0.9994426053999806,0.1928652312592538,0.6447428371978552,10,COMPLETE,0.7
4,0.02725575834617769,2024-10-17 20:08:29.429144,2024-10-17 20:08:32.823032,0 days 00:00:03.393888,0.07547314494281203,0.5617998809951827,0.7768800171134722,0.05023026030118265,18,22,7.397331027097302,0.8833939985984712,854,93,0.6493510641814686,0.612366401251192,0.6674203834537127,10,COMPLETE,0.7
5,0.005201158317831263,2024-10-17 20:08:32.823271,2024-10-17 20:08:35.625470,0 days 00:00:02.802199,0.000570231846216551,0.5066331423652953,0.5806772999788112,0.027459642524371775,14,90,3.043723270326104,0.05775410489075672,272,251,0.38829146666212,0.3818850401114776,0.5257698233764703,10,COMPLETE,0.7
6,0.004685458816661075,2024-10-17 20:08:35.625715,2024-10-17 20:08:38.082067,0 days 00:00:02.456352,0.0003504251435496821,0.8456594316274721,0.7202192467149824,0.04238223622879558,12,81,9.509293227264303,0.9995273752369817,707,45,0.2637349263679062,0.1756767223737754,0.885963423311211,4,COMPLETE,0.7
7,0.004977558775462704,2024-10-17 20:08:38.082301,2024-10-17 20:08:41.057342,0 days 00:00:02.975041,0.0005143028796152025,0.8607912094088832,0.4280987599203606,0.03483473074604352,6,62,8.055388764198796,0.5668063250232539,789,88,0.7901280880902888,0.5536841908076175,0.8332814438408979,4,COMPLETE,0.7
8,0.0046459996814416215,2024-10-17 20:08:41.057573,2024-10-17 20:08:45.411245,0 days 00:00:04.353672,0.0001429238871157267,0.5879403700182637,0.2686968848206055,0.056161580765352735,16,5,3.4401923356150954,0.6175576896768293,618,225,0.9307119130864487,0.39363352053141676,0.8103560010740998,9,COMPLETE,0.7
9,0.02725575834617769,2024-10-17 20:08:45.411478,2024-10-17 20:08:46.624105,0 days 00:00:01.212627,0.05967149453856132,0.6086756192552969,0.8504510752054886,0.07422849268786448,4,64,2.867032067594057,0.6436455864309617,560,126,0.6242958905186995,0.7668643138406092,0.5878927906015914,4,COMPLETE,0.7
10,0.011949922161662128,2024-10-17 20:08:46.624341,2024-10-17 20:08:48.838814,0 days 00:00:02.214473,0.0031365478613863585,0.6438019309274059,0.07374535853610409,0.014408399390728303,20,32,0.6388749782990786,0.34415690892041206,105,291,0.45763631516547676,0.37687729112518187,0.7707247166800528,8,COMPLETE,0.7
11,0.004511045348220398,2024-10-17 20:08:48.839051,2024-10-17 20:08:51.041211,0 days 00:00:02.202160,0.00014935475179041161,0.9954004625571578,0.3441198386377623,0.09256565535717572,10,98,9.820364774082368,0.9712159557865878,647,197,0.22986948533899476,0.07556103078708709,0.9930818530940649,4,COMPLETE,0.7
12,0.004547788963195519,2024-10-17 20:08:51.041462,2024-10-17 20:08:53.421077,0 days 00:00:02.379615,0.00011302484658612173,0.99028618595862,0.3010517613416516,0.0963681554648569,10,41,4.610951070028384,0.8204687149460715,614,188,0.15047635717890406,0.07246155415282653,0.9693826760075611,2,COMPLETE,0.7
13,0.007792174590726012,2024-10-17 20:08:53.421340,2024-10-17 20:08:56.916481,0 days 00:00:03.495141,0.0019128827127768073,0.9979797538234187,0.31725170940408,0.09528820001745891,10,45,5.263106614186209,0.8536202274070273,977,168,0.11175211586822935,0.002589966141551492,0.9958286959249718,1,COMPLETE,0.7
14,0.004474550211901112,2024-10-17 20:08:56.916826,2024-10-17 20:08:58.654298,0 days 00:00:01.737472,0.00012880545828942983,0.9789120254600802,0.1288438763458879,0.09505909689546665,10,98,9.332664838615536,0.9959777993242004,459,171,0.24291488036680578,0.006219611769570879,0.9945372502681166,3,COMPLETE,0.7
15,0.007043013738745435,2024-10-17 20:08:58.654542,2024-10-17 20:09:00.326977,0 days 00:00:01.672435,0.0016261855423059268,0.9453291407220337,0.01615708398441451,0.07341378523036067,9,100,9.71863487652505,0.9377455595353493,476,145,0.30993693443158765,0.26999875251225247,0.9232598912861287,3,COMPLETE,0.7
16,0.004533123134144132,2024-10-17 20:09:00.327217,2024-10-17 20:09:04.655875,0 days 00:00:04.328658,0.0002846312212195348,0.9401682011556649,0.1409516498108823,0.019416750714738088,12,93,8.83331867794303,0.44195726921051165,463,253,0.1941964065964381,0.9679103252502992,0.7204559035703938,5,COMPLETE,0.7
17,0.02725575834617769,2024-10-17 20:09:04.656120,2024-10-17 20:09:07.305075,0 days 00:00:02.648955,0.7837049727567431,0.6910702861542593,0.16111222871245867,0.06318088620989071,9,74,6.333047381791567,0.7748947766054337,701,127,0.03127852353041055,0.0035767831988385984,0.8678462671293272,6,COMPLETE,0.7
18,0.013417618152043953,2024-10-17 20:09:07.305326,2024-10-17 20:09:14.130975,0 days 00:00:06.825649,0.004459199956544194,0.8982637652681118,0.4756264874412701,0.010062324779999483,13,100,8.992724348106577,0.08774797249454613,448,193,0.33632487390407634,0.27006487481635544,0.9574856607813667,3,COMPLETE,0.7
19,0.005785881381861185,2024-10-17 20:09:14.131252,2024-10-17 20:09:14.453674,0 days 00:00:00.322422,0.000935489763103999,0.7689421630017472,0.3981757790408312,0.08628918739258447,3,66,8.564880811623267,0.9819430421604143,156,162,0.519925777623464,0.08685248927058477,0.9188886592112213,5,COMPLETE,0.7
0,0.017138442085847323,2024-10-17 20:09:24.289345,2024-10-17 20:09:26.157007,0 days 00:00:01.867662,0.005772922591387286,0.7417235375484008,0.8244044512143195,0.0465286909818374,5,18,5.511320302587105,0.4899194566819006,587,182,0.8904850209868606,0.5426614301512305,0.7022173490599688,2,COMPLETE,0.8
