number,value,datetime_start,datetime_complete,duration,params_l2_regularization,params_learning_rate,params_max_depth,params_max_iter,params_min_samples_leaf,state,alpha
0,0.004056941468198628,2024-10-26 15:30:35.572199,2024-10-26 15:30:35.678339,0 days 00:00:00.106140,0.04705491643890425,0.030322783817217543,5,741,3,COMPLETE,0.1
1,0.004056941468198628,2024-10-26 15:30:35.678588,2024-10-26 15:30:35.765974,0 days 00:00:00.087386,0.5869876599838042,0.05902992134479584,3,189,33,COMPLETE,0.1
2,0.004056941468198628,2024-10-26 15:30:35.766149,2024-10-26 15:30:35.859166,0 days 00:00:00.093017,0.6016226584674377,0.06048569427359132,11,430,6,COMPLETE,0.1
3,0.004056941468198628,2024-10-26 15:30:35.859323,2024-10-26 15:30:35.945227,0 days 00:00:00.085904,0.08277151553212514,0.021388857449191747,12,578,20,COMPLETE,0.1
4,0.004056941468198628,2024-10-26 15:30:35.945374,2024-10-26 15:30:36.029743,0 days 00:00:00.084369,0.753888097636402,0.017038797855940077,11,356,39,COMPLETE,0.1
5,0.004056941468198628,2024-10-26 15:30:36.029907,2024-10-26 15:30:36.116473,0 days 00:00:00.086566,0.6440495570239712,0.015810449336492963,8,964,14,COMPLETE,0.1
6,0.004056941468198628,2024-10-26 15:30:36.116809,2024-10-26 15:30:36.212437,0 days 00:00:00.095628,0.8907837078072576,0.05747088503843321,10,395,35,COMPLETE,0.1
7,0.004056941468198628,2024-10-26 15:30:36.212598,2024-10-26 15:30:36.298899,0 days 00:00:00.086301,0.542052612681389,0.0370273162777437,19,889,19,COMPLETE,0.1
8,0.004056941468198628,2024-10-26 15:30:36.299239,2024-10-26 15:30:36.422217,0 days 00:00:00.122978,0.48950038914194294,0.07081337899132728,12,569,6,COMPLETE,0.1
9,0.004056941468198628,2024-10-26 15:30:36.422393,2024-10-26 15:30:36.504952,0 days 00:00:00.082559,0.6931668934631009,0.025841454394786183,9,762,33,COMPLETE,0.1
10,0.004056941468198628,2024-10-26 15:30:36.505144,2024-10-26 15:30:36.598724,0 days 00:00:00.093580,0.07414685700181955,0.09874614647812655,4,737,1,COMPLETE,0.1
11,0.004056941468198628,2024-10-26 15:30:36.598886,2024-10-26 15:30:36.697465,0 days 00:00:00.098579,0.3019099519658432,0.037667864694084355,3,111,29,COMPLETE,0.1
12,0.004056941468198628,2024-10-26 15:30:36.697658,2024-10-26 15:30:36.797522,0 days 00:00:00.099864,0.314977861233619,0.044078476529621026,6,128,28,COMPLETE,0.1
13,0.004056941468198628,2024-10-26 15:30:36.797923,2024-10-26 15:30:36.901863,0 days 00:00:00.103940,0.3529359764927669,0.011939256481332374,6,254,15,COMPLETE,0.1
14,0.004056941468198628,2024-10-26 15:30:36.902205,2024-10-26 15:30:37.006371,0 days 00:00:00.104166,0.18919707765630567,0.02963197905787945,16,711,26,COMPLETE,0.1
15,0.004056941468198628,2024-10-26 15:30:37.006526,2024-10-26 15:30:37.101265,0 days 00:00:00.094739,0.9599512832321155,0.09275166093493654,5,676,10,COMPLETE,0.1
16,0.004056941468198628,2024-10-26 15:30:37.101417,2024-10-26 15:30:37.198716,0 days 00:00:00.097299,0.43485927994301316,0.04286551517319895,3,854,24,COMPLETE,0.1
17,0.004056941468198628,2024-10-26 15:30:37.198887,2024-10-26 15:30:37.293826,0 days 00:00:00.094939,0.8078512518400991,0.05208177663537608,7,248,40,COMPLETE,0.1
18,0.004056941468198628,2024-10-26 15:30:37.293990,2024-10-26 15:30:37.388526,0 days 00:00:00.094536,0.014142551891470179,0.023279817221159568,15,449,33,COMPLETE,0.1
19,0.004056941468198628,2024-10-26 15:30:37.388833,2024-10-26 15:30:37.491073,0 days 00:00:00.102240,0.19886067830553422,0.032446240440930925,5,617,2,COMPLETE,0.1
0,0.008113882936397256,2024-10-26 15:30:37.588681,2024-10-26 15:30:37.685016,0 days 00:00:00.096335,0.7875627286436363,0.022811654034645187,12,191,10,COMPLETE,0.2
1,0.008113882936397256,2024-10-26 15:30:37.685167,2024-10-26 15:30:37.782675,0 days 00:00:00.097508,0.008689384090010854,0.020152047073934656,18,756,10,COMPLETE,0.2
2,0.008113882936397256,2024-10-26 15:30:37.782851,2024-10-26 15:30:37.881939,0 days 00:00:00.099088,0.8612796281606636,0.08659562676244907,18,995,20,COMPLETE,0.2
3,0.008113882936397256,2024-10-26 15:30:37.882106,2024-10-26 15:30:37.993472,0 days 00:00:00.111366,0.5910443393727921,0.014038018725187461,5,110,21,COMPLETE,0.2
4,0.008113882936397256,2024-10-26 15:30:37.993655,2024-10-26 15:30:38.085755,0 days 00:00:00.092100,0.18135709294323177,0.012176069665620041,16,687,4,COMPLETE,0.2
5,0.008113882936397256,2024-10-26 15:30:38.085911,2024-10-26 15:30:38.188060,0 days 00:00:00.102149,0.8448181616024856,0.010238900830467574,11,961,18,COMPLETE,0.2
6,0.008113882936397256,2024-10-26 15:30:38.188218,2024-10-26 15:30:38.280101,0 days 00:00:00.091883,0.14527280035134882,0.012962090432133134,11,110,4,COMPLETE,0.2
7,0.008113882936397256,2024-10-26 15:30:38.280487,2024-10-26 15:30:38.366463,0 days 00:00:00.085976,0.9100259485996886,0.03444550196224567,17,106,30,COMPLETE,0.2
8,0.008113882936397256,2024-10-26 15:30:38.366729,2024-10-26 15:30:38.453196,0 days 00:00:00.086467,0.7755960561813953,0.015597639249915786,6,192,28,COMPLETE,0.2
9,0.008113882936397256,2024-10-26 15:30:38.453396,2024-10-26 15:30:38.543933,0 days 00:00:00.090537,0.9720516307387186,0.030590341239097707,14,706,7,COMPLETE,0.2
10,0.008113882936397256,2024-10-26 15:30:38.544134,2024-10-26 15:30:38.639106,0 days 00:00:00.094972,0.572588460689787,0.054707696912440845,8,354,12,COMPLETE,0.2
11,0.008113882936397256,2024-10-26 15:30:38.639258,2024-10-26 15:30:38.740629,0 days 00:00:00.101371,0.34283218220981737,0.024143522562914764,19,444,12,COMPLETE,0.2
12,0.008113882936397256,2024-10-26 15:30:38.740781,2024-10-26 15:30:38.838222,0 days 00:00:00.097441,0.023462633429781818,0.023019850059321216,14,751,38,COMPLETE,0.2
13,0.008113882936397256,2024-10-26 15:30:38.838398,2024-10-26 15:30:38.939804,0 days 00:00:00.101406,0.39702972637348105,0.019633888375972255,20,555,12,COMPLETE,0.2
14,0.008113882936397256,2024-10-26 15:30:38.940012,2024-10-26 15:30:39.036295,0 days 00:00:00.096283,0.6810398645023227,0.041675363957546625,9,833,9,COMPLETE,0.2
15,0.008113882936397256,2024-10-26 15:30:39.036450,2024-10-26 15:30:39.133496,0 days 00:00:00.097046,0.4033657046534734,0.018850023831448844,14,541,2,COMPLETE,0.2
16,0.008113882936397256,2024-10-26 15:30:39.133820,2024-10-26 15:30:39.233297,0 days 00:00:00.099477,0.7080264715481219,0.05304893609286478,16,361,16,COMPLETE,0.2
17,0.008113882936397256,2024-10-26 15:30:39.233460,2024-10-26 15:30:39.328873,0 days 00:00:00.095413,0.24711905168903917,0.02692133977304773,3,854,24,COMPLETE,0.2
18,0.008113882936397256,2024-10-26 15:30:39.329233,2024-10-26 15:30:39.434504,0 days 00:00:00.105271,0.5117036646027737,0.01817523802057971,13,253,8,COMPLETE,0.2
19,0.008113882936397256,2024-10-26 15:30:39.434938,2024-10-26 15:30:39.532923,0 days 00:00:00.097985,0.027201193028881465,0.03885183567300652,9,583,16,COMPLETE,0.2
0,0.012170824404595887,2024-10-26 15:30:39.636211,2024-10-26 15:30:39.749071,0 days 00:00:00.112860,0.7366602134831235,0.021851478670147664,13,744,3,COMPLETE,0.3
1,0.012170824404595887,2024-10-26 15:30:39.749236,2024-10-26 15:30:39.838939,0 days 00:00:00.089703,0.7013472814323567,0.058762143999508784,6,285,11,COMPLETE,0.3
2,0.012170824404595887,2024-10-26 15:30:39.839092,2024-10-26 15:30:39.932462,0 days 00:00:00.093370,0.8790952428700312,0.050701832881640874,4,153,10,COMPLETE,0.3
3,0.012170824404595887,2024-10-26 15:30:39.932617,2024-10-26 15:30:40.020791,0 days 00:00:00.088174,0.0018749713916379473,0.011015043211653556,6,913,23,COMPLETE,0.3
4,0.012170824404595887,2024-10-26 15:30:40.020957,2024-10-26 15:30:40.115078,0 days 00:00:00.094121,0.3335158946775393,0.035438339698709936,16,148,11,COMPLETE,0.3
5,0.012170824404595887,2024-10-26 15:30:40.115239,2024-10-26 15:30:40.229193,0 days 00:00:00.113954,0.8503937242401903,0.06718819226241565,4,189,21,COMPLETE,0.3
6,0.012170824404595887,2024-10-26 15:30:40.229542,2024-10-26 15:30:40.327456,0 days 00:00:00.097914,0.5235530565864431,0.06211356426655751,8,829,27,COMPLETE,0.3
7,0.012170824404595887,2024-10-26 15:30:40.327608,2024-10-26 15:30:40.435028,0 days 00:00:00.107420,0.725822718760957,0.055803418611349714,10,106,34,COMPLETE,0.3
8,0.012170824404595887,2024-10-26 15:30:40.435383,2024-10-26 15:30:40.522987,0 days 00:00:00.087604,0.13828618463146514,0.04279929824983854,3,520,34,COMPLETE,0.3
9,0.012170824404595887,2024-10-26 15:30:40.523158,2024-10-26 15:30:40.616339,0 days 00:00:00.093181,0.3757601807107187,0.066202192899315,8,742,6,COMPLETE,0.3
10,0.012170824404595887,2024-10-26 15:30:40.616503,2024-10-26 15:30:40.719132,0 days 00:00:00.102629,0.572029770761908,0.020107086849254826,16,622,1,COMPLETE,0.3
11,0.012170824404595887,2024-10-26 15:30:40.719366,2024-10-26 15:30:40.814253,0 days 00:00:00.094887,0.9959364777353378,0.02317954188583986,13,411,15,COMPLETE,0.3
12,0.012170824404595887,2024-10-26 15:30:40.814404,2024-10-26 15:30:40.912156,0 days 00:00:00.097752,0.7101920085559861,0.09805027114115449,13,365,5,COMPLETE,0.3
13,0.012170824404595887,2024-10-26 15:30:40.912306,2024-10-26 15:30:41.014683,0 days 00:00:00.102377,0.6701519654005162,0.023398133813220874,20,708,15,COMPLETE,0.3
14,0.012170824404595887,2024-10-26 15:30:41.014833,2024-10-26 15:30:41.108108,0 days 00:00:00.093275,0.8155369120869517,0.014665199139342212,10,347,1,COMPLETE,0.3
15,0.012170824404595887,2024-10-26 15:30:41.108392,2024-10-26 15:30:41.220795,0 days 00:00:00.112403,0.37233027141981134,0.031334585088334525,16,514,15,COMPLETE,0.3
16,0.012170824404595887,2024-10-26 15:30:41.220956,2024-10-26 15:30:41.328249,0 days 00:00:00.107293,0.6087472350253543,0.0905622088533927,13,277,9,COMPLETE,0.3
17,0.012170824404595887,2024-10-26 15:30:41.328526,2024-10-26 15:30:41.448256,0 days 00:00:00.119730,0.9505192095238407,0.030234223405783217,7,610,6,COMPLETE,0.3
18,0.012170824404595887,2024-10-26 15:30:41.448443,2024-10-26 15:30:41.554287,0 days 00:00:00.105844,0.4467589834030846,0.016422110523218514,19,915,39,COMPLETE,0.3
19,0.012170824404595887,2024-10-26 15:30:41.554445,2024-10-26 15:30:41.658628,0 days 00:00:00.104183,0.7747312759638566,0.04014308448631414,11,979,18,COMPLETE,0.3
0,0.016227765872794512,2024-10-26 15:30:41.760143,2024-10-26 15:30:41.852451,0 days 00:00:00.092308,0.9810987717140723,0.08255500179289915,19,749,24,COMPLETE,0.4
1,0.016227765872794512,2024-10-26 15:30:41.852605,2024-10-26 15:30:41.940510,0 days 00:00:00.087905,0.29418080751457976,0.07027485078612826,8,136,1,COMPLETE,0.4
2,0.016227765872794512,2024-10-26 15:30:41.940660,2024-10-26 15:30:42.042482,0 days 00:00:00.101822,0.9004253763115281,0.02372576552056017,10,900,8,COMPLETE,0.4
3,0.016227765872794512,2024-10-26 15:30:42.042809,2024-10-26 15:30:42.141115,0 days 00:00:00.098306,0.9203680070902311,0.03487689604736268,7,163,16,COMPLETE,0.4
4,0.016227765872794512,2024-10-26 15:30:42.141271,2024-10-26 15:30:42.236406,0 days 00:00:00.095135,0.32484906196566377,0.03955549419988537,9,447,6,COMPLETE,0.4
5,0.016227765872794512,2024-10-26 15:30:42.236572,2024-10-26 15:30:42.326797,0 days 00:00:00.090225,0.09029273550468764,0.0759177947980418,18,278,1,COMPLETE,0.4
6,0.016227765872794512,2024-10-26 15:30:42.326961,2024-10-26 15:30:42.427555,0 days 00:00:00.100594,0.2850659447488125,0.08527829927906168,11,774,20,COMPLETE,0.4
7,0.016227765872794512,2024-10-26 15:30:42.427854,2024-10-26 15:30:42.520825,0 days 00:00:00.092971,0.5165662456013813,0.062405337091313316,20,905,33,COMPLETE,0.4
8,0.016227765872794512,2024-10-26 15:30:42.521184,2024-10-26 15:30:42.613488,0 days 00:00:00.092304,0.19509681043608118,0.08309691161447097,20,155,30,COMPLETE,0.4
9,0.016227765872794512,2024-10-26 15:30:42.613636,2024-10-26 15:30:42.707667,0 days 00:00:00.094031,0.06808648275927598,0.036872431213962185,13,647,17,COMPLETE,0.4
10,0.016227765872794512,2024-10-26 15:30:42.708039,2024-10-26 15:30:42.813444,0 days 00:00:00.105405,0.6715631341385395,0.011714711900351752,3,530,40,COMPLETE,0.4
11,0.016227765872794512,2024-10-26 15:30:42.813610,2024-10-26 15:30:42.933764,0 days 00:00:00.120154,0.6579389786011498,0.05079231663452948,14,381,26,COMPLETE,0.4
12,0.016227765872794512,2024-10-26 15:30:42.933930,2024-10-26 15:30:43.037126,0 days 00:00:00.103196,0.4455934312622022,0.02256870278924096,16,693,12,COMPLETE,0.4
13,0.016227765872794512,2024-10-26 15:30:43.037289,2024-10-26 15:30:43.161745,0 days 00:00:00.124456,0.7505780271952831,0.05540966600717133,6,744,25,COMPLETE,0.4
14,0.016227765872794512,2024-10-26 15:30:43.162055,2024-10-26 15:30:43.269696,0 days 00:00:00.107641,0.4826828236329318,0.09924017544460695,3,986,1,COMPLETE,0.4
15,0.016227765872794512,2024-10-26 15:30:43.269867,2024-10-26 15:30:43.372282,0 days 00:00:00.102415,0.8037163820368256,0.06532876543369069,7,567,23,COMPLETE,0.4
16,0.016227765872794512,2024-10-26 15:30:43.372610,2024-10-26 15:30:43.476048,0 days 00:00:00.103438,0.31746836678117163,0.04822866395767396,15,290,35,COMPLETE,0.4
17,0.016227765872794512,2024-10-26 15:30:43.476217,2024-10-26 15:30:43.593779,0 days 00:00:00.117562,0.5972990940421621,0.010653816460304793,17,572,13,COMPLETE,0.4
18,0.016227765872794512,2024-10-26 15:30:43.593935,2024-10-26 15:30:43.693306,0 days 00:00:00.099371,0.9938697731451155,0.023184669029966343,9,105,29,COMPLETE,0.4
19,0.016227765872794512,2024-10-26 15:30:43.693610,2024-10-26 15:30:43.795431,0 days 00:00:00.101821,0.1751576086994406,0.01602826379903407,12,817,21,COMPLETE,0.4
0,0.003941288738801362,2024-10-26 15:30:43.893258,2024-10-26 15:30:49.287876,0 days 00:00:05.394618,0.6345081062124444,0.058565090536093184,20,291,7,COMPLETE,0.5
1,0.004036089037512417,2024-10-26 15:30:49.288036,2024-10-26 15:30:56.361024,0 days 00:00:07.072988,0.3877513384719362,0.061917193536610404,16,848,4,COMPLETE,0.5
2,0.00395975253477341,2024-10-26 15:30:56.361187,2024-10-26 15:31:00.134984,0 days 00:00:03.773797,0.9706259880686205,0.08996575479078367,11,719,15,COMPLETE,0.5
3,0.004026622151086487,2024-10-26 15:31:00.135163,2024-10-26 15:31:09.646697,0 days 00:00:09.511534,0.012612995341116928,0.012656393105285222,14,367,6,COMPLETE,0.5
4,0.003966558117634084,2024-10-26 15:31:09.646865,2024-10-26 15:31:16.702556,0 days 00:00:07.055691,0.29922627898568555,0.04483467716760799,10,601,17,COMPLETE,0.5
5,0.004250555211207779,2024-10-26 15:31:16.702712,2024-10-26 15:31:18.818446,0 days 00:00:02.115734,0.8091129431198582,0.05276431928341596,3,338,37,PRUNED,0.5
6,0.004040580256296102,2024-10-26 15:31:18.818572,2024-10-26 15:31:30.600253,0 days 00:00:11.781681,0.08354908675068784,0.016800020745110954,12,801,5,PRUNED,0.5
7,0.004048753950483565,2024-10-26 15:31:30.600368,2024-10-26 15:31:42.590900,0 days 00:00:11.990532,0.6416163698129047,0.08064774484704415,6,672,4,PRUNED,0.5
8,0.003967113571006113,2024-10-26 15:31:42.591019,2024-10-26 15:31:52.957019,0 days 00:00:10.366000,0.4477953464899065,0.02529024948007428,16,446,31,PRUNED,0.5
9,0.003977467832767182,2024-10-26 15:31:52.957149,2024-10-26 15:32:06.432936,0 days 00:00:13.475787,0.9738644379594175,0.01639895207985235,12,889,16,PRUNED,0.5
10,0.004078836137992446,2024-10-26 15:32:06.433055,2024-10-26 15:32:09.557147,0 days 00:00:03.124092,0.6413251232740308,0.03135580528446886,19,116,26,PRUNED,0.5
11,0.003997226422986992,2024-10-26 15:32:09.557270,2024-10-26 15:32:13.031444,0 days 00:00:03.474174,0.9573165559311704,0.09453065055151666,8,147,12,PRUNED,0.5
12,0.0039768056801516,2024-10-26 15:32:13.031557,2024-10-26 15:32:17.798055,0 days 00:00:04.766498,0.7416456811536325,0.07165775982556256,20,716,12,PRUNED,0.5
13,0.003933729522909139,2024-10-26 15:32:17.798176,2024-10-26 15:32:30.567351,0 days 00:00:12.769175,0.8323974166559703,0.03961345027980569,17,510,21,COMPLETE,0.5
14,0.004014473010434963,2024-10-26 15:32:30.567558,2024-10-26 15:32:37.351660,0 days 00:00:06.784102,0.5827573033930686,0.03756666393037464,18,259,24,PRUNED,0.5
15,0.003956625011586458,2024-10-26 15:32:37.351785,2024-10-26 15:32:47.856801,0 days 00:00:10.505016,0.8003399814381198,0.027411144310480844,17,468,22,COMPLETE,0.5
16,0.004010766485173864,2024-10-26 15:32:47.856957,2024-10-26 15:33:06.381672,0 days 00:00:18.524715,0.837896936250918,0.04898194110499873,14,998,34,PRUNED,0.5
17,0.003963375773555877,2024-10-26 15:33:06.381898,2024-10-26 15:33:18.178219,0 days 00:00:11.796321,0.5357220193829884,0.022405000037869684,20,528,28,PRUNED,0.5
18,0.003977410265319834,2024-10-26 15:33:18.178339,2024-10-26 15:33:25.251314,0 days 00:00:07.072975,0.29011907633816747,0.04005412991491378,15,276,9,PRUNED,0.5
19,0.003955476285813885,2024-10-26 15:33:25.251448,2024-10-26 15:33:30.616835,0 days 00:00:05.365387,0.7057077111289249,0.06407908267693636,18,220,20,COMPLETE,0.5
0,0.0037835075622320467,2024-10-26 15:33:30.910988,2024-10-26 15:33:38.748893,0 days 00:00:07.837905,0.9608262092240524,0.035625876500321285,14,846,21,COMPLETE,0.6
1,0.0038128741268081408,2024-10-26 15:33:38.749269,2024-10-26 15:33:46.716040,0 days 00:00:07.966771,0.2390002632087178,0.03906433205711865,19,641,38,COMPLETE,0.6
2,0.003822136101741998,2024-10-26 15:33:46.716531,2024-10-26 15:33:59.685548,0 days 00:00:12.969017,0.35538026203168793,0.02252003460962054,13,828,32,COMPLETE,0.6
3,0.0038255685085339325,2024-10-26 15:33:59.686109,2024-10-26 15:34:12.106724,0 days 00:00:12.420615,0.11346343470336462,0.018945401997923356,20,467,24,COMPLETE,0.6
4,0.004389265846687048,2024-10-26 15:34:12.106915,2024-10-26 15:34:15.771796,0 days 00:00:03.664881,0.8666843423196485,0.01838720481602147,7,148,9,COMPLETE,0.6
5,0.0038994464376510365,2024-10-26 15:34:15.772009,2024-10-26 15:34:22.926941,0 days 00:00:07.154932,0.10263956564061671,0.017283082459027956,14,272,8,PRUNED,0.6
6,0.0040849837689731746,2024-10-26 15:34:22.927063,2024-10-26 15:34:24.526760,0 days 00:00:01.599697,0.6169780542561845,0.04869451774531352,3,705,10,PRUNED,0.6
7,0.0038155858129836923,2024-10-26 15:34:24.527001,2024-10-26 15:34:33.285774,0 days 00:00:08.758773,0.6563295335009105,0.02948120387304792,18,670,31,COMPLETE,0.6
8,0.004113355810342886,2024-10-26 15:34:33.285988,2024-10-26 15:34:35.465093,0 days 00:00:02.179105,0.9677239448110827,0.03386666491117896,3,889,15,PRUNED,0.6
9,0.0037815880886520963,2024-10-26 15:34:35.465325,2024-10-26 15:34:42.614952,0 days 00:00:07.149627,0.7761702610840645,0.032325885860027465,7,822,22,COMPLETE,0.6
10,0.003794807190902991,2024-10-26 15:34:42.615122,2024-10-26 15:34:49.126207,0 days 00:00:06.511085,0.7368288835320472,0.09703736835720989,8,969,17,COMPLETE,0.6
11,0.003825493249846886,2024-10-26 15:34:49.126378,2024-10-26 15:35:08.321217,0 days 00:00:19.194839,0.9954555044989061,0.010754118288200299,9,794,24,PRUNED,0.6
12,0.003868466754142149,2024-10-26 15:35:08.321497,2024-10-26 15:35:14.705074,0 days 00:00:06.383577,0.7420822275208815,0.057987538944734435,15,439,21,PRUNED,0.6
13,0.0038429988354230535,2024-10-26 15:35:14.705192,2024-10-26 15:35:19.005853,0 days 00:00:04.300661,0.4596811703087903,0.06497216123893905,11,961,1,PRUNED,0.6
14,0.003808891820324851,2024-10-26 15:35:19.005979,2024-10-26 15:35:27.287729,0 days 00:00:08.281750,0.8447397807719368,0.025008214541144425,5,557,29,COMPLETE,0.6
15,0.0038590835173639235,2024-10-26 15:35:27.287901,2024-10-26 15:35:32.861170,0 days 00:00:05.573269,0.5439306466656602,0.04254302157291823,12,769,17,PRUNED,0.6
16,0.0038033603737607,2024-10-26 15:35:32.861366,2024-10-26 15:35:52.925172,0 days 00:00:20.063806,0.8429549491925801,0.011867880233233563,10,883,26,COMPLETE,0.6
17,0.0038719603203506963,2024-10-26 15:35:52.925849,2024-10-26 15:36:01.189071,0 days 00:00:08.263222,0.7484308910337348,0.08129313659853343,16,999,37,PRUNED,0.6
18,0.0037867467861635693,2024-10-26 15:36:01.189196,2024-10-26 15:36:12.617684,0 days 00:00:11.428488,0.9185046292955658,0.03065151705168026,6,587,21,COMPLETE,0.6
19,0.0038564459354972444,2024-10-26 15:36:12.617849,2024-10-26 15:36:17.686834,0 days 00:00:05.068985,0.4254300850563527,0.05166227369132311,16,435,14,PRUNED,0.6
0,0.003463226875130689,2024-10-26 15:36:18.014667,2024-10-26 15:36:22.388621,0 days 00:00:04.373954,0.9518482600578946,0.08468320553188802,9,919,32,COMPLETE,0.7
1,0.0034687505104809644,2024-10-26 15:36:22.388771,2024-10-26 15:36:36.120789,0 days 00:00:13.732018,0.4730695310308456,0.026635185333153028,20,952,13,COMPLETE,0.7
2,0.00374375404030111,2024-10-26 15:36:36.120968,2024-10-26 15:36:38.419843,0 days 00:00:02.298875,0.6109987399976952,0.033915978505544245,7,108,9,COMPLETE,0.7
3,0.0034540302007586726,2024-10-26 15:36:38.420176,2024-10-26 15:36:49.677494,0 days 00:00:11.257318,0.9612432822334289,0.015934226616099827,6,578,33,COMPLETE,0.7
4,0.0034780584765501544,2024-10-26 15:36:49.677654,2024-10-26 15:37:07.773128,0 days 00:00:18.095474,0.22289375967572567,0.014723250511438793,20,951,17,COMPLETE,0.7
5,0.0034523793471476633,2024-10-26 15:37:07.773468,2024-10-26 15:37:24.397580,0 days 00:00:16.624112,0.707174176581684,0.013607535377693006,18,608,11,COMPLETE,0.7
6,0.003542172678369867,2024-10-26 15:37:24.397741,2024-10-26 15:37:26.769480,0 days 00:00:02.371739,0.5223010212536224,0.06344433018295648,4,856,36,PRUNED,0.7
7,0.0034746643517422223,2024-10-26 15:37:26.769623,2024-10-26 15:37:42.363510,0 days 00:00:15.593887,0.00927220710592791,0.011188890899383094,19,603,13,PRUNED,0.7
8,0.0034829087774579247,2024-10-26 15:37:42.363669,2024-10-26 15:37:53.045525,0 days 00:00:10.681856,0.4468540940876393,0.09414739808441558,9,528,29,PRUNED,0.7
9,0.0035533739806301655,2024-10-26 15:37:53.045763,2024-10-26 15:38:03.029281,0 days 00:00:09.983518,0.7700642414834472,0.051148806506462474,17,803,15,PRUNED,0.7
10,0.003489944009483659,2024-10-26 15:38:03.029407,2024-10-26 15:38:11.912467,0 days 00:00:08.883060,0.7464802583686736,0.023119801999460173,14,326,1,PRUNED,0.7
11,0.003445437382346437,2024-10-26 15:38:11.912582,2024-10-26 15:38:29.128865,0 days 00:00:17.216283,0.985011946570747,0.016708931387047612,14,620,25,COMPLETE,0.7
12,0.0034517165907788448,2024-10-26 15:38:29.129045,2024-10-26 15:38:46.032941,0 days 00:00:16.903896,0.7933595777300638,0.010408752618465406,14,693,25,COMPLETE,0.7
