number,value,datetime_start,datetime_complete,duration,params_alpha_1,params_alpha_2,params_colsample_bytree,params_lambda_1,params_lambda_2,params_learning_rate,params_max_depth,params_min_child_samples,params_min_child_weight,params_min_split_gain,params_n_estimators,params_num_leaves,params_reg_alpha,params_reg_lambda,params_subsample,params_subsample_freq,state,quantile
0,0.0041262294052995035,2024-10-17 23:29:45.334935,2024-10-17 23:29:54.040341,0 days 00:00:08.705406,1.2192916796495041e-06,0.00848805642066009,0.8211622916825283,1.7051228606539439e-06,8.602485763613769e-05,0.05218177069202109,10,15,0.577287683646948,0.38020626796956547,310,241,0.09692846236710428,0.052519131968979504,0.8750605032407448,4,COMPLETE,0.4
1,0.004483640625849402,2024-10-17 23:29:54.040768,2024-10-17 23:29:58.311702,0 days 00:00:04.270934,1.0682672597258701e-05,1.0189454615129796e-05,0.949729866775194,2.829273366103672e-05,0.00011400340126074775,0.07813242417753571,15,41,6.2779349116149294,0.8021557250508093,780,144,0.62289989667627,0.7926568004370141,0.5402736599165632,7,COMPLETE,0.4
2,0.00429996202916743,2024-10-17 23:29:58.312004,2024-10-17 23:30:15.134152,0 days 00:00:16.822148,7.32144363975884e-05,0.01767234434799776,0.5735245565791633,0.022343614164540657,8.736727195851932e-06,0.01662971475946293,20,31,5.868534079200756,0.6617860288730136,692,215,0.9384600896383812,0.4444077420741329,0.921133898207491,9,COMPLETE,0.4
3,0.004013441025333075,2024-10-17 23:30:15.134438,2024-10-17 23:30:30.030906,0 days 00:00:14.896468,1.1153484912248159e-06,0.017487558609189928,0.8765369930311209,1.3750343856544404e-05,0.00025957723749150464,0.029201522387006226,11,26,7.287332857498521,0.3492932101527687,685,223,0.784452280394536,0.4888926306653786,0.7285972659316673,10,COMPLETE,0.4
4,0.0049628244822015315,2024-10-17 23:30:30.031200,2024-10-17 23:30:30.866416,0 days 00:00:00.835216,0.0044494138867192164,0.0004516781354631699,0.9841796525095903,0.007787450248300182,0.004063256962570904,0.07227896679825134,6,54,8.402130895320168,0.797587146851574,123,135,0.1423061749048491,0.14522786777613828,0.6370436274892957,4,COMPLETE,0.4
5,0.004505751832208043,2024-10-17 23:30:30.866707,2024-10-17 23:30:41.903558,0 days 00:00:11.036851,4.213693642651841e-06,0.005916057301684159,0.7702741725386734,1.1868261094224259e-06,0.025374266307634362,0.015804565968574793,9,30,6.89321583479212,0.7588864383084394,863,128,0.259211273149345,0.12672211777315,0.7864868362322057,1,COMPLETE,0.4
6,0.0048595165418471396,2024-10-17 23:30:41.903900,2024-10-17 23:30:49.503432,0 days 00:00:07.599532,0.0004749316194061467,0.054496447237418956,0.8009453923110662,6.062685312426852e-06,0.05452788732376493,0.011276968309155293,6,53,4.70899152689267,0.5423012700858713,897,119,0.2722435627272727,0.27169236076907866,0.8957589859498871,6,COMPLETE,0.4
7,0.004746579531917495,2024-10-17 23:30:49.503722,2024-10-17 23:30:54.165935,0 days 00:00:04.662213,1.0180638529947718e-05,0.0009459437763755198,0.9483539296310788,5.3066909011846204e-06,0.00027300309139271687,0.015225843079603943,8,95,9.178479738133278,0.6128757037267398,550,166,0.06099621333195082,0.8043115769451128,0.5101549811600796,2,COMPLETE,0.4
8,0.004269204601872614,2024-10-17 23:30:54.166227,2024-10-17 23:31:06.548358,0 days 00:00:12.382131,2.126632017680663e-05,0.0008965612306807308,0.7483000722835009,0.0001459874963791455,9.908747155512898e-05,0.020724759368128575,15,22,8.827084262107862,0.3669787679451004,684,78,0.8092561727648524,0.5507393997961332,0.9213480633233269,2,COMPLETE,0.4
9,0.0038765302291673257,2024-10-17 23:31:06.548659,2024-10-17 23:31:23.173560,0 days 00:00:16.624901,1.0362249992699535e-05,3.752934656223628e-06,0.7415734334160342,4.054806059520146e-06,0.009712483901544352,0.08726928616499696,15,85,6.590354147239173,0.20035834255766838,920,281,0.07373211917900835,0.518806463977018,0.5813931964304055,8,COMPLETE,0.4
10,0.0039911682119721,2024-10-17 23:31:23.173921,2024-10-17 23:31:42.630185,0 days 00:00:19.456264,0.09679358868640378,1.2872657964770646e-06,0.6512646031547151,0.0017698759986820277,0.006078154095064939,0.045596448841986235,15,94,3.5919636236162105,0.022748470517545805,994,283,0.43315809101478453,0.6473354912848424,0.6418048895936189,8,COMPLETE,0.4
11,0.003995634359538033,2024-10-17 23:31:42.630460,2024-10-17 23:32:02.840234,0 days 00:00:20.209774,0.08390869197960048,1.1990577267720397e-06,0.6314689247495506,0.0007645605550100943,0.003499731040239853,0.04405777758006502,15,97,3.144908341320865,0.0016494339417226223,971,287,0.49108767659435665,0.6603863568965003,0.6119940426772567,8,COMPLETE,0.4
12,0.0037686000781609465,2024-10-17 23:32:02.840589,2024-10-17 23:32:27.619367,0 days 00:00:24.778778,0.04753878621770567,1.9473728396980188e-05,0.6547821205361879,0.0015875972936493273,0.003190559006747006,0.09826008573285581,18,78,2.9973867277350266,0.04411817247796926,991,287,0.42294980931991727,0.9421329995062137,0.6504067003768402,8,COMPLETE,0.4
13,0.0044623639233858006,2024-10-17 23:32:27.619661,2024-10-17 23:32:31.264114,0 days 00:00:03.644453,0.003189028614336242,2.8627074532891403e-05,0.68676460727872,0.00011715427431902797,0.0016925956636278808,0.0840600856626432,20,74,1.8591328087513397,0.18675699733760587,506,28,0.3695169923533108,0.9949482936367757,0.715133010027288,10,COMPLETE,0.4
14,0.003838819228514969,2024-10-17 23:32:31.264413,2024-10-17 23:32:53.489357,0 days 00:00:22.224944,0.0003597213240350059,3.3709532528691464e-05,0.5170564305301149,0.0036416129315687347,0.013304636083985053,0.09844978639158514,18,75,4.465930687787459,0.17654399481669134,825,297,0.6661270196980662,0.9857966000153752,0.5954374325613111,6,COMPLETE,0.4
15,0.003797905796310131,2024-10-17 23:32:53.489647,2024-10-17 23:33:17.479793,0 days 00:00:23.990146,0.010179569431941055,5.403150940408483e-05,0.5133069266468459,0.07236333944199515,0.08803326338373657,0.06059744826318238,18,65,4.289144854233433,0.16937215560870475,796,244,0.5854030080996689,0.9173467473854279,0.6837185593767341,5,COMPLETE,0.4
16,0.005420067807099115,2024-10-17 23:33:17.480201,2024-10-17 23:33:18.387600,0 days 00:00:00.907399,0.01012215780090243,0.00011764003366746479,0.5102378069926388,0.08339597112923526,0.07205370534343275,0.0604317894880248,3,64,2.209878007451466,0.9563456731475755,395,250,0.6405873286920194,0.8614186268125358,0.8089575126665054,5,COMPLETE,0.4
17,0.0038626379617592447,2024-10-17 23:33:18.387895,2024-10-17 23:33:41.346226,0 days 00:00:22.958331,0.01925744241523444,0.0001135073733652581,0.5852127687504598,0.0656171763936938,3.3349579225971848e-06,0.03568186500382715,18,64,0.09277890852612636,0.1285447312490729,754,189,0.5601687090863643,0.8684493726612728,0.6827045288780821,4,COMPLETE,0.4
18,0.004146596167750366,2024-10-17 23:33:41.346536,2024-10-17 23:33:52.175387,0 days 00:00:10.828851,0.001687756693822499,1.3225785840267282e-05,0.5694472937716495,0.014390976698247003,0.0010685655018919157,0.06026570226682949,13,80,3.44877365726271,0.2867732400449309,599,257,0.3331039250135357,0.6945167148169246,0.8284885779087922,7,COMPLETE,0.4
19,0.0038649133711662056,2024-10-17 23:33:52.175687,2024-10-17 23:34:24.927019,0 days 00:00:32.751332,0.027685240932064998,0.00011494465776359716,0.6749830590910765,0.0005077990398030857,1.4542646000495675e-05,0.026942017772161927,18,63,1.5331562066334041,0.08923566990481359,991,196,0.7520082488263684,0.3711785224102727,0.6777098071844065,5,COMPLETE,0.4
0,0.004819266153664019,2024-10-17 23:37:04.328805,2024-10-17 23:37:06.481382,0 days 00:00:02.152577,0.0006625823320862333,1.7381361051742204e-06,0.6084919078283277,0.0004966567441349047,0.00010940210714837896,0.07413099936941209,4,58,0.059212043639712886,0.06103928953768645,561,58,0.09447058512592577,0.1850351331582678,0.7569553284941911,5,COMPLETE,0.5
1,0.004329969252734805,2024-10-17 23:37:06.481668,2024-10-17 23:37:08.812055,0 days 00:00:02.330387,7.0415368614446305e-06,0.0001376690076906281,0.8447168167364623,2.0551445550092633e-05,0.001458130874702767,0.036973825417074335,12,78,0.29587812889228343,0.10685732963227346,129,85,0.028015094725224565,0.20750487749463142,0.7224244870963759,3,COMPLETE,0.5
2,0.0037247738807699355,2024-10-17 23:37:08.812343,2024-10-17 23:37:20.730535,0 days 00:00:11.918192,0.002252027661058192,0.0001735612631757819,0.692839488095516,1.4996302243326876e-06,0.09194069219480802,0.05323728933962189,11,35,2.056755079333869,0.043211204223836175,692,82,0.9294472512357261,0.2700619620671505,0.8778900409973889,3,COMPLETE,0.5
3,0.003413957490050808,2024-10-17 23:37:20.730818,2024-10-17 23:37:47.030218,0 days 00:00:26.299400,0.0004250233659482222,1.269868151936022e-06,0.8871817122256971,0.003222161157210479,0.00961163601650273,0.06458690415339353,20,14,4.154725613195274,0.04885590796304362,684,182,0.019673258524250836,0.4014540929081175,0.5213702010444984,1,COMPLETE,0.5
4,0.004283122016562399,2024-10-17 23:37:47.030704,2024-10-17 23:37:54.507795,0 days 00:00:07.477091,0.011477376098680978,1.9191281075685794e-05,0.7679024127521741,7.904737665837003e-06,1.0681007951924553e-05,0.016219485562427166,10,39,5.918947898224058,0.8355176721741852,679,117,0.8043539555013572,0.8298746724666917,0.6246508446324619,10,COMPLETE,0.5
5,0.004235714660186587,2024-10-17 23:37:54.508258,2024-10-17 23:38:03.963634,0 days 00:00:09.455376,3.875084195527283e-05,0.03330884835037232,0.8763399113577566,5.531095038106677e-06,0.0011284539281790063,0.010488556906421167,13,67,2.9035001131007174,0.5938442848599319,549,90,0.4153835181194576,0.28716893254196196,0.6378029796544853,6,COMPLETE,0.5
6,0.004420338484144847,2024-10-17 23:38:03.963930,2024-10-17 23:38:09.604840,0 days 00:00:05.640910,0.00019997631595969546,5.37961991798797e-05,0.6683190235250692,3.1132557419392623e-06,9.737334938568327e-06,0.021339616721267215,6,9,2.2301119332341406,0.43163345981652124,691,190,0.9072552819928255,0.6993646992124971,0.698137949760113,1,COMPLETE,0.5
7,0.004009131713072702,2024-10-17 23:38:09.605136,2024-10-17 23:38:14.860164,0 days 00:00:05.255028,0.000458726960399017,0.01865227621362185,0.8813912151141048,0.0010490563935835278,0.01754308244439361,0.06963936754708065,11,71,0.5161523953034688,0.3688411044407567,438,181,0.06436471799726273,0.4120764987998363,0.5538803978816514,10,COMPLETE,0.5
8,0.004062964888114471,2024-10-17 23:38:14.860477,2024-10-17 23:38:18.398762,0 days 00:00:03.538285,0.020919473062267564,1.882568150570482e-05,0.9171714006720979,7.97992638867636e-05,6.981098441318916e-05,0.08363027910642408,8,38,2.15236926002108,0.004416052647722268,332,247,0.1529560042467285,0.6595250560071869,0.817800664635753,10,COMPLETE,0.5
9,0.004380631431348669,2024-10-17 23:38:18.399085,2024-10-17 23:38:24.944418,0 days 00:00:06.545333,0.0009326798507992036,0.0012693885218986118,0.7072311430510148,0.012238411664974096,0.01628081415362858,0.024730076789834236,7,10,3.7564035060895336,0.9896518347846375,836,173,0.07351659705979763,0.6677584800326224,0.6504188731707211,5,COMPLETE,0.5
10,0.0038220711473996747,2024-10-17 23:38:24.944811,2024-10-17 23:38:45.968682,0 days 00:00:21.023871,1.5906529400694398e-06,1.0114256422258215e-06,0.5114855973335479,0.08432555243929771,0.0044787566253501965,0.042218456217059094,20,96,8.437157463242256,0.26645789271123443,947,280,0.4057796957709287,0.9797681241934512,0.5026257933014974,1,COMPLETE,0.5
11,0.004161954970405192,2024-10-17 23:38:45.968987,2024-10-17 23:38:51.157266,0 days 00:00:05.188279,0.004846425110865802,0.001423241746676209,0.9927059965375411,0.0032387744507840566,0.06742813488477475,0.053609476862040505,16,29,5.623697923158785,0.21712102722547305,803,23,0.6603742135869588,0.030381723832332952,0.9836192115041246,3,COMPLETE,0.5
12,0.0035268073039856533,2024-10-17 23:38:51.157594,2024-10-17 23:39:09.822586,0 days 00:00:18.664992,0.08120407767609335,3.959902214493742e-06,0.7756766071182748,8.788181992582882e-05,0.0730077607704626,0.05205338140664781,16,27,4.3967889623944405,0.21825943825779323,697,132,0.6015456790587248,0.43797210468257103,0.8937135700020461,3,COMPLETE,0.5
13,0.003778789749423035,2024-10-17 23:39:09.822882,2024-10-17 23:39:19.216718,0 days 00:00:09.393836,0.09308784137579708,5.560451953628045e-06,0.7916168316675396,0.0001508794882280359,0.008119131471937194,0.09346391548197762,20,19,7.600088872832696,0.5650465710503951,995,228,0.589310183712371,0.4543237045833799,0.9385667037798306,2,COMPLETE,0.5
14,0.003508861576332259,2024-10-17 23:39:19.217030,2024-10-17 23:39:33.630460,0 days 00:00:14.413430,8.560887850892713e-05,4.550895796942981e-06,0.9786558004993011,0.00753619234346201,1.2167183716015704e-06,0.05384077289373549,17,22,4.632744735777209,0.24495230520675018,526,137,0.272242322868611,0.53851576210148,0.8309354142048309,7,COMPLETE,0.5
15,0.0038817581879440092,2024-10-17 23:39:33.630760,2024-10-17 23:39:41.964805,0 days 00:00:08.334045,7.918947632113683e-05,9.468264802168775e-06,0.9609166564928255,0.014217500036416612,2.8789410825938885e-06,0.029647402387589308,17,49,6.798884059115924,0.3385583275529409,323,142,0.2584301052274493,0.5631280193777046,0.7993744698641019,7,COMPLETE,0.5
16,0.003459735965090528,2024-10-17 23:39:41.965729,2024-10-17 23:40:01.846242,0 days 00:00:19.880513,1.9278717096008808e-05,1.042649364895813e-06,0.9490469887348596,0.004313376847210586,1.3073289221205386e-06,0.06408262245979324,18,19,9.366308838611449,0.1705336067974761,503,214,0.2541337026849245,0.573445063320654,0.5520965137258627,8,COMPLETE,0.5
17,0.0038750719518046836,2024-10-17 23:40:01.846547,2024-10-17 23:40:08.358146,0 days 00:00:06.511599,2.0885314619190364e-05,1.0084463912704527e-06,0.8337408080056053,0.0867575136314265,0.00026847876954220605,0.06685111770358684,14,10,9.66962309492855,0.6898475068167934,405,217,0.2623436751809589,0.8347667067009059,0.5650243197106037,8,COMPLETE,0.5
18,0.004023930869944379,2024-10-17 23:40:08.358477,2024-10-17 23:40:14.594681,0 days 00:00:06.236204,5.56745644429448e-06,0.001648550948883438,0.9186272048208569,0.0015177682026962956,3.5057730415268064e-05,0.036802604097329245,19,49,9.840035198966874,0.15754275455838684,193,271,0.18804395004467578,0.3549583813399282,0.5275402751024343,9,COMPLETE,0.5
19,0.003325308243703873,2024-10-17 23:40:14.594981,2024-10-17 23:40:50.322717,0 days 00:00:35.727736,1.3977611347127e-06,4.875027898675669e-05,0.9185907905992392,0.02127638170042483,0.0009320615525883813,0.09750008361030302,18,5,8.504180324518263,0.13945696922297618,810,206,0.40280134645781246,0.0637325135461323,0.5901400937969483,8,COMPLETE,0.5
0,0.005067585162084741,2024-10-17 23:44:52.759065,2024-10-17 23:44:53.229248,0 days 00:00:00.470183,1.1510275580583518e-05,0.07948739826070944,0.7420380987637241,0.0018006042997675508,0.02609698201953212,0.08258805081446931,3,27,1.4773406877671165,0.24273469908132428,213,20,0.3944047390504285,0.3181209476812281,0.5564416879807768,2,COMPLETE,0.6
1,0.004844532161624895,2024-10-17 23:44:53.229564,2024-10-17 23:44:54.702430,0 days 00:00:01.472866,0.004919842427994076,0.05637344009113101,0.9118548845569805,0.007976767195686164,1.507295082321757e-05,0.039325704140531346,4,69,4.158752641079205,0.5649727587540494,434,143,0.47403630342187486,0.8686198378630148,0.9967589894048089,6,COMPLETE,0.6
2,0.004831426798754439,2024-10-17 23:44:54.702731,2024-10-17 23:44:57.302968,0 days 00:00:02.600237,0.02557915419554925,0.0010684646266668598,0.6829711978653021,3.45851333901772e-05,3.035913428767378e-06,0.015390362037526608,4,49,1.0656688423882128,0.40501275339052123,826,52,0.6034352387079495,0.6311251810743402,0.6677861864837601,1,COMPLETE,0.6
3,0.005037608436469078,2024-10-17 23:44:57.303389,2024-10-17 23:44:59.677606,0 days 00:00:02.374217,0.04431147742677922,0.0005203390257914896,0.9752986436747832,0.00033208935180549813,0.0001764931662714917,0.012360846069007619,11,47,6.589664770712237,0.531155673118046,164,71,0.7335871084004284,0.33366842435008315,0.5263386068626874,6,COMPLETE,0.6
4,0.0038149765274525555,2024-10-17 23:44:59.677890,2024-10-17 23:45:14.557388,0 days 00:00:14.879498,0.005524153471356503,0.056377526987816076,0.9286413401192846,0.0005965664234655023,1.1719849319045715e-05,0.019590762235484047,18,24,5.550605460321694,0.3773287358952373,378,249,0.8174440506991867,0.4047352867750793,0.9604464200109717,5,COMPLETE,0.6
5,0.004145174023003938,2024-10-17 23:45:14.557800,2024-10-17 23:45:17.257508,0 days 00:00:02.699708,0.002456215789798086,0.0031558237510929993,0.7316823746970845,0.09682740648208696,0.000740095640092718,0.08387378612513151,19,61,8.194672200462914,0.5276973375220381,167,90,0.3712590340864622,0.5200814482114726,0.7015132227095661,4,COMPLETE,0.6
6,0.004428308000395108,2024-10-17 23:45:17.257801,2024-10-17 23:45:20.442183,0 days 00:00:03.184382,0.022477435420689727,0.006954541575243111,0.6615729753620616,0.0020944114401697574,7.529814475197202e-05,0.025520864465214517,12,53,5.856714215272571,0.4783968501601016,358,35,0.3103210507412004,0.45774813788811697,0.9144568671815752,6,COMPLETE,0.6
7,0.004738738809315118,2024-10-17 23:45:20.442523,2024-10-17 23:45:23.595663,0 days 00:00:03.153140,0.003230707184032903,0.003882578802667135,0.6132023612759236,0.000309525507910035,1.203280198546312e-05,0.016002721079331404,5,83,3.4805477513008327,0.9226878818399669,706,58,0.1668265965249014,0.9378508995505788,0.8683075903132809,1,COMPLETE,0.6
8,0.0040471597614529205,2024-10-17 23:45:23.595972,2024-10-17 23:45:42.936519,0 days 00:00:19.340547,0.002143535866944024,0.0003023060848374855,0.5469602409454996,4.946302515340688e-06,2.2152049394644906e-06,0.011784822749016903,13,17,6.610648492610112,0.46713287309002127,596,235,0.2354335020912165,0.4901531701829748,0.574583383136311,2,COMPLETE,0.6
9,0.004659866984772465,2024-10-17 23:45:42.936827,2024-10-17 23:45:47.288942,0 days 00:00:04.352115,0.007656079055301978,0.0006167577302961128,0.8709783404399549,0.013218634723215139,0.03851651858121391,0.028945541080600982,5,20,4.86417560234348,0.7967147739447372,906,194,0.9264810480169126,0.3392881826525457,0.8053155845417401,8,COMPLETE,0.6
10,0.0035609120533908025,2024-10-17 23:45:47.289245,2024-10-17 23:46:13.141502,0 days 00:00:25.852257,8.229595001605174e-05,1.0067199657900193e-05,0.8219284951861565,1.1672052378042265e-06,0.0016084338270880008,0.04102847393003269,20,6,9.246371389039002,0.012293734279843205,414,295,0.0038353612577887164,0.04989389923148024,0.9981746503951616,10,COMPLETE,0.6
11,0.0034741002271573575,2024-10-17 23:46:13.142066,2024-10-17 23:46:38.505492,0 days 00:00:25.363426,9.031686991360527e-05,6.583010475624902e-06,0.8379256973039749,1.656549076911953e-06,0.0028628710110579114,0.04577698261268566,20,5,9.342357926308363,0.00451653881081513,405,294,0.03257246432736827,0.034418386145479485,0.9884979776427176,10,COMPLETE,0.6
12,0.003551337091525588,2024-10-17 23:46:38.505800,2024-10-17 23:47:07.737789,0 days 00:00:29.231989,4.194433484794361e-05,4.885160050850935e-06,0.8344119645946965,1.1128571509441376e-06,0.0026636347539007667,0.0478122461791181,16,5,9.955413827953212,0.08057045304662454,506,294,0.014735038726044331,0.001491719098980604,0.8310427204912663,10,COMPLETE,0.6
13,0.003501487302440823,2024-10-17 23:47:07.738109,2024-10-17 23:47:41.572653,0 days 00:00:33.834544,1.1840931042157715e-06,1.35488111236136e-06,0.8037915725355277,1.4071163802632777e-05,0.004479789887253132,0.057234650475032976,16,7,9.588523783207764,0.05035577048748447,568,290,0.021813791625893284,0.0029951290414084175,0.8186751730802604,10,COMPLETE,0.6
14,0.0036355391007926725,2024-10-17 23:47:41.572962,2024-10-17 23:48:02.671031,0 days 00:00:21.098069,1.3525484770008328e-06,1.4197092016305088e-06,0.7810218020711579,1.842442284605342e-05,0.007957025149182487,0.059375098521442814,16,33,8.311143577635741,0.17996372211052877,634,248,0.1365680981756388,0.1557575571112112,0.7741358603122277,8,COMPLETE,0.6
15,0.003677915899192201,2024-10-17 23:48:02.671333,2024-10-17 23:48:24.946241,0 days 00:00:22.274908,1.126706514553434e-06,3.829509079789198e-05,0.7998621610095402,5.1665695478881266e-05,0.08957613445282182,0.05497521825648519,17,38,8.160920350230288,0.2117654595717515,739,195,0.10734830621326266,0.18133626996043628,0.905513825628466,8,COMPLETE,0.6
16,0.0038321899501659296,2024-10-17 23:48:24.946602,2024-10-17 23:48:40.340944,0 days 00:00:15.394342,0.00044236285668627576,5.368893973631473e-05,0.9907006465677841,1.2138024129189154e-05,0.007027623839543177,0.0663742919625904,14,93,7.361570203663814,0.0049055374783460864,991,131,0.25139744768348893,0.16384001461795322,0.7073690465486793,9,COMPLETE,0.6
17,0.00417986095394401,2024-10-17 23:48:40.341334,2024-10-17 23:48:45.968706,0 days 00:00:05.627372,6.691156736940266e-06,1.521442989568791e-06,0.8837611163743713,3.4546285009663638e-06,0.0002853761931001842,0.03599737072713972,9,13,9.876719544983748,0.12739138123162191,297,271,0.5815229779852588,0.6864983421973723,0.6234191655167121,9,COMPLETE,0.6
18,0.004002096464372293,2024-10-17 23:48:45.969007,2024-10-17 23:48:51.031546,0 days 00:00:05.062539,0.0002930598026326833,8.75191677749305e-06,0.7116514166230821,0.00010008498924232465,0.006963097121357392,0.09728944213895994,20,36,8.885993196798937,0.6822788843849368,509,207,0.06464843959642416,0.1067851392142111,0.8581951504925084,10,COMPLETE,0.6
19,0.0036478502801611215,2024-10-17 23:48:51.031979,2024-10-17 23:49:20.434928,0 days 00:00:29.402949,7.785529063286825e-06,5.972097899445424e-05,0.5119852730296142,4.609058673654004e-06,0.0017005416183366458,0.07046816714715762,15,12,2.9312400756422554,0.28774133290396003,680,222,0.19143223514002575,0.24145857781700938,0.7568264097587989,7,COMPLETE,0.6
