number,value,datetime_start,datetime_complete,duration,params_colsample_bytree,params_learning_rate,params_max_depth,params_n_estimators,params_reg_alpha,params_reg_lambda,params_subsample,state,alpha
0,0.002002362058919228,2024-10-26 15:50:42.575983,2024-10-26 15:50:46.014199,0 days 00:00:03.438216,0.9952491359087894,0.08432315983158654,6,663,5.545255827773227,0.7501423942884912,0.4019142162479281,COMPLETE,0.1
1,0.001936122208301902,2024-10-26 15:50:46.014407,2024-10-26 15:50:46.888718,0 days 00:00:00.874311,0.9475114530557585,0.018219169092854495,5,161,0.709769489006472,5.822514734969242,0.5760908385359567,COMPLETE,0.1
2,0.001587829527920153,2024-10-26 15:50:46.888909,2024-10-26 15:50:53.674832,0 days 00:00:06.785923,0.8950968879182457,0.06253250813182454,9,814,0.6647632003628682,7.694332269053757,0.6260553662139411,COMPLETE,0.1
3,0.001931711693180824,2024-10-26 15:50:53.675089,2024-10-26 15:50:58.273985,0 days 00:00:04.598896,0.9925456295759503,0.08580417909247469,6,792,1.8908347003206503,2.6704745360707736,0.5317140428855356,COMPLETE,0.1
4,0.001773404403587713,2024-10-26 15:50:58.274169,2024-10-26 15:51:04.265983,0 days 00:00:05.991814,0.6625823849335342,0.0705927373237824,6,896,4.316190190266506,5.246534979187471,0.9211478970347781,COMPLETE,0.1
5,0.001713074057727143,2024-10-26 15:51:04.266195,2024-10-26 15:51:09.620773,0 days 00:00:05.354578,0.531894364536794,0.07583525696670197,9,738,5.1816529377614655,1.8802266645648715,0.5836318627665286,COMPLETE,0.1
6,0.0018510290327267305,2024-10-26 15:51:09.620967,2024-10-26 15:51:14.178669,0 days 00:00:04.557702,0.8609019263553911,0.0594856713905506,6,731,6.757138186871397,3.278068534517034,0.6028424899672303,COMPLETE,0.1
7,0.0019970412292659345,2024-10-26 15:51:14.178881,2024-10-26 15:51:15.437182,0 days 00:00:01.258301,0.49072854556545575,0.09878018132156427,7,148,7.974507587570657,9.849433041794084,0.9758756049929233,PRUNED,0.1
8,0.0016309048478170545,2024-10-26 15:51:15.437413,2024-10-26 15:51:24.849777,0 days 00:00:09.412364,0.6857856280293917,0.05502300712927576,9,923,1.623616107246683,6.414735641176206,0.888992931085994,COMPLETE,0.1
9,0.0020983135157208524,2024-10-26 15:51:24.850199,2024-10-26 15:51:28.910143,0 days 00:00:04.059944,0.8782098497156884,0.06534885110490128,6,648,9.578551026932614,4.511705193794081,0.5690206731303205,PRUNED,0.1
10,0.0021495708704677525,2024-10-26 15:51:28.910264,2024-10-26 15:51:30.634546,0 days 00:00:01.724282,0.21105573873049183,0.03354378692546669,3,417,3.174224171419214,8.600391618333752,0.20592629015155783,PRUNED,0.1
11,0.0015122231306441472,2024-10-26 15:51:30.634766,2024-10-26 15:51:40.496443,0 days 00:00:09.861677,0.7110506485828706,0.04261026520382876,9,985,0.14973697877617909,7.320907001082727,0.7991183451689389,COMPLETE,0.1
12,0.0016136709168922297,2024-10-26 15:51:40.496618,2024-10-26 15:51:49.465905,0 days 00:00:08.969287,0.7514230342503561,0.03577636713253154,8,980,0.14153269982761696,7.2947493666828365,0.7666755081806836,COMPLETE,0.1
13,0.0018165634307823815,2024-10-26 15:51:49.466091,2024-10-26 15:51:53.511939,0 days 00:00:04.045848,0.7847981602713566,0.040168645060184624,8,480,2.896527856266102,7.838240314285068,0.760489287495913,PRUNED,0.1
14,0.0019122440773213433,2024-10-26 15:51:53.512060,2024-10-26 15:52:00.717926,0 days 00:00:07.205866,0.457250915408859,0.0066841286602151995,8,855,0.10104608145315919,9.416571638771648,0.7465427496086553,PRUNED,0.1
15,0.0018760978100650606,2024-10-26 15:52:00.718145,2024-10-26 15:52:03.801971,0 days 00:00:03.083826,0.3121119974121148,0.04582903231312779,9,347,2.0529456698552044,7.053718648024908,0.6914289480123381,PRUNED,0.1
16,0.0017104825920303073,2024-10-26 15:52:03.802092,2024-10-26 15:52:09.181155,0 days 00:00:05.379063,0.815113135111058,0.023316312407903297,4,974,3.7161966629556153,8.330321130069507,0.4259107702084921,COMPLETE,0.1
17,0.0016464204713801808,2024-10-26 15:52:09.181539,2024-10-26 15:52:14.256928,0 days 00:00:05.075389,0.6251247298020749,0.05242440033493891,7,596,1.1298175810627717,4.792801213834139,0.8351264516642688,COMPLETE,0.1
18,0.0018720647357587286,2024-10-26 15:52:14.257290,2024-10-26 15:52:20.508855,0 days 00:00:06.251565,0.7153289500662833,0.02369389781225293,8,811,2.5502594222289328,6.366049131138259,0.41024083908595943,PRUNED,0.1
19,0.0016286377203733767,2024-10-26 15:52:20.508976,2024-10-26 15:52:28.662071,0 days 00:00:08.153095,0.5488605031352154,0.04513997171022729,7,998,1.020355006212335,8.770326584782785,0.6781006237031771,COMPLETE,0.1
0,0.002904497422507039,2024-10-26 15:52:38.748706,2024-10-26 15:52:43.670950,0 days 00:00:04.922244,0.5881248214669197,0.03129762097856641,7,591,7.625853374904278,1.6804652012660777,0.9591646994296426,COMPLETE,0.2
1,0.0032836979985406186,2024-10-26 15:52:43.671130,2024-10-26 15:52:50.394849,0 days 00:00:06.723719,0.4852597925388198,0.007570278035369596,7,940,9.416248953560515,3.3556754522746512,0.6166582676684168,COMPLETE,0.2
2,0.0031446440060091713,2024-10-26 15:52:50.395051,2024-10-26 15:52:53.715851,0 days 00:00:03.320800,0.7214794566735127,0.07609623888679948,8,465,7.318211612826438,7.224894534250507,0.5625426484226159,COMPLETE,0.2
3,0.002998152155217193,2024-10-26 15:52:53.716062,2024-10-26 15:52:58.756889,0 days 00:00:05.040827,0.281514423347633,0.08242960270703278,6,695,5.885494219402403,2.4111190315608617,0.8031119190133507,COMPLETE,0.2
4,0.0035017950436394387,2024-10-26 15:52:58.757063,2024-10-26 15:53:03.557080,0 days 00:00:04.800017,0.24826780346343558,0.02036595002444735,9,651,8.048156815215174,1.6934982686902793,0.3065024683346918,COMPLETE,0.2
5,0.0027236162579199474,2024-10-26 15:53:03.557254,2024-10-26 15:53:12.989752,0 days 00:00:09.432498,0.4843470442194166,0.02716054075769151,9,999,2.8128809871815537,3.67386046856994,0.579348141467945,COMPLETE,0.2
6,0.0027522742095608876,2024-10-26 15:53:12.990179,2024-10-26 15:53:16.712449,0 days 00:00:03.722270,0.7681133331361334,0.04972083590064402,3,669,0.21255620745065978,9.211288402848796,0.4686752239343009,COMPLETE,0.2
7,0.0033933239912016383,2024-10-26 15:53:16.712628,2024-10-26 15:53:21.848162,0 days 00:00:05.135534,0.2087350485282011,0.02963428934600905,8,631,5.750628258589335,1.244097325424209,0.7961351546276468,PRUNED,0.2
8,0.0025525481284136725,2024-10-26 15:53:21.848292,2024-10-26 15:53:24.339319,0 days 00:00:02.491027,0.866222023825586,0.08795757544059475,4,368,8.912424730448873,4.528424172519185,0.8635800132182878,COMPLETE,0.2
9,0.0032350463322605746,2024-10-26 15:53:24.339488,2024-10-26 15:53:29.191316,0 days 00:00:04.851828,0.2681551255811354,0.038965205075287376,8,610,8.028993954018768,1.29965687633762,0.6396373600437646,PRUNED,0.2
10,0.0027122212957669564,2024-10-26 15:53:29.191441,2024-10-26 15:53:30.216137,0 days 00:00:01.024696,0.9970020989975854,0.09837236051927666,3,140,3.419355847264421,5.992010030566558,0.9775268253742525,COMPLETE,0.2
11,0.0026860425052168363,2024-10-26 15:53:30.216305,2024-10-26 15:53:31.073576,0 days 00:00:00.857271,0.9748090891572335,0.0983282243240167,3,122,3.4769278465965336,5.879663182098771,0.9793503205163382,COMPLETE,0.2
12,0.002755795998392532,2024-10-26 15:53:31.073987,2024-10-26 15:53:31.804858,0 days 00:00:00.730871,0.9726930704556767,0.09943388991308533,4,101,3.0394826912248396,5.498674850154946,0.8257061876854952,COMPLETE,0.2
13,0.002849912918374283,2024-10-26 15:53:31.805033,2024-10-26 15:53:34.021055,0 days 00:00:02.216022,0.8309781825679892,0.07048268436608351,5,299,9.982971605749126,7.252927994106013,0.8885025843290721,PRUNED,0.2
14,0.0025797783531567435,2024-10-26 15:53:34.021181,2024-10-26 15:53:36.304538,0 days 00:00:02.283357,0.8888149465960062,0.060106370052319766,4,294,4.343115764682974,4.541700017327118,0.9959287631056453,COMPLETE,0.2
15,0.002892239363066478,2024-10-26 15:53:36.304708,2024-10-26 15:53:39.039898,0 days 00:00:02.735190,0.854455809307765,0.060346202656654205,5,381,4.874244416855528,4.347648201626982,0.7169039730621884,PRUNED,0.2
16,0.0026654905949575636,2024-10-26 15:53:39.040130,2024-10-26 15:53:41.072505,0 days 00:00:02.032375,0.6697395108064297,0.06163855457134314,4,271,1.5977926880463036,7.391968450137411,0.8829526413834943,COMPLETE,0.2
17,0.0032586542534531145,2024-10-26 15:53:41.072674,2024-10-26 15:53:43.702552,0 days 00:00:02.629878,0.8748056684208642,0.08588845260614784,5,470,5.490265294507888,0.31442901012985747,0.26470952825564475,PRUNED,0.2
18,0.0026222969839964595,2024-10-26 15:53:43.702676,2024-10-26 15:53:45.409393,0 days 00:00:01.706717,0.6096463962192948,0.04955897599742902,4,257,4.420443312227974,4.633466374998236,0.7232973671225205,COMPLETE,0.2
19,0.0033660603046584245,2024-10-26 15:53:45.409603,2024-10-26 15:53:50.606602,0 days 00:00:05.196999,0.8954158836527932,0.08480197414489458,6,796,7.019047772506349,2.867386459223458,0.4288428954933968,PRUNED,0.2
0,0.0042754738101725975,2024-10-26 15:53:53.139069,2024-10-26 15:53:58.230231,0 days 00:00:05.091162,0.8740839089334339,0.08050474848901185,6,737,7.342208785879521,5.553567884970474,0.669151337572525,COMPLETE,0.3
1,0.004190212013043656,2024-10-26 15:53:58.230406,2024-10-26 15:53:58.995898,0 days 00:00:00.765492,0.268794099105046,0.08452713608329869,3,138,0.786245783091311,3.6049303090365235,0.5384075131586538,COMPLETE,0.3
2,0.003716773712441629,2024-10-26 15:53:58.996085,2024-10-26 15:54:04.418551,0 days 00:00:05.422466,0.36185668102084523,0.018452029523395794,4,878,6.141388766156708,3.1262348183066364,0.6271094614516479,COMPLETE,0.3
3,0.003530148613322605,2024-10-26 15:54:04.418733,2024-10-26 15:54:11.099666,0 days 00:00:06.680933,0.4736054348313407,0.014192314143194558,6,827,3.313394868972329,1.5723545607252523,0.9192589569840685,COMPLETE,0.3
4,0.0037792385583062947,2024-10-26 15:54:11.099835,2024-10-26 15:54:16.381856,0 days 00:00:05.282021,0.2504841453890549,0.06310475205261835,9,576,5.304241629767455,0.874299096577736,0.8444018024193771,COMPLETE,0.3
5,0.004412300858961044,2024-10-26 15:54:16.382039,2024-10-26 15:54:25.080425,0 days 00:00:08.698386,0.6699274706408939,0.003082180192966568,9,960,2.4945019489974913,0.46331066727648706,0.4143060712924803,PRUNED,0.3
6,0.003980339094988102,2024-10-26 15:54:25.080670,2024-10-26 15:54:27.774406,0 days 00:00:02.693736,0.28309549608984613,0.04151526937481996,6,419,4.54897889978196,1.9461625195388113,0.3479668569290266,PRUNED,0.3
7,0.003878218555754821,2024-10-26 15:54:27.774526,2024-10-26 15:54:32.250676,0 days 00:00:04.476150,0.28017006113603343,0.08268783864887716,4,798,0.9083178377778867,7.184408192174613,0.4427288994278893,PRUNED,0.3
8,0.003850732388625388,2024-10-26 15:54:32.250797,2024-10-26 15:54:34.504275,0 days 00:00:02.253478,0.5688506165026426,0.07357311495016564,6,295,9.832993040749884,4.589602924939246,0.8337665776566098,PRUNED,0.3
9,0.003282218313325941,2024-10-26 15:54:34.504411,2024-10-26 15:54:36.018580,0 days 00:00:01.514169,0.9462737427470775,0.09600888612267523,3,288,2.173025098193839,5.811104405892048,0.48329025227921385,COMPLETE,0.3
10,0.003390708230938462,2024-10-26 15:54:36.018771,2024-10-26 15:54:36.600679,0 days 00:00:00.581908,0.9672826727380096,0.0999674608456472,3,115,2.590611996826576,9.528924705924318,0.23943945899237082,COMPLETE,0.3
11,0.00379319578391143,2024-10-26 15:54:36.601067,2024-10-26 15:54:37.110786,0 days 00:00:00.509719,0.9868412486027334,0.09438543292434294,3,105,2.5176968100645727,8.98560710024287,0.23269017511483409,PRUNED,0.3
12,0.0037331424026767882,2024-10-26 15:54:37.110936,2024-10-26 15:54:38.429665,0 days 00:00:01.318729,0.821278720343814,0.09456164733420103,4,278,0.1073020960790938,9.992763476533561,0.22945335316980878,PRUNED,0.3
13,0.0035378089642224223,2024-10-26 15:54:38.429783,2024-10-26 15:54:39.755175,0 days 00:00:01.325392,0.9869898234477984,0.050239570156918684,3,270,3.6964138187236792,7.036243619375099,0.3540192540932908,COMPLETE,0.3
14,0.0034577526885703445,2024-10-26 15:54:39.755347,2024-10-26 15:54:42.685659,0 days 00:00:02.930312,0.794732942734905,0.09837283231574218,5,465,1.6874576177221918,7.739543031191521,0.5133469906035311,COMPLETE,0.3
15,0.004002326561847756,2024-10-26 15:54:42.685831,2024-10-26 15:54:44.498142,0 days 00:00:01.812311,0.7112824776328381,0.06446420784274084,8,205,1.9314869389707097,5.78914050913664,0.7373673679132208,PRUNED,0.3
16,0.003368685910992314,2024-10-26 15:54:44.498380,2024-10-26 15:54:46.703357,0 days 00:00:02.204977,0.9102513754636546,0.04091482611945315,5,398,3.7585621241901874,8.610817561982522,0.3001939813968601,COMPLETE,0.3
17,0.0035970466729906567,2024-10-26 15:54:46.703586,2024-10-26 15:54:49.956088,0 days 00:00:03.252502,0.9019701805997279,0.03993178567218208,5,613,7.408510315265513,8.043099217113047,0.3366600732561619,PRUNED,0.3
18,0.0038364876489076732,2024-10-26 15:54:49.956214,2024-10-26 15:54:52.844778,0 days 00:00:02.888564,0.7413836264259622,0.030001718962629733,7,392,4.306176612517352,6.1613271238886345,0.521284132717813,PRUNED,0.3
19,0.003623333479532262,2024-10-26 15:54:52.844895,2024-10-26 15:54:55.816309,0 days 00:00:02.971414,0.5973014381570579,0.05372051209759324,5,490,5.554970669651146,4.293397259034359,0.4240174409959037,PRUNED,0.3
0,0.004743370540729464,2024-10-26 15:54:57.345642,2024-10-26 15:55:00.402739,0 days 00:00:03.057097,0.7762221349328446,0.08132228895211557,8,414,6.532475009549683,0.6125610580326244,0.34638036409040396,COMPLETE,0.4
1,0.004477350526484833,2024-10-26 15:55:00.402903,2024-10-26 15:55:08.524259,0 days 00:00:08.121356,0.2719279075116446,0.09609686560385235,9,981,4.78623918258995,7.859123886375573,0.3807938563974169,COMPLETE,0.4
2,0.004086412740563058,2024-10-26 15:55:08.524686,2024-10-26 15:55:09.948039,0 days 00:00:01.423353,0.7597534535475469,0.02081819883526237,6,210,7.79874728739741,5.599408720036891,0.7891055854975421,COMPLETE,0.4
3,0.0050243835585081645,2024-10-26 15:55:09.948226,2024-10-26 15:55:10.683048,0 days 00:00:00.734822,0.6774018240767972,0.012167038371393447,3,180,3.8517854673601257,2.9816722602913432,0.20954696433695208,COMPLETE,0.4
4,0.003719529544564084,2024-10-26 15:55:10.683222,2024-10-26 15:55:13.715505,0 days 00:00:03.032283,0.8429788358086534,0.04715322863419467,5,487,4.0510131535886575,1.5836317283737082,0.5078896666454761,COMPLETE,0.4
5,0.003994698594799787,2024-10-26 15:55:13.715673,2024-10-26 15:55:16.167694,0 days 00:00:02.452021,0.5131653729737227,0.019941657516688204,5,390,2.0926783186934474,3.8958888308056063,0.5129808943928931,COMPLETE,0.4
6,0.0039088849431922965,2024-10-26 15:55:16.167872,2024-10-26 15:55:18.135809,0 days 00:00:01.967937,0.5236426995270689,0.0685350853375004,7,290,5.74558053226486,0.3645867980658281,0.38079126638457333,COMPLETE,0.4
7,0.0048980860949466255,2024-10-26 15:55:18.135979,2024-10-26 15:55:23.879861,0 days 00:00:05.743882,0.9026591132370684,0.031724623712589654,9,626,7.087103572763873,1.7580445874472543,0.6908381880879517,PRUNED,0.4
8,0.003597748999417855,2024-10-26 15:55:23.879999,2024-10-26 15:55:25.501824,0 days 00:00:01.621825,0.8581427187200351,0.0970917026258731,3,308,6.151967940775068,4.765788057642775,0.42332356864280823,COMPLETE,0.4
9,0.0038229076542412067,2024-10-26 15:55:25.502009,2024-10-26 15:55:26.196562,0 days 00:00:00.694553,0.6925454020358558,0.0620651777470595,5,109,0.19469684099029536,7.573741463378094,0.6166104850106794,COMPLETE,0.4
10,0.0035713475090182268,2024-10-26 15:55:26.196730,2024-10-26 15:55:31.260477,0 days 00:00:05.063747,0.979564916976805,0.09909602787015177,3,696,9.574801754579081,5.762987863775841,0.9912006663074109,COMPLETE,0.4
11,0.0034155952154462585,2024-10-26 15:55:31.260643,2024-10-26 15:55:36.392232,0 days 00:00:05.131589,0.9892811557932408,0.09770801672843873,3,709,9.776757239931374,6.6352919836657245,0.9596177149924581,COMPLETE,0.4
12,0.003621500949193592,2024-10-26 15:55:36.392402,2024-10-26 15:55:41.356006,0 days 00:00:04.963604,0.9696781421326367,0.08216227141260521,3,728,9.55646978159523,9.820844705012602,0.9779668830520681,COMPLETE,0.4
13,0.0034111603275256168,2024-10-26 15:55:41.356180,2024-10-26 15:55:47.053878,0 days 00:00:05.697698,0.995737817416146,0.0808886714529536,4,809,9.888848755020366,6.547505748101943,0.9775896170974251,COMPLETE,0.4
14,0.004743860728419717,2024-10-26 15:55:47.054046,2024-10-26 15:55:52.922652,0 days 00:00:05.868606,0.3199643339304847,0.08045205005715238,4,867,8.255897582314194,7.239955567705825,0.8461771858489551,PRUNED,0.4
15,0.0031584210348423814,2024-10-26 15:55:52.922772,2024-10-26 15:55:58.138027,0 days 00:00:05.215255,0.9829088611077881,0.0541192008068169,4,810,9.77403524004759,9.358370809780002,0.8701508761171186,COMPLETE,0.4
16,0.003532218360795072,2024-10-26 15:55:58.138407,2024-10-26 15:56:03.763430,0 days 00:00:05.625023,0.5961066719248298,0.04724748912229792,4,850,8.434576148866514,9.819777224002582,0.8490121470642621,COMPLETE,0.4
17,0.0051757921306984185,2024-10-26 15:56:03.763606,2024-10-26 15:56:10.566432,0 days 00:00:06.802826,0.8984224520146097,0.059922477046803424,6,991,8.709884798549362,8.43394675606473,0.7652869125735946,PRUNED,0.4
18,0.004137820421325853,2024-10-26 15:56:10.566554,2024-10-26 15:56:16.449325,0 days 00:00:05.882771,0.3775857508481236,0.03777703251739496,4,859,9.97137303318926,8.953384954976324,0.9155762746188834,PRUNED,0.4
19,0.004569615448249456,2024-10-26 15:56:16.449449,2024-10-26 15:56:20.521416,0 days 00:00:04.071967,0.8063945538535688,0.05671838708758042,6,576,7.752517238382905,6.423272340428414,0.7171463787444436,PRUNED,0.4
0,0.005325627167748659,2024-10-26 15:56:25.648385,2024-10-26 15:56:26.366831,0 days 00:00:00.718446,0.3061518803536248,0.0400516670703497,7,101,9.18798840594045,9.099669103245972,0.8617483975040194,COMPLETE,0.5
1,0.006618054698837376,2024-10-26 15:56:26.366997,2024-10-26 15:56:32.910340,0 days 00:00:06.543343,0.23240361962414033,0.0933688690783095,7,894,1.2181210291133404,4.328996249563416,0.4753846917480473,COMPLETE,0.5
2,0.005712141666101892,2024-10-26 15:56:32.910579,2024-10-26 15:56:34.128556,0 days 00:00:01.217977,0.32850012009866125,0.012136359895345778,5,221,7.271516749657049,4.585725882786621,0.2656522318881755,COMPLETE,0.5
3,0.005442608507930113,2024-10-26 15:56:34.128737,2024-10-26 15:56:37.251141,0 days 00:00:03.122404,0.20554833896550032,0.01927640424314805,5,482,4.433552143531357,8.308546150084755,0.753781798723555,COMPLETE,0.5
4,0.003954259450076766,2024-10-26 15:56:37.251998,2024-10-26 15:56:41.092410,0 days 00:00:03.840412,0.5471780201724238,0.060965396492235265,3,874,4.5424113217088475,2.018548085499317,0.290502954270194,COMPLETE,0.5
5,0.004987688468974842,2024-10-26 15:56:41.092578,2024-10-26 15:56:43.554877,0 days 00:00:02.462299,0.982091450390878,0.08498577719114103,8,291,5.029586172835632,7.898360571369614,0.7938515482675266,COMPLETE,0.5
6,0.004227517132250121,2024-10-26 15:56:43.555050,2024-10-26 15:56:44.550580,0 days 00:00:00.995530,0.5165523186834647,0.06194175516450664,6,139,8.044616397152275,2.013968919033908,0.840274669778294,COMPLETE,0.5
7,0.004639874064272,2024-10-26 15:56:44.550757,2024-10-26 15:56:48.700892,0 days 00:00:04.150135,0.438737137235478,0.03114803155858309,6,745,4.5992221310186325,3.984486140033511,0.231955819247416,COMPLETE,0.5
8,0.004540291419620822,2024-10-26 15:56:48.701060,2024-10-26 15:56:50.170563,0 days 00:00:01.469503,0.446454074472324,0.09893623888321544,3,274,9.016933208528178,7.881379134306562,0.47108941324582077,COMPLETE,0.5
9,0.003849208060094417,2024-10-26 15:56:50.170741,2024-10-26 15:56:55.845318,0 days 00:00:05.674577,0.8259751706551501,0.05378858679971885,6,777,3.429907437206618,0.032678577525936114,0.6732618590680942,COMPLETE,0.5
10,0.005189436999737549,2024-10-26 15:56:55.845498,2024-10-26 15:57:02.214551,0 days 00:00:06.369053,0.7766369132611615,0.07274914217349879,9,645,1.0208090174926765,0.5668641677007427,0.63048230358965,PRUNED,0.5
11,0.003792227904463846,2024-10-26 15:57:02.214676,2024-10-26 15:57:07.256153,0 days 00:00:05.041477,0.6999458927629653,0.05592075450682666,3,990,2.740707953679559,0.20657218413963696,0.4287748484437515,COMPLETE,0.5
12,0.003569013512907545,2024-10-26 15:57:07.256752,2024-10-26 15:57:13.163012,0 days 00:00:05.906260,0.7374326596741756,0.04689421056767963,4,994,2.6454879014621127,0.14429608145090073,0.5693717528204576,COMPLETE,0.5
13,0.0037840300325844177,2024-10-26 15:57:13.163230,2024-10-26 15:57:20.767360,0 days 00:00:07.604130,0.6993569615759209,0.04371899529643179,4,995,2.4208433734993116,1.8989792081331025,0.9881021523725957,COMPLETE,0.5
14,0.0036918657179696142,2024-10-26 15:57:20.767530,2024-10-26 15:57:28.507244,0 days 00:00:07.739714,0.6624932162179339,0.036196040636672026,4,998,2.2643591831914076,2.337366687186774,0.992295239763137,COMPLETE,0.5
15,0.003619159480231129,2024-10-26 15:57:28.507673,2024-10-26 15:57:31.723722,0 days 00:00:03.216049,0.9138096185986977,0.03069416061746818,4,489,0.4954218050210284,2.7736448679924077,0.5575101245404932,COMPLETE,0.5
16,0.00352092615871103,2024-10-26 15:57:31.723906,2024-10-26 15:57:34.675484,0 days 00:00:02.951578,0.9992571081617012,0.024408294217903557,4,494,0.12429515844704753,6.06605673147132,0.5515702642250608,COMPLETE,0.5
17,0.013703982062695906,2024-10-26 15:57:34.675662,2024-10-26 15:57:36.913753,0 days 00:00:02.238091,0.8401268223815066,0.00045891058953076436,5,394,0.31788115846591847,6.416640322869217,0.3495946546059504,PRUNED,0.5
18,0.0035815632588174556,2024-10-26 15:57:36.913873,2024-10-26 15:57:40.692997,0 days 00:00:03.779124,0.9846103297023925,0.017162253830746432,4,578,1.6469091675242087,5.734838658450304,0.5489558527162195,COMPLETE,0.5
19,0.004175868232869875,2024-10-26 15:57:40.693166,2024-10-26 15:57:43.526537,0 days 00:00:02.833371,0.8847573925546421,0.07184928192698622,5,399,6.245039514972798,6.558073246058132,0.7133295931811052,PRUNED,0.5
