number,value,datetime_start,datetime_complete,duration,params_colsample_bytree,params_learning_rate,params_max_depth,params_min_child_samples,params_min_child_weight,params_min_split_gain,params_n_estimators,params_num_leaves,params_reg_alpha,params_reg_lambda,params_subsample,params_subsample_freq,state,alpha
3,0.0018180190657840218,2024-10-16 22:09:35.354949,2024-10-16 22:09:42.232793,0 days 00:00:06.877844,0.7366404916459861,0.01380940750941407,9,14,8.010444936174018,0.3573478488882752,747,81,0.2295978187660851,0.7701321971143195,0.7745946717787652,1,COMPLETE,0.9
4,0.00219269416916495,2024-10-16 22:09:42.233030,2024-10-16 22:09:43.720787,0 days 00:00:01.487757,0.5048848098575426,0.02821331575116283,14,11,6.793816979082756,0.8779789438524532,140,162,0.5329237350024223,0.1272113896866528,0.932132207152085,5,COMPLETE,0.9
5,0.0018593160130250942,2024-10-16 22:09:43.720986,2024-10-16 22:09:44.598477,0 days 00:00:00.877491,0.8871667679251578,0.05630897479480669,4,85,5.514654405935346,0.47064800480772084,398,72,0.8110433052598311,0.43548336518785424,0.5062946486770894,9,COMPLETE,0.9
6,0.0018457691337031557,2024-10-16 22:09:44.599000,2024-10-16 22:09:49.790592,0 days 00:00:05.191592,0.6611762089785322,0.017630307902556305,17,35,4.815409281877079,0.5932604103588333,789,282,0.08155611382949957,0.30309214228902137,0.9731395788186608,5,COMPLETE,0.9
7,0.001845644973174996,2024-10-16 22:09:49.790826,2024-10-16 22:09:53.207208,0 days 00:00:03.416382,0.6891987946403972,0.023450379318980467,15,89,7.727180286643764,0.4209906580114421,547,114,0.5324729535293066,0.7060875219286855,0.8690781891869923,9,COMPLETE,0.9
8,0.0018431132405579904,2024-10-16 22:09:53.207442,2024-10-16 22:09:54.782939,0 days 00:00:01.575497,0.7159867476240627,0.024329875603517546,10,92,4.494089762512488,0.9299910700338212,469,261,0.041239465775534834,0.4881721241369187,0.597768950400956,4,COMPLETE,0.9
9,0.0018757721146749078,2024-10-16 22:09:54.783168,2024-10-16 22:09:57.582239,0 days 00:00:02.799071,0.8055907556312409,0.02530857230796374,20,50,5.427959371293744,0.88919596746252,918,220,0.3934790572871123,0.6818616308268718,0.730617046407547,1,PRUNED,0.9
10,0.0017804059691975266,2024-10-16 22:09:57.582396,2024-10-16 22:10:02.738386,0 days 00:00:05.155990,0.9966269424266133,0.040821425423978694,8,71,9.595691037605638,0.14237952325970127,706,149,0.9696097669393856,0.9830753937901686,0.6410519061757723,1,COMPLETE,0.9
11,0.00179383970474107,2024-10-16 22:10:02.738618,2024-10-16 22:10:09.191749,0 days 00:00:06.453131,0.9592243904325958,0.04025395168403137,9,69,9.7811564259185,0.0716742250597262,668,146,0.9945958431049164,0.9921310729235445,0.6449716972499341,1,COMPLETE,0.9
12,0.0018264562850575758,2024-10-16 22:10:09.191980,2024-10-16 22:10:13.855616,0 days 00:00:04.663636,0.9647969046233809,0.09206794422575595,7,71,9.616346861161052,0.012296963472252148,663,173,0.978297130842342,0.9966688178955575,0.6320363743425957,3,COMPLETE,0.9
13,0.001914695169388016,2024-10-16 22:10:13.855844,2024-10-16 22:10:15.208843,0 days 00:00:01.352999,0.9908125954837156,0.04238838899421047,3,71,9.949276535782943,0.1862026990526114,641,134,0.9742340757377499,0.9739885482497916,0.6361660350126987,2,PRUNED,0.9
14,0.0017917633366354505,2024-10-16 22:10:15.208997,2024-10-16 22:10:17.974753,0 days 00:00:02.765756,0.9179629383121811,0.040876350108585986,8,70,8.79519790842715,0.018776127109556034,329,214,0.7282867173145521,0.8819687741993391,0.5293729666548236,3,COMPLETE,0.9
15,0.0018120247134054456,2024-10-16 22:10:17.974987,2024-10-16 22:10:19.798453,0 days 00:00:01.823466,0.8986607864698501,0.038909012128184504,7,55,8.311590526609956,0.259603757992196,313,201,0.7366405596003451,0.8461993879864305,0.5072639954671354,3,COMPLETE,0.9
16,0.001800761610588811,2024-10-16 22:10:19.798691,2024-10-16 22:10:22.226470,0 days 00:00:02.427779,0.9160639197468874,0.061848885226770324,13,100,1.7414069203334117,0.2429529977815357,329,233,0.7409969441084397,0.8579375527781892,0.5544301796332479,3,COMPLETE,0.9
17,0.0018818006557775255,2024-10-16 22:10:22.226711,2024-10-16 22:10:23.379255,0 days 00:00:01.152544,0.993028415447607,0.08785118005939056,5,59,8.705541684995382,0.6277675446079694,526,191,0.8508852678045745,0.5778826990072871,0.5775701576757672,7,PRUNED,0.9
18,0.0017895367151278682,2024-10-16 22:10:23.379410,2024-10-16 22:10:27.632019,0 days 00:00:04.252609,0.831122102249217,0.03329773472289723,8,75,7.151740392359485,0.003084693810999961,436,241,0.6074369103116998,0.0234761623706774,0.6858024150889662,2,COMPLETE,0.9
19,0.001868575565456302,2024-10-16 22:10:27.632259,2024-10-16 22:10:30.622449,0 days 00:00:02.990190,0.8333905144490087,0.03262507414694268,12,80,7.271118232181495,0.7325436611160534,998,248,0.4019632889513819,0.0023267613851228885,0.6957066294098538,2,PRUNED,0.9
