number,value,datetime_start,datetime_complete,duration,params_colsample_bytree,params_learning_rate,params_max_depth,params_min_child_samples,params_min_child_weight,params_min_split_gain,params_n_estimators,params_num_leaves,params_reg_alpha,params_reg_lambda,params_subsample,params_subsample_freq,state,alpha
0,0.0017613398294830083,2024-10-16 21:54:04.837532,2024-10-16 21:54:13.920233,0 days 00:00:09.082701,0.6328343877197977,0.027329525059528383,17,90,7.163674918914524,0.45706306104364336,868,157,0.2767928676263822,0.20151831788156693,0.9741851207832154,2,COMPLETE,0.1
1,0.001789043827164985,2024-10-16 21:54:13.920554,2024-10-16 21:54:18.009497,0 days 00:00:04.088943,0.5875890636461463,0.0635043398008385,15,76,1.760652856576353,0.5268368301304994,736,92,0.9976064677655373,0.17843265662199814,0.7986298745932404,6,COMPLETE,0.1
2,0.001846682836530487,2024-10-16 21:54:18.009921,2024-10-16 21:54:19.593970,0 days 00:00:01.584049,0.7080811296350954,0.028674245998067432,11,72,0.6928313537738694,0.7690235724663849,218,282,0.6194559595134314,0.17022827900148796,0.6156531719661287,5,COMPLETE,0.1
3,0.0017567166218463966,2024-10-16 21:54:19.594197,2024-10-16 21:54:22.163237,0 days 00:00:02.569040,0.929440079568526,0.04473590499149266,18,59,4.454757481653855,0.5239046640844609,581,148,0.18125679332397526,0.5483591955719113,0.6139162292643341,6,COMPLETE,0.1
4,0.0018162777504161847,2024-10-16 21:54:22.163461,2024-10-16 21:54:24.369875,0 days 00:00:02.206414,0.7887285195471627,0.01595458818072081,4,66,7.126621820277171,0.9674344184449409,707,161,0.092438281157882,0.7337634533291981,0.8952589075461824,5,COMPLETE,0.1
5,0.0018226497846699035,2024-10-16 21:54:24.370221,2024-10-16 21:54:29.583611,0 days 00:00:05.213390,0.7149064363328319,0.01211062999996721,12,29,6.760115205875561,0.8976789138119096,501,63,0.16444745266456562,0.45540451213384003,0.773726963415375,6,PRUNED,0.1
6,0.0017596420262756944,2024-10-16 21:54:29.583773,2024-10-16 21:54:32.601946,0 days 00:00:03.018173,0.6565291379523138,0.03403856968628477,12,83,4.849045258188239,0.3805534358910716,378,299,0.3342959613299956,0.6600903034791386,0.6990875434378068,8,COMPLETE,0.1
7,0.0018775738831318563,2024-10-16 21:54:32.602229,2024-10-16 21:54:35.160970,0 days 00:00:02.558741,0.9932396634709947,0.014190271805619568,9,26,0.8323203442363832,0.1757038732212819,321,38,0.1045278842933508,0.8911680555184007,0.5402036481129484,3,PRUNED,0.1
8,0.001766859013598838,2024-10-16 21:54:35.161106,2024-10-16 21:54:38.764399,0 days 00:00:03.603293,0.9492445282086978,0.04067616898543614,7,40,0.688772423804518,0.48532622077349263,820,67,0.8144076433582679,0.6343545724231412,0.9905734585401127,4,COMPLETE,0.1
9,0.0017836382166285297,2024-10-16 21:54:38.764626,2024-10-16 21:54:47.918460,0 days 00:00:09.153834,0.5456857343303183,0.010658996555575178,10,76,6.557378176378392,0.581870645126481,860,134,0.22786567878179131,0.40271619500185374,0.862425680909316,3,PRUNED,0.1
10,0.0018547780434411932,2024-10-16 21:54:47.918621,2024-10-16 21:55:13.686674,0 days 00:00:25.768053,0.8612595823763285,0.08934873512708665,20,5,9.438794579394347,0.12342189127130854,562,225,0.4330465829895618,0.9900828424862153,0.5074327895449943,10,PRUNED,0.1
11,0.0017662655888523338,2024-10-16 21:55:13.686851,2024-10-16 21:55:17.192914,0 days 00:00:03.506063,0.8479113832438403,0.04298576007868984,15,99,3.9741586138846134,0.2961575431321225,429,219,0.4325558702234298,0.6310564432136725,0.6623774339585551,8,COMPLETE,0.1
12,0.0017959107135680239,2024-10-16 21:55:17.194821,2024-10-16 21:55:19.105381,0 days 00:00:01.910560,0.6361279748860661,0.051934673226145464,20,54,3.8099560415246367,0.32353263161452983,120,294,0.00019221665615221095,0.7627729293217577,0.6562634751474367,8,PRUNED,0.1
13,0.0017698258727392724,2024-10-16 21:55:19.105549,2024-10-16 21:55:22.003212,0 days 00:00:02.897663,0.9168008829089083,0.023327808853174235,14,51,4.823182975952149,0.7054012050747522,623,212,0.3406565641943032,0.35260878724985684,0.6812774729342158,8,PRUNED,0.1
14,0.0017777927345229178,2024-10-16 21:55:22.003363,2024-10-16 21:55:25.585946,0 days 00:00:03.582583,0.7678839810700544,0.020080258519411,18,84,2.4668401144715695,0.3125722470756219,383,123,0.567814720450633,0.5679467136764553,0.585022284781271,10,PRUNED,0.1
15,0.0017833008684946326,2024-10-16 21:55:25.586104,2024-10-16 21:55:27.355044,0 days 00:00:01.768940,0.6569960834570808,0.03623677668725679,6,60,5.54656099283323,0.6702726121445415,298,189,0.3209065062828831,0.0176224726119949,0.7144851115470787,7,PRUNED,0.1
16,0.0017507967723187727,2024-10-16 21:55:27.355201,2024-10-16 21:55:36.491407,0 days 00:00:09.136206,0.5223911563224979,0.06394861896441797,13,90,2.9574648048006402,0.009622088314537036,476,275,0.6466528859015015,0.8516852103904924,0.5983904130293296,9,COMPLETE,0.1
17,0.001783496155645312,2024-10-16 21:55:36.491773,2024-10-16 21:55:59.266293,0 days 00:00:22.774520,0.5089644754998287,0.08151636630528679,17,99,3.3768258122513144,0.0717233192698511,967,259,0.6939736293147242,0.8599530786499897,0.5813582994981996,1,PRUNED,0.1
18,0.0017669338938637133,2024-10-16 21:55:59.266487,2024-10-16 21:56:04.862586,0 days 00:00:05.596099,0.8259591065805227,0.06245644712071743,14,41,2.1290773876868347,0.20749377077514397,509,257,0.7791901002094705,0.8073980502204662,0.6157044443103465,9,PRUNED,0.1
19,0.001797244717270745,2024-10-16 21:56:04.862839,2024-10-16 21:56:28.267244,0 days 00:00:23.404405,0.9183566686484139,0.06644088761044924,17,12,8.34023096282312,0.014015649383926576,638,190,0.9597310165169338,0.9934276870437693,0.5054734245864011,7,PRUNED,0.1
0,0.002966644211602767,2024-10-16 21:56:37.523352,2024-10-16 21:56:38.259385,0 days 00:00:00.736033,0.6979687253652704,0.03710892994713257,3,89,4.854160491990352,0.7510520946457334,320,194,0.44704416009848635,0.3306598439270465,0.9800422075510837,8,COMPLETE,0.2
1,0.0028143632201328055,2024-10-16 21:56:38.259643,2024-10-16 21:56:40.000973,0 days 00:00:01.741330,0.5280898825212913,0.08716559719434051,5,50,8.742413755820037,0.5858684094081704,391,242,0.9086751065212934,0.6221817334776982,0.7016776781112157,8,COMPLETE,0.2
2,0.0027681880253567605,2024-10-16 21:56:40.001207,2024-10-16 21:56:44.709243,0 days 00:00:04.708036,0.843344529450212,0.0313015290760508,19,90,5.528267544666965,0.9819262978071724,837,171,0.42448436425729563,0.38388761392167225,0.8162503678733997,3,COMPLETE,0.2
3,0.003046877064540165,2024-10-16 21:56:44.709497,2024-10-16 21:56:46.506275,0 days 00:00:01.796778,0.9965528683064231,0.01789637478086193,9,82,1.4419576656890345,0.8444977545755618,197,133,0.8268612593909029,0.16402073320314403,0.6356403097908037,4,COMPLETE,0.2
4,0.0028088987765346185,2024-10-16 21:56:46.506504,2024-10-16 21:56:51.596227,0 days 00:00:05.089723,0.5674646988421888,0.0180012218051198,5,18,2.376863140016674,0.5271829849484214,922,281,0.5198281853043978,0.5110763146166486,0.7259382070269712,9,COMPLETE,0.2
5,0.0027981384969756043,2024-10-16 21:56:51.596459,2024-10-16 21:56:54.180075,0 days 00:00:02.583616,0.9043442227287501,0.0840236766890555,11,65,1.010389515508755,0.48743044148353076,337,191,0.17488384647753452,0.04029928459481069,0.6511784405370794,5,COMPLETE,0.2
6,0.00284528302068616,2024-10-16 21:56:54.180437,2024-10-16 21:56:56.313923,0 days 00:00:02.133486,0.7367847206934354,0.019907132672708817,4,88,3.6537887097867325,0.8747273064242725,720,65,0.22468056317142127,0.14664615775698364,0.7124477613177826,1,PRUNED,0.2
7,0.002786678614875498,2024-10-16 21:56:56.314077,2024-10-16 21:57:03.109949,0 days 00:00:06.795872,0.844680150289171,0.026451534046253538,12,88,9.972885672886388,0.41459342016127154,873,273,0.5708004625011347,0.8268480707496049,0.9385119681815016,4,COMPLETE,0.2
8,0.0027666104118108663,2024-10-16 21:57:03.110189,2024-10-16 21:57:05.563557,0 days 00:00:02.453368,0.665096608461839,0.04942170804550332,10,78,5.468470048004787,0.4741575766359001,228,160,0.14021809457423096,0.524667160024008,0.7264782439551172,7,COMPLETE,0.2
9,0.0028433270475892673,2024-10-16 21:57:05.563777,2024-10-16 21:57:11.070901,0 days 00:00:05.507124,0.5877219132145795,0.018359433593324103,14,23,0.33804964114665575,0.9503938620287768,680,52,0.7507401956656048,0.225239033132124,0.7146192114608612,9,PRUNED,0.2
10,0.004962844951123449,2024-10-16 21:57:11.071044,2024-10-16 21:57:13.222105,0 days 00:00:02.151061,0.6548133967051523,0.010201861421891653,17,48,7.146775428633457,0.07054575049590839,117,100,0.020977799481708415,0.8875703218170962,0.822505461939212,7,PRUNED,0.2
11,0.002775011019376492,2024-10-16 21:57:13.222311,2024-10-16 21:57:25.455493,0 days 00:00:12.233182,0.8206790633160232,0.04738793530437735,20,69,6.360125264903967,0.23218710856165464,561,158,0.34233759244330697,0.433371003733925,0.8320606000295598,2,COMPLETE,0.2
12,0.0027792906548748672,2024-10-16 21:57:25.455734,2024-10-16 21:57:28.248830,0 days 00:00:02.793096,0.7953140198735948,0.05464194877083663,16,70,5.7352044320586595,0.6871803371671159,503,208,0.006476753576502875,0.7256333572787337,0.5274538917586398,6,COMPLETE,0.2
13,0.0027763262980898176,2024-10-16 21:57:28.249060,2024-10-16 21:57:34.598933,0 days 00:00:06.349873,0.6523413723448415,0.05637381625270112,8,100,3.5191268671012965,0.32681331709081163,750,127,0.234490458390179,0.5079389625905177,0.8340223072704561,3,COMPLETE,0.2
14,0.0028158738616033754,2024-10-16 21:57:34.599187,2024-10-16 21:57:51.496846,0 days 00:00:16.897659,0.9076751766826554,0.03189974789951922,19,35,7.555179104572391,0.19534474864997098,536,168,0.6626897645641708,0.35732176255974124,0.8982546397264,6,PRUNED,0.2
15,0.002798086424502014,2024-10-16 21:57:51.496996,2024-10-16 21:57:57.114986,0 days 00:00:05.617990,0.7712638476403784,0.04040283459943913,14,98,5.127868855981074,0.6528132289706594,985,227,0.4052280959067254,0.6367505662430972,0.800119961027455,1,PRUNED,0.2
16,0.0027579801178258256,2024-10-16 21:57:57.115183,2024-10-16 21:58:02.338120,0 days 00:00:05.222937,0.8688460666698498,0.06653103467041631,9,76,3.799021878121647,0.38772853360613957,795,93,0.3041345269537179,0.990304983635981,0.5625939719553856,10,COMPLETE,0.2
17,0.0028192418068289245,2024-10-16 21:58:02.338348,2024-10-16 21:58:05.762305,0 days 00:00:03.423957,0.9612872342303966,0.06859250006090864,8,60,3.673259855049133,0.37031656719816136,649,23,0.136835877225654,0.9790731245859714,0.5158908602369295,10,PRUNED,0.2
18,0.0027788401240300123,2024-10-16 21:58:05.762479,2024-10-16 21:58:08.279306,0 days 00:00:02.516827,0.691093295936532,0.0713173827009249,10,75,2.439359746603418,0.028199759125359325,219,88,0.3107027839090254,0.7889467641887377,0.5825955734557962,10,COMPLETE,0.2
19,0.002948267337743477,2024-10-16 21:58:08.279537,2024-10-16 21:58:11.671760,0 days 00:00:03.392223,0.894299676812715,0.09842196136922822,7,39,4.333449194157049,0.24438986068089974,462,125,0.08343066102320323,0.6358897774010916,0.5829380325316139,7,PRUNED,0.2
0,0.003446231430742116,2024-10-16 21:58:16.735105,2024-10-16 21:58:24.907683,0 days 00:00:08.172578,0.6576204829822856,0.02693656679912372,13,30,8.129206240082343,0.7392337936659198,788,185,0.880846416437356,0.18386158411607934,0.5445869344446119,10,COMPLETE,0.3
1,0.003502015525300872,2024-10-16 21:58:24.908013,2024-10-16 21:59:01.373809,0 days 00:00:36.465796,0.5303250908782629,0.04862488671873674,18,46,8.034045057487242,0.028962175407137747,890,239,0.7886981193359011,0.8074595753435848,0.9877558601610152,8,COMPLETE,0.3
2,0.0035659529420149524,2024-10-16 21:59:01.374156,2024-10-16 21:59:07.828982,0 days 00:00:06.454826,0.5677051407486968,0.09730119763818358,7,54,3.997702571409429,0.12694805091687866,666,206,0.8555049689103851,0.17721874073332633,0.9417706732946977,9,COMPLETE,0.3
3,0.003435160001835583,2024-10-16 21:59:07.829220,2024-10-16 21:59:13.492121,0 days 00:00:05.662901,0.5429346836343661,0.03598851128851425,14,76,4.572523190058293,0.44811625445835634,284,264,0.11096236444960483,0.4640205412372238,0.8760159650712387,1,COMPLETE,0.3
4,0.0034429796481506673,2024-10-16 21:59:13.493412,2024-10-16 21:59:26.309694,0 days 00:00:12.816282,0.7121807692454755,0.018238197873659608,9,12,3.108876444300106,0.18299591205032373,639,108,0.952722981279405,0.18573837938020532,0.5582079186447788,6,COMPLETE,0.3
5,0.0035266816890288603,2024-10-16 21:59:26.309935,2024-10-16 21:59:28.220339,0 days 00:00:01.910404,0.7556437681208479,0.020528033792289353,4,100,2.435493443983175,0.7638895760819528,591,29,0.43698257100848226,0.20776717001931733,0.7946740260912644,6,PRUNED,0.3
6,0.003471568743428214,2024-10-16 21:59:28.220516,2024-10-16 21:59:34.300551,0 days 00:00:06.080035,0.8077772670806949,0.026773682295727425,8,52,6.162112900364417,0.7887140371103457,815,269,0.4898866540323471,0.5240829296570825,0.9494586162722214,9,PRUNED,0.3
7,0.003529770366391845,2024-10-16 21:59:34.300713,2024-10-16 21:59:38.523213,0 days 00:00:04.222500,0.6610396917232824,0.026943234189231623,10,28,7.392014650954,0.45158561703977984,190,130,0.016749538545258846,0.8897032382959604,0.8680701447218007,10,PRUNED,0.3
8,0.0034384805729361827,2024-10-16 21:59:38.523368,2024-10-16 21:59:39.588142,0 days 00:00:01.064774,0.9454946888123776,0.028915312645124522,6,85,5.678115299918702,0.8076340800107761,235,22,0.4455034217228957,0.8975650892303781,0.6111094189037649,7,COMPLETE,0.3
9,0.0035138559976102077,2024-10-16 21:59:39.588390,2024-10-16 21:59:48.851959,0 days 00:00:09.263569,0.5627755215387342,0.010934533190912832,11,50,0.9229849641379714,0.34178798080856254,408,125,0.189241404424493,0.12068055101167718,0.8814710781109854,3,PRUNED,0.3
10,0.0034355338642495835,2024-10-16 21:59:48.852117,2024-10-16 21:59:51.144646,0 days 00:00:02.292529,0.9071177504292692,0.05566172557523425,16,75,9.787529928204336,0.9960722669847251,390,291,0.2067379920677352,0.4777372624268611,0.699632703661013,1,COMPLETE,0.3
11,0.003422696503446582,2024-10-16 21:59:51.144887,2024-10-16 21:59:53.409264,0 days 00:00:02.264377,0.9998224728559673,0.057753395265237276,16,76,9.751074528558766,0.997282522147843,390,293,0.18938289958310256,0.49948809299404656,0.6941470852519501,1,COMPLETE,0.3
12,0.0034476331104844556,2024-10-16 21:59:53.409500,2024-10-16 21:59:57.551318,0 days 00:00:04.141818,0.9958523014754403,0.05837562554335472,14,73,9.96311716750768,0.5493448363446655,385,246,0.00032715546309386445,0.49048840518287545,0.7139408382564918,1,PRUNED,0.3
13,0.0034571899553020803,2024-10-16 21:59:57.551478,2024-10-16 22:00:00.478540,0 days 00:00:02.927062,0.8544503279622315,0.042222527883014546,20,69,4.649249552562582,0.5785698018977792,117,292,0.2704961509229818,0.636439713719222,0.7881897731411438,3,PRUNED,0.3
14,0.003438898417451972,2024-10-16 22:00:00.478701,2024-10-16 22:00:06.058653,0 days 00:00:05.579952,0.6475609985840499,0.0816631693557478,16,94,0.5154710334630908,0.31588992415139655,320,217,0.27193393353199047,0.34422170368461147,0.6436584206308366,3,COMPLETE,0.3
15,0.0035099615568475575,2024-10-16 22:00:06.058886,2024-10-16 22:00:10.945595,0 days 00:00:04.886709,0.5036888687623862,0.03989894604481432,14,67,6.897080973246876,0.993764956676955,518,259,0.1378847656718145,0.6569503869669624,0.8408293615058916,4,PRUNED,0.3
16,0.003457693282888737,2024-10-16 22:00:10.945751,2024-10-16 22:00:14.223748,0 days 00:00:03.277997,0.8332475438587937,0.0682044971704023,17,86,2.2350267865802693,0.6591354778961118,508,170,0.6577013227537161,0.6853505413437027,0.7453454010065819,1,PRUNED,0.3
17,0.0034333646842606624,2024-10-16 22:00:14.223923,2024-10-16 22:00:19.164501,0 days 00:00:04.940578,0.7545702566540516,0.03549291656537137,19,64,4.562777093615968,0.4273605214187215,301,83,0.37108946799428855,0.0031105946716329935,0.6436168608745285,2,COMPLETE,0.3
18,0.0042163840606258465,2024-10-16 22:00:19.164789,2024-10-16 22:00:20.825922,0 days 00:00:01.661133,0.9050544009752115,0.018452524851084583,20,63,8.792771115489431,0.31820846430034905,129,69,0.3508154192788856,0.044279528840790755,0.5002017389138881,4,PRUNED,0.3
19,0.003501503775098707,2024-10-16 22:00:20.826073,2024-10-16 22:00:24.246838,0 days 00:00:03.420765,0.9943138194846532,0.07277055445904615,18,40,5.594672801025873,0.6657190010613592,489,75,0.6467176568542243,0.3205979313667836,0.6462774661963245,2,PRUNED,0.3
0,0.0038941717480766302,2024-10-16 22:00:26.405344,2024-10-16 22:00:36.331988,0 days 00:00:09.926644,0.7861542304650713,0.045365777610497066,9,42,7.719316786041131,0.5742527614728763,852,221,0.05047892048193603,0.08589058301385954,0.6658267591084129,4,COMPLETE,0.4
1,0.00398563355189055,2024-10-16 22:00:36.334290,2024-10-16 22:01:15.296913,0 days 00:00:38.962623,0.5450379664601126,0.050570899712482936,19,9,7.069066302698613,0.28245105287116357,742,277,0.2562340901282658,0.867337686482251,0.8699061222088154,7,COMPLETE,0.4
2,0.0038580112490293797,2024-10-16 22:01:15.297243,2024-10-16 22:01:17.100506,0 days 00:00:01.803263,0.9324658758101396,0.040884450676425384,5,69,1.8079666849998042,0.5756930030762261,352,213,0.6192079602402086,0.9986943655916537,0.9508444503862088,4,COMPLETE,0.4
3,0.003867734141952086,2024-10-16 22:01:17.100777,2024-10-16 22:01:19.348316,0 days 00:00:02.247539,0.9669253078499769,0.09219864399720203,12,48,8.68464472150474,0.4590283581957817,213,51,0.34816037084784224,0.4080169508841661,0.6885838785050447,9,COMPLETE,0.4
4,0.003815482253122517,2024-10-16 22:01:19.348629,2024-10-16 22:01:24.926491,0 days 00:00:05.577862,0.6571574342720659,0.0382811388290934,19,98,8.469391652857789,0.8043688981762996,812,294,0.85001286050786,0.26999571589421123,0.5377639101584022,2,COMPLETE,0.4
5,0.0037875534279621526,2024-10-16 22:01:24.926721,2024-10-16 22:01:29.009158,0 days 00:00:04.082437,0.7205758830044617,0.036211985169630215,11,83,6.421222141796651,0.9493315550627629,757,28,0.47293329494464087,0.18665792957586247,0.9064969811579033,3,COMPLETE,0.4
6,0.003874761171325691,2024-10-16 22:01:29.009526,2024-10-16 22:01:36.377488,0 days 00:00:07.367962,0.5981472133362894,0.025189503879870092,11,28,0.6272211443367722,0.7120296055823767,353,208,0.00995301502264001,0.8675659656501273,0.6148211307502416,1,PRUNED,0.4
7,0.004115679308912494,2024-10-16 22:01:36.377686,2024-10-16 22:01:37.054904,0 days 00:00:00.677218,0.9229493605735013,0.09545043381506572,3,30,7.559556131057506,0.2419792013114459,212,26,0.40840652858043835,0.5720270591759566,0.7772990996916027,2,PRUNED,0.4
8,0.004201858777754809,2024-10-16 22:01:37.055418,2024-10-16 22:01:38.494017,0 days 00:00:01.438599,0.8509961090886085,0.012364870150737091,3,45,0.5443389608427769,0.09019967324999001,664,264,0.6305794280594244,0.11299862020783324,0.5297901815569452,9,PRUNED,0.4
9,0.0038662582954348775,2024-10-16 22:01:38.494201,2024-10-16 22:01:42.735688,0 days 00:00:04.241487,0.7554376918714121,0.094918078235115,18,57,5.855612827889802,0.962942007424074,736,221,0.5288996328896491,0.031459898467570246,0.7732338293615064,7,PRUNED,0.4
10,0.0038527572552357523,2024-10-16 22:01:42.735894,2024-10-16 22:01:50.541386,0 days 00:00:07.805492,0.6853644186876979,0.021312928935132095,15,92,3.688264717441687,0.98023543693054,996,110,0.907177421980912,0.5556835974456482,0.9964406649214649,4,COMPLETE,0.4
11,0.0037824355974005225,2024-10-16 22:01:50.541637,2024-10-16 22:01:54.929834,0 days 00:00:04.388197,0.6528266095537623,0.03044300892722343,14,100,9.892752566229454,0.7949093540584227,559,125,0.9956846972450254,0.3166884819983353,0.5015610644090343,2,COMPLETE,0.4
12,0.003830407822054936,2024-10-16 22:01:54.930068,2024-10-16 22:02:02.278277,0 days 00:00:07.348209,0.6696262582891896,0.01587202135536925,14,80,9.753187120793068,0.8192301270881138,520,110,0.7392838379924251,0.28804476146954716,0.843614449325413,3,COMPLETE,0.4
13,0.0038354890162636394,2024-10-16 22:02:02.278514,2024-10-16 22:02:07.187702,0 days 00:00:04.909188,0.5036502729338693,0.02925211261948054,9,83,4.257312789770638,0.7791371064016074,552,92,0.9865185521048181,0.2813066927538535,0.8658135511532722,1,COMPLETE,0.4
14,0.0038196291562697885,2024-10-16 22:02:07.187935,2024-10-16 22:02:10.646994,0 days 00:00:03.459059,0.7913657057251824,0.05738007045459993,16,100,5.6623254810757,0.8924597344308739,570,147,0.21193593821377743,0.43843142774205784,0.5882736460582179,6,COMPLETE,0.4
15,0.0038417204370231996,2024-10-16 22:02:10.647194,2024-10-16 22:02:15.410214,0 days 00:00:04.763020,0.6089646478841316,0.01979524976099542,9,69,9.685010689970392,0.6662592234946725,410,67,0.7434142220490874,0.19646064381218345,0.7106632930504326,3,PRUNED,0.4
16,0.0038562179119688506,2024-10-16 22:02:15.410371,2024-10-16 22:02:23.207314,0 days 00:00:07.796943,0.7144971803585463,0.060296288330715236,13,81,3.1031179488762426,0.4177933103855803,932,157,0.4870563282885403,0.37419590673635417,0.9314660800561516,5,PRUNED,0.4
17,0.0037968732028422283,2024-10-16 22:02:23.207467,2024-10-16 22:02:26.828551,0 days 00:00:03.621084,0.8468435462318578,0.03271931403097839,7,67,6.145946257129315,0.88812087261749,640,29,0.7559728650679786,0.6876575037360884,0.8142668066093536,2,COMPLETE,0.4
18,0.003838478380665376,2024-10-16 22:02:26.828887,2024-10-16 22:02:30.755470,0 days 00:00:03.926583,0.6131644508328993,0.06765960228378579,16,90,5.003409948063139,0.6685068858082241,445,134,0.5689611911579113,0.19386611893556882,0.5896594918777537,3,PRUNED,0.4
19,0.0038354861448462478,2024-10-16 22:02:30.755650,2024-10-16 22:02:36.156785,0 days 00:00:05.401135,0.7096312083387998,0.030873632136922333,11,76,6.814209278554383,0.9912106020997652,657,183,0.1625396521010336,0.6619440225890258,0.9217257173230805,5,PRUNED,0.4
0,0.004091280944015464,2024-10-16 22:02:40.528911,2024-10-16 22:02:51.102661,0 days 00:00:10.573750,0.9445431241900417,0.09633214287380883,12,80,1.99536620215816,0.047377704354578,858,182,0.32259111995214007,0.32481736529079197,0.7312408785926576,9,COMPLETE,0.5
