number,value,datetime_start,datetime_complete,duration,params_alpha,params_colsample_bytree,params_learning_rate,params_max_depth,params_min_child_samples,params_min_child_weight,params_min_split_gain,params_n_estimators,params_num_leaves,params_reg_alpha,params_reg_lambda,params_subsample,params_subsample_freq,state,quantile
11,0.004866016359652233,2024-10-17 22:06:02.742860,2024-10-17 22:06:03.867767,0 days 00:00:01.124907,0.00012091925790113816,0.7823368398403076,0.01711465245272003,12,54,0.0645275876355198,0.8309400537888958,133,208,0.9555868486498282,0.96349408361569,0.6792687652393867,6,COMPLETE,0.8
12,0.004908264731570227,2024-10-17 22:06:03.868000,2024-10-17 22:06:06.672046,0 days 00:00:02.804046,0.00013246774396944415,0.8044671915355793,0.01480957263701182,13,58,0.09253827043649543,0.8715430600889117,435,235,0.710649504595535,0.6084121512560812,0.6977936599423075,8,COMPLETE,0.8
13,0.005197241408349426,2024-10-17 22:06:06.672288,2024-10-17 22:06:07.942824,0 days 00:00:01.270536,0.0006628700463065588,0.8121369495034678,0.040363454362471574,11,74,0.16397191746591416,0.7935546833982197,266,243,0.9910380377528456,0.9874266352505933,0.7050941043772126,5,COMPLETE,0.8
14,0.008916984148885448,2024-10-17 22:06:07.943060,2024-10-17 22:06:10.245471,0 days 00:00:02.302411,0.0020406357283703084,0.7498883425054702,0.017597776311185,12,44,5.726336373585888,0.6877731880363092,168,125,0.5752946302725886,0.2579242227134376,0.901679289373298,5,COMPLETE,0.8
15,0.0047006619117345135,2024-10-17 22:06:10.245708,2024-10-17 22:06:13.068489,0 days 00:00:02.822781,0.00027640550061403153,0.8712919557381197,0.011340992063895924,16,69,1.730701189296676,0.9848469700276468,524,300,0.7991520762911872,0.5757755704568335,0.6167386541242396,7,COMPLETE,0.8
16,0.0044608417447794015,2024-10-17 22:06:13.068715,2024-10-17 22:06:14.008318,0 days 00:00:00.939603,0.00033943402121037244,0.8989135201886285,0.09596381630560495,19,77,1.686868309070782,0.9979965935085425,500,283,0.7947517852039203,0.5817588386020863,0.5017519965534869,7,COMPLETE,0.8
17,0.009033664555475322,2024-10-17 22:06:14.008547,2024-10-17 22:06:15.349783,0 days 00:00:01.341236,0.0022965529626653826,0.9967106713082217,0.09046321467234926,19,84,5.321641085534539,0.6583129447058083,495,257,0.5866402695998418,0.36664958555314253,0.5042318477857638,8,COMPLETE,0.8
18,0.00818615622388477,2024-10-17 22:06:15.350011,2024-10-17 22:06:16.999258,0 days 00:00:01.649247,0.0018880032797245893,0.8915062947960899,0.09851242735593828,18,80,7.517202430890803,0.910139764978622,746,268,0.8264457106640952,0.7172284339310306,0.7401166555578556,4,COMPLETE,0.8
19,0.00456629071860219,2024-10-17 22:06:16.999499,2024-10-17 22:06:19.462233,0 days 00:00:02.462734,0.00031629813789745486,0.6939274330142791,0.04805306957038553,15,99,1.190906899589387,0.7850470748267832,682,213,0.0018384141376894814,0.540797965873816,0.8734867623692669,2,COMPLETE,0.8
0,0.024615391918885326,2024-10-17 22:06:24.935946,2024-10-17 22:06:26.496285,0 days 00:00:01.560339,0.04979107486567659,0.5171474375786831,0.02426294825988059,12,96,2.380033776057233,0.9653996045140472,708,187,0.10749515524469377,0.2514997070483366,0.7790001026174149,7,COMPLETE,0.9
1,0.00472856339858435,2024-10-17 22:06:26.496507,2024-10-17 22:06:27.489878,0 days 00:00:00.993371,0.0004002427537582813,0.6809095053406027,0.03354171130939288,15,54,1.5545800845640918,0.6142584441424144,199,148,0.5173297573482768,0.5138508748619477,0.814178967949746,6,COMPLETE,0.9
2,0.024615391918885326,2024-10-17 22:06:27.490112,2024-10-17 22:06:28.901423,0 days 00:00:01.411311,0.06874428987561494,0.8906548109988193,0.025695448401580973,3,37,2.5924318210948285,0.8869825149324243,963,218,0.5587153183649286,0.9785392605441974,0.5648881141823149,2,COMPLETE,0.9
3,0.024615391918885326,2024-10-17 22:06:28.901653,2024-10-17 22:06:29.783480,0 days 00:00:00.881827,0.06277024942610872,0.6545482827405232,0.043715374193248474,4,73,7.5646637954828435,0.408979101082494,487,286,0.9167802329925697,0.6429566361564872,0.597850313428735,4,COMPLETE,0.9
4,0.00481504992896197,2024-10-17 22:06:29.783702,2024-10-17 22:06:30.485902,0 days 00:00:00.702200,0.0005659381109376997,0.5574184261528434,0.06010988744255277,3,67,8.016719590365641,0.9691425347319524,424,239,0.7260306045548457,0.11332787611560746,0.9972679807256061,9,COMPLETE,0.9
5,0.024615391918885326,2024-10-17 22:06:30.486140,2024-10-17 22:06:32.896173,0 days 00:00:02.410033,0.2318595484952639,0.739508966655299,0.028291949069765496,10,50,8.402113085533202,0.48017332483958886,650,299,0.12003269388939242,0.9671640958671652,0.7757815602938067,4,COMPLETE,0.9
6,0.006209785992909186,2024-10-17 22:06:32.896407,2024-10-17 22:06:33.738151,0 days 00:00:00.841744,0.001624728182448033,0.9824387043110414,0.09044614741964753,18,35,5.361019578401005,0.5187535591359537,403,23,0.021620387664263774,0.16658392046208426,0.554649188691053,6,COMPLETE,0.9
7,0.011115401462725908,2024-10-17 22:06:33.738389,2024-10-17 22:06:34.476726,0 days 00:00:00.738337,0.003470758388222358,0.7393489772919286,0.033557719792637254,3,36,5.182136816056457,0.4696949575163354,509,22,0.9123862404880724,0.4946778343254322,0.545914532726459,7,COMPLETE,0.9
8,0.004874643900354732,2024-10-17 22:06:34.476957,2024-10-17 22:06:38.747499,0 days 00:00:04.270542,0.00015784323908660567,0.7306458262050349,0.031180044791007312,15,99,0.8975042906626557,0.2072119843797583,762,202,0.45099050778729677,0.5922823674312063,0.5381613792302687,5,COMPLETE,0.9
9,0.008700066985719809,2024-10-17 22:06:38.747727,2024-10-17 22:06:40.053281,0 days 00:00:01.305554,0.002601567056770011,0.8855474503067664,0.06383101557270417,17,84,4.566304547120471,0.3827303392837107,514,262,0.728844346131369,0.6786872611552363,0.5298480327339108,7,COMPLETE,0.9
10,0.00502788902810568,2024-10-17 22:06:40.053508,2024-10-17 22:06:41.672549,0 days 00:00:01.619041,0.00010218716345795521,0.6348384589663277,0.013074392851958798,20,20,0.0371449798766188,0.7239182571205431,137,116,0.3694555456445927,0.38621959570655906,0.9065515645351224,10,COMPLETE,0.9
11,0.00466262030204053,2024-10-17 22:06:41.672778,2024-10-17 22:06:42.449468,0 days 00:00:00.776690,0.0005357577099194591,0.5175223382186463,0.050450851529763474,9,67,9.439467280687602,0.7347255219026863,209,123,0.6660814373621404,0.0696035297999903,0.9908685299871169,10,COMPLETE,0.9
12,0.005430382802948353,2024-10-17 22:06:42.449699,2024-10-17 22:06:43.258684,0 days 00:00:00.808985,0.0004885899166713861,0.6080373240672967,0.017631867056195506,8,58,9.817534891379294,0.6963127590546683,121,98,0.6287022297279428,0.023323839051887577,0.8762525885845148,1,COMPLETE,0.9
13,0.024615391918885326,2024-10-17 22:06:43.258912,2024-10-17 22:06:44.394126,0 days 00:00:01.135214,0.008358779843936766,0.5067691885900716,0.04564792654463985,14,8,3.2036746124579096,0.6843182231955065,274,131,0.2902698974497001,0.3639913289280836,0.6659681373385875,9,COMPLETE,0.9
14,0.004600353232748496,2024-10-17 22:06:44.394357,2024-10-17 22:06:45.033218,0 days 00:00:00.638861,0.00044514581724268014,0.8319397187326643,0.08688356341282667,7,51,6.555654376772156,0.8126380287537323,269,162,0.737012873134458,0.8006237958881379,0.9972522475070025,10,COMPLETE,0.9
15,0.005363543660632588,2024-10-17 22:06:45.033448,2024-10-17 22:06:45.718807,0 days 00:00:00.685359,0.0011377147635818676,0.8464124656616514,0.09999458364798175,7,78,9.943308243983799,0.8169714926691127,299,78,0.7889294254823132,0.8539498173673961,0.9939203282277209,10,COMPLETE,0.9
16,0.024615391918885326,2024-10-17 22:06:45.719036,2024-10-17 22:06:46.469502,0 days 00:00:00.750466,0.01786480249369656,0.8404618010200481,0.06845663522428319,7,63,6.643973775872051,0.8062542049758017,292,174,0.8393481896385431,0.7842091922832158,0.9214732781738466,9,COMPLETE,0.9
17,0.018305968516712234,2024-10-17 22:06:46.469852,2024-10-17 22:06:49.537407,0 days 00:00:03.067555,0.006015662751635206,0.9649096840065049,0.07776888060151928,10,47,6.6377290956314745,0.017646925556917714,353,74,0.6626840396385474,0.7573760562041959,0.6990715595982546,8,COMPLETE,0.9
18,0.005012942035986469,2024-10-17 22:06:49.537643,2024-10-17 22:06:50.177287,0 days 00:00:00.639644,0.0001992264465493062,0.802147330579233,0.04922603728429656,6,83,9.195659551006816,0.5933944163453051,194,159,0.9972526830339875,0.30736065825236736,0.9432810754847085,10,COMPLETE,0.9
19,0.024615391918885326,2024-10-17 22:06:50.177519,2024-10-17 22:06:51.713359,0 days 00:00:01.535840,0.9807983012236381,0.7932248953827608,0.05258704874968819,10,23,6.531566230658046,0.8165427257246007,611,66,0.40435574923467255,0.4832320814238273,0.8428200396841741,8,COMPLETE,0.9
