number,value,datetime_start,datetime_complete,duration,params_alpha,params_colsample_bytree,params_learning_rate,params_max_depth,params_min_child_samples,params_min_child_weight,params_min_split_gain,params_n_estimators,params_num_leaves,params_reg_alpha,params_reg_lambda,params_subsample,params_subsample_freq,state,quantile
15,0.00464770170905571,2024-10-17 21:58:22.875331,2024-10-17 21:58:24.302763,0 days 00:00:01.427432,0.00014583604486967513,0.5036300890650064,0.013937395823023033,11,30,2.0225020877202184,0.7564433438019633,305,26,0.7486469423519134,0.023770841391986708,0.9166437773424092,3,COMPLETE,0.4
16,0.0073303497205478,2024-10-17 21:58:24.302994,2024-10-17 21:58:26.983265,0 days 00:00:02.680271,0.0009782262271669617,0.5803837878287303,0.04334055318344251,7,28,2.6032832635272616,0.43065156332474286,373,143,0.992226191622172,0.16233893340498348,0.8501959304137262,3,COMPLETE,0.4
17,0.004544266167651121,2024-10-17 21:58:26.983497,2024-10-17 21:58:32.269400,0 days 00:00:05.285903,0.00011660211374674819,0.9770672007766099,0.023737861303364215,18,63,0.20396833777613388,0.8340158922085038,722,214,0.3671706955249875,0.2976363621954053,0.9534772558428666,2,COMPLETE,0.4
18,0.006650308136307186,2024-10-17 21:58:32.269642,2024-10-17 21:58:35.990450,0 days 00:00:03.720808,0.0007837230058375966,0.5681033682104789,0.013314462823540117,10,54,1.5528288284125877,0.6826567133558292,337,85,0.04605125469177307,0.13257726059587166,0.8441773569718549,2,COMPLETE,0.4
19,0.005025381103195489,2024-10-17 21:58:35.990682,2024-10-17 21:58:39.952897,0 days 00:00:03.962215,0.00035908170868586056,0.7300069143293467,0.010143951204645847,12,24,3.262873652810431,0.5105347768682618,227,144,0.5101360724843875,0.017672454740199565,0.9998531633237606,4,COMPLETE,0.4
0,0.01288631389896353,2024-10-17 21:59:05.939651,2024-10-17 21:59:07.833243,0 days 00:00:01.893592,0.0027190770849442863,0.6368260268535038,0.028309325073429197,5,33,3.5204644113197476,0.23526745749075928,472,284,0.855973030816462,0.1750871434826623,0.9712372698583647,7,COMPLETE,0.5
1,0.02989612477347006,2024-10-17 21:59:07.833475,2024-10-17 21:59:08.038037,0 days 00:00:00.204562,0.3721072967166256,0.5911408241532374,0.02215145205882037,3,79,4.553454611616076,0.8445140394188955,112,179,0.45609225695289735,0.07488754399732478,0.8161264952339408,6,COMPLETE,0.5
2,0.02989612477347006,2024-10-17 21:59:08.038278,2024-10-17 21:59:09.362553,0 days 00:00:01.324275,0.5582186977072807,0.7218559743850708,0.025789842992460885,3,55,2.8245190510049585,0.9302301994327108,865,144,0.5367764570899483,0.12244387990313543,0.5976581786165671,6,COMPLETE,0.5
3,0.014994671247047996,2024-10-17 21:59:09.362788,2024-10-17 21:59:15.173481,0 days 00:00:05.810693,0.0033034638031205097,0.8205309833060184,0.026443715193801898,16,61,7.5328477460891365,0.5555316140539335,599,295,0.7173459829363968,0.6922026821180617,0.9908371427531426,2,COMPLETE,0.5
4,0.009205862751616646,2024-10-17 21:59:15.173725,2024-10-17 21:59:15.823344,0 days 00:00:00.649619,0.0016907542448025396,0.7666740271661304,0.059395499340827974,9,93,1.2681060709335312,0.4724265444282596,108,116,0.44722989141663716,0.1510730739224616,0.6882358045877144,1,COMPLETE,0.5
5,0.02989612477347006,2024-10-17 21:59:15.823567,2024-10-17 21:59:21.870740,0 days 00:00:06.047173,0.07416217744654195,0.7454768387550199,0.05023904770370788,16,81,8.059268198953323,0.3873690679186196,606,251,0.7061219666906483,0.47179017023092873,0.6708524746718387,1,COMPLETE,0.5
6,0.02989612477347006,2024-10-17 21:59:21.870976,2024-10-17 21:59:24.469689,0 days 00:00:02.598713,0.008297016653021815,0.9616018698016666,0.09604074919128178,17,82,0.5233222074380902,0.7005065107388567,530,91,0.02503247876885928,0.19494107306922914,0.6179614711242198,2,COMPLETE,0.5
7,0.0063678355905054315,2024-10-17 21:59:24.469915,2024-10-17 21:59:30.589589,0 days 00:00:06.119674,0.0008157021908429778,0.6372612835479005,0.013661487036064505,13,72,0.3402894864891304,0.8376694712309921,597,130,0.06130982124638906,0.5143483886212541,0.9215937341094191,2,COMPLETE,0.5
8,0.004448713495879513,2024-10-17 21:59:30.589830,2024-10-17 21:59:33.968070,0 days 00:00:03.378240,0.00016993721873268428,0.7434335168455786,0.0291465971750016,19,77,8.797635632843619,0.9529971446629089,846,177,0.7846052288940519,0.1454731438595015,0.5403317186723304,2,COMPLETE,0.5
9,0.02989612477347006,2024-10-17 21:59:33.968300,2024-10-17 21:59:37.981332,0 days 00:00:04.013032,0.22291661529805123,0.5302589803090909,0.02711118831179462,10,6,9.238215290809274,0.5711603786851606,374,267,0.8484028557650276,0.4284680003422463,0.6000348715329943,5,COMPLETE,0.5
10,0.004318136165865132,2024-10-17 21:59:37.981716,2024-10-17 21:59:42.951143,0 days 00:00:04.969427,0.0001428308887639343,0.9175958686197159,0.010159590602469354,20,38,6.326708959838074,0.00035865482626351586,990,31,0.9954560012299116,0.9687536621182837,0.5052382005616927,10,COMPLETE,0.5
11,0.0042531733825742,2024-10-17 21:59:42.951383,2024-10-17 21:59:49.724522,0 days 00:00:06.773139,0.00011493282379578078,0.9156438360922101,0.010055997189330331,20,32,6.746322329190807,0.03878250881511481,982,46,0.966537016531468,0.9423200278895199,0.5125082692688389,10,COMPLETE,0.5
12,0.004250037883749364,2024-10-17 21:59:49.724752,2024-10-17 21:59:53.620790,0 days 00:00:03.896038,0.00011185541525984205,0.9755657668391206,0.010004825035728084,20,31,6.358839414454154,0.005962609097092382,999,23,0.9255243119344891,0.987041947211894,0.521900007068391,10,COMPLETE,0.5
13,0.004921124898095847,2024-10-17 21:59:53.621020,2024-10-17 21:59:57.513239,0 days 00:00:03.892219,0.00036617038232242114,0.9998183217351636,0.015251499576920702,13,21,6.207156981527811,0.014739120728315047,990,21,0.9783580831878023,0.9960183064610925,0.7915728337259459,10,COMPLETE,0.5
14,0.004279492652980442,2024-10-17 21:59:57.513468,2024-10-17 22:00:04.970339,0 days 00:00:07.456871,0.00012127902447968837,0.8840805882784791,0.010903609653788691,20,38,5.777896505841433,0.1672309328996506,792,68,0.2559935008279136,0.8207379619522245,0.5001548306732652,8,COMPLETE,0.5
15,0.02989612477347006,2024-10-17 22:00:04.970582,2024-10-17 22:00:11.648107,0 days 00:00:06.677525,0.02776675510848656,0.8616981887334672,0.019433260979132123,18,21,9.991372685107875,0.18668155037279877,787,58,0.6020566675994454,0.8101052689572162,0.7160894207533315,9,COMPLETE,0.5
16,0.005460019697649506,2024-10-17 22:00:11.648340,2024-10-17 22:00:17.358507,0 days 00:00:05.710167,0.000561637576689746,0.9541680741751231,0.01575400546490336,14,46,7.3024930172793585,0.2854761558511774,696,59,0.9313385709810006,0.8346635054940906,0.5590621702417053,8,COMPLETE,0.5
17,0.005080237092420775,2024-10-17 22:00:17.358744,2024-10-17 22:00:23.422099,0 days 00:00:06.063355,0.0003982818150813231,0.8305988478444479,0.012903853883616402,7,18,4.812667372025476,0.07858757514610237,924,98,0.26724283570853885,0.6474778488705332,0.6466437750716354,9,COMPLETE,0.5
18,0.02989612477347006,2024-10-17 22:00:23.422331,2024-10-17 22:00:29.927287,0 days 00:00:06.504956,0.008856048808256377,0.9905625952663608,0.039671578354258386,15,8,3.6515112601758624,0.33410519255581805,277,206,0.6638523734807801,0.9226420086050848,0.7717156074584628,4,COMPLETE,0.5
19,0.008185040737640606,2024-10-17 22:00:29.927531,2024-10-17 22:00:32.601452,0 days 00:00:02.673921,0.0014143752334133365,0.9129146435253817,0.017707998867904178,18,29,6.740939214548181,0.12096875865106069,762,20,0.8408150101116708,0.6756285735374469,0.5566939155904971,10,COMPLETE,0.5
0,0.006535405305274973,2024-10-17 22:00:56.730104,2024-10-17 22:00:58.472793,0 days 00:00:01.742689,0.0010450040723599396,0.991459274319594,0.05323079469110966,5,58,7.0139562483535665,0.9226191083546412,572,295,0.46766433217510583,0.3953248780624121,0.9517342049267192,1,COMPLETE,0.6
1,0.007397058174098307,2024-10-17 22:00:58.473027,2024-10-17 22:00:59.368595,0 days 00:00:00.895568,0.0012878358601492513,0.8919984788620262,0.05593456170188294,8,74,2.567867234419345,0.32549477917135405,149,276,0.34522152183838584,0.5414600006409608,0.5813954828280125,9,COMPLETE,0.6
2,0.005150521415516614,2024-10-17 22:00:59.368835,2024-10-17 22:01:01.442700,0 days 00:00:02.073865,0.0005159501128481458,0.9202733856695915,0.08794909342585602,8,95,1.6772330317970991,0.2651748379863844,387,48,0.5970162037903466,0.543766748972856,0.836630964250278,8,COMPLETE,0.6
3,0.005505459734679743,2024-10-17 22:01:01.442934,2024-10-17 22:01:06.300973,0 days 00:00:04.858039,0.0005925495961559063,0.5849572776324086,0.030560842054068213,19,96,8.512589083458241,0.5044333179425753,704,55,0.21584999135088723,0.1426864767039654,0.6345011712995005,8,COMPLETE,0.6
4,0.009895851525936613,2024-10-17 22:01:06.301206,2024-10-17 22:01:14.693362,0 days 00:00:08.392156,0.002100331409673206,0.9099209904760297,0.03217699646698579,18,65,1.510584789479294,0.3453696355474528,787,297,0.4218339867590494,0.4983810906121452,0.9153121267301458,9,COMPLETE,0.6
5,0.004626032350668338,2024-10-17 22:01:14.693600,2024-10-17 22:01:22.489395,0 days 00:00:07.795795,0.000313444315588716,0.9850013645816923,0.09156445102658435,11,39,6.162358023241319,0.10546846519712516,813,154,0.45328577127760306,0.5944066911461736,0.703098749992785,5,COMPLETE,0.6
6,0.028575941559823872,2024-10-17 22:01:22.489626,2024-10-17 22:01:29.609180,0 days 00:00:07.119554,0.04471843522732439,0.7497832153849808,0.038035119665385544,16,20,1.7105883189762079,0.017137829117258474,496,120,0.08622063113291767,0.4776096725392176,0.6083860990682074,1,COMPLETE,0.6
7,0.028575941559823872,2024-10-17 22:01:29.609407,2024-10-17 22:01:31.482778,0 days 00:00:01.873371,0.00804207662202131,0.937868989901288,0.047392782904177415,9,16,9.289616946855244,0.6137909537326253,145,164,0.10842775174079744,0.7116945017975922,0.9640648762457908,7,COMPLETE,0.6
8,0.028575941559823872,2024-10-17 22:01:31.483012,2024-10-17 22:01:37.228534,0 days 00:00:05.745522,0.2586452920966919,0.6925675114218792,0.022014159505816523,16,38,3.823499203823417,0.9685018320007158,948,125,0.3040981190213652,0.7299930467168859,0.7949038314516227,9,COMPLETE,0.6
9,0.005560670602162467,2024-10-17 22:01:37.228757,2024-10-17 22:01:38.448195,0 days 00:00:01.219438,0.0005930421381697891,0.5280957055350313,0.024099823373722955,7,85,0.48012970293668095,0.04306798566118619,157,166,0.1791081883737402,0.5068371347615992,0.8926141056113459,5,COMPLETE,0.6
10,0.004278966212020919,2024-10-17 22:01:38.448548,2024-10-17 22:01:48.202797,0 days 00:00:09.754249,0.00014588728084986824,0.8010753969483371,0.010471163963219985,12,35,5.777621531272868,0.682369598396237,987,222,0.8924313900616038,0.9906526777461975,0.7096209917182476,4,COMPLETE,0.6
11,0.004219283509033222,2024-10-17 22:01:48.203033,2024-10-17 22:01:56.655803,0 days 00:00:08.452770,0.00010988063750507953,0.8029726713280523,0.012623151998511618,12,38,5.757481366508117,0.7065095309308923,981,222,0.8829726345035595,0.9845008347561758,0.7078779322708385,4,COMPLETE,0.6
12,0.004345632102337878,2024-10-17 22:01:56.656045,2024-10-17 22:02:05.440374,0 days 00:00:08.784329,0.00015701809267043858,0.8058060200081854,0.01055558042421352,13,39,5.475718826105933,0.7714322936121498,1000,237,0.9450897193506754,0.9969496124087083,0.7056981967328645,3,COMPLETE,0.6
13,0.004199849037565843,2024-10-17 22:02:05.440617,2024-10-17 22:02:15.503561,0 days 00:00:10.062944,0.0001082505101846311,0.8144987977206969,0.010186147050916817,13,25,4.2661918581235,0.7330878738098285,866,219,0.9757897989122284,0.9530196958882442,0.7358964554827788,3,COMPLETE,0.6
14,0.02237854909615193,2024-10-17 22:02:15.503800,2024-10-17 22:02:25.317941,0 days 00:00:09.814141,0.005643553418487372,0.6804809184983038,0.01565347475718611,14,5,4.050663754433228,0.7883060152422611,847,223,0.7392072944876642,0.7958642917818193,0.7700980891546884,3,COMPLETE,0.6
15,0.028575941559823872,2024-10-17 22:02:25.318184,2024-10-17 22:02:26.402855,0 days 00:00:01.084671,0.8444054896815881,0.8326690319632435,0.015764980781654156,3,23,7.243838735939962,0.5372762629595167,648,201,0.7875602830028707,0.8555402800097511,0.6550499616479054,3,COMPLETE,0.6
16,0.028575941559823872,2024-10-17 22:02:26.403085,2024-10-17 22:02:31.490466,0 days 00:00:05.087381,0.05146335423090698,0.7447664982917737,0.014608209438979423,10,51,4.1076528346913745,0.8031231401487061,887,255,0.6359583357173086,0.8891445490524738,0.5084398235263903,6,COMPLETE,0.6
17,0.004229066308734299,2024-10-17 22:02:31.490696,2024-10-17 22:02:40.331415,0 days 00:00:08.840719,0.00011303184361164732,0.8469256080817337,0.012830432964358086,15,50,4.599844029151918,0.6503943541233859,713,188,0.8347706555456834,0.2568586346419516,0.8344950459859876,4,COMPLETE,0.6
18,0.012005652313163738,2024-10-17 22:02:40.331644,2024-10-17 22:02:46.282420,0 days 00:00:05.950776,0.002707179949621036,0.7264800516591873,0.019715527623708748,12,30,2.8595714042380567,0.4270573361522604,413,262,0.969848189009392,0.907975363544232,0.7450075389447997,1,COMPLETE,0.6
19,0.004585599912173073,2024-10-17 22:02:46.282658,2024-10-17 22:02:54.196240,0 days 00:00:07.913582,0.00024232472581914945,0.6338328971862681,0.01000607959366681,17,7,7.230057042940059,0.8641029897500034,908,85,0.6735418762845344,0.0006512701079578465,0.5306712116728636,2,COMPLETE,0.6
0,0.008643296361328281,2024-10-17 22:03:54.939207,2024-10-17 22:03:55.848227,0 days 00:00:00.909020,0.001842036914355314,0.7986111121047939,0.031808104248979154,6,77,7.472464795970596,0.07825907094717033,164,243,0.6563371052308506,0.5719500132934507,0.973660008850991,7,COMPLETE,0.7
1,0.02725575834617769,2024-10-17 22:03:55.848462,2024-10-17 22:03:57.288121,0 days 00:00:01.439659,0.02135575376875886,0.7032866568524903,0.08675703449613033,12,70,8.961386697046738,0.3789475604605793,302,31,0.23175829288165706,0.6179857713175725,0.5164770945830812,10,COMPLETE,0.7
2,0.02725575834617769,2024-10-17 22:03:57.288359,2024-10-17 22:03:57.928222,0 days 00:00:00.639863,0.34223353142392005,0.5149641442589947,0.031056778388683957,16,42,2.15860538732563,0.4957792596980656,124,33,0.37870365312308596,0.3695531741654793,0.5687191444511792,2,COMPLETE,0.7
3,0.02725575834617769,2024-10-17 22:03:57.928458,2024-10-17 22:04:00.317586,0 days 00:00:02.389128,0.25728226526004533,0.8479949997158864,0.013503019531427319,6,72,5.694821319561489,0.5185460788461264,532,186,0.6831267420766557,0.642696978957755,0.7792897638284847,5,COMPLETE,0.7
4,0.005830172114725931,2024-10-17 22:04:00.317822,2024-10-17 22:04:05.936896,0 days 00:00:05.619074,0.0008490299470087304,0.8391337040621504,0.023572645147275917,11,63,4.291706528841052,0.4164054433070393,823,55,0.4994865313461412,0.9218751693366846,0.6968742186127478,2,COMPLETE,0.7
5,0.02725575834617769,2024-10-17 22:04:05.937133,2024-10-17 22:04:19.669980,0 days 00:00:13.732847,0.021286407438117085,0.6584339342145091,0.01571892042823054,13,36,3.409286943423063,0.1938808434929018,819,218,0.374216144199363,0.5175455350687964,0.6907879556297394,5,COMPLETE,0.7
6,0.004905156356823733,2024-10-17 22:04:19.670209,2024-10-17 22:04:22.174800,0 days 00:00:02.504591,0.0004141586155526714,0.7584647054234875,0.053219573531261666,14,91,1.6822719181169685,0.9790203722088652,722,171,0.6008490454155464,0.7416918638335387,0.8529609806479972,8,COMPLETE,0.7
7,0.02725575834617769,2024-10-17 22:04:22.175030,2024-10-17 22:04:25.169517,0 days 00:00:02.994487,0.19539606556535496,0.7735340845104968,0.03486574780968293,7,42,8.655440455794876,0.71297797092009,794,233,0.8650412655233958,0.2396662024479581,0.713257306728245,10,COMPLETE,0.7
8,0.02725575834617769,2024-10-17 22:04:25.169750,2024-10-17 22:04:29.959588,0 days 00:00:04.789838,0.020958605027039567,0.5157397642455122,0.03597800045128921,11,22,3.1267203002415647,0.41632067561466546,500,102,0.7889878204748982,0.7280803523901879,0.7456074522687433,4,COMPLETE,0.7
9,0.018171767169434475,2024-10-17 22:04:29.959825,2024-10-17 22:04:33.147291,0 days 00:00:03.187466,0.004889694338717899,0.6164374439994094,0.042647809531587616,10,60,4.25681151453889,0.4120992263687677,364,253,0.5894346265616958,0.39920288007059546,0.9220038226315673,4,COMPLETE,0.7
10,0.004632682994363925,2024-10-17 22:04:33.147687,2024-10-17 22:04:35.417192,0 days 00:00:02.269505,0.0003153604072030766,0.9701961102811633,0.07290256115201897,20,99,0.15693038416655836,0.9464518485039862,679,132,0.014200551859732458,0.04764667983391779,0.8588750896189618,8,COMPLETE,0.7
11,0.004453537617093907,2024-10-17 22:04:35.417426,2024-10-17 22:04:38.479665,0 days 00:00:03.062239,0.0001203157233962347,0.9825305442136177,0.07396150783439993,20,93,0.1957151183346022,0.972746780501979,984,136,0.07014263308672142,0.06084978243016463,0.8564489110889176,8,COMPLETE,0.7
12,0.004416048018357901,2024-10-17 22:04:38.479907,2024-10-17 22:04:41.083094,0 days 00:00:02.603187,0.00011763229841985954,0.9980942260451542,0.09906706501787463,20,99,0.5419538393018313,0.9997992867613379,994,117,0.023775062573093145,0.032291221189903144,0.8506935861444069,8,COMPLETE,0.7
13,0.004461958311304911,2024-10-17 22:04:41.083335,2024-10-17 22:04:44.361380,0 days 00:00:03.278045,0.00010835393552786977,0.9964378513565381,0.060909191732450164,20,87,0.028204819400253656,0.78267375121246,948,100,0.0010341036767194424,0.046591689057497554,0.830892961532603,8,COMPLETE,0.7
14,0.004362155101616388,2024-10-17 22:04:44.361629,2024-10-17 22:04:47.167029,0 days 00:00:02.805400,0.00016043905636739845,0.9145237959769188,0.0996547414879918,17,96,1.5813752737569862,0.8145350412074697,997,296,0.15359072363910198,0.18871483989940596,0.9285673563265915,7,COMPLETE,0.7
15,0.008074684962964842,2024-10-17 22:04:47.167253,2024-10-17 22:04:51.718458,0 days 00:00:04.551205,0.0016468105246947356,0.9016902840261003,0.09233008459161737,17,6,1.7078063727987476,0.7761211236913543,916,282,0.20564331998394458,0.20300032569437731,0.9495736081278958,6,COMPLETE,0.7
16,0.0045451640869682425,2024-10-17 22:04:51.718696,2024-10-17 22:04:55.131640,0 days 00:00:03.412944,0.00030320109179989235,0.9143555360632138,0.09966074190476451,17,81,5.954337077483277,0.6547837656994959,988,295,0.1788398931881915,0.20479348847032988,0.9105103793232775,9,COMPLETE,0.7
17,0.016862070791457472,2024-10-17 22:04:55.131867,2024-10-17 22:04:56.301670,0 days 00:00:01.169803,0.004544705837637404,0.9252553954000327,0.053015026185974576,3,98,1.1246392782136208,0.8500180894709384,647,196,0.30864207019193224,0.33672369271492386,0.8045747989124009,7,COMPLETE,0.7
18,0.005728191968981745,2024-10-17 22:04:56.301903,2024-10-17 22:05:01.059093,0 days 00:00:04.757190,0.000768755443116062,0.881910701561476,0.02200214619349311,15,85,2.8146613531009397,0.867617209007859,883,87,0.12356176264260524,0.1569621060749714,0.9880106721040065,6,COMPLETE,0.7
19,0.02725575834617769,2024-10-17 22:05:01.059325,2024-10-17 22:05:04.138569,0 days 00:00:03.079244,0.0921916411932022,0.941870153904863,0.06808881523290067,18,52,1.2807372382580042,0.609625069709369,614,139,0.30666206908638405,0.0135513353958574,0.634114176405099,9,COMPLETE,0.7
0,0.02593557513253151,2024-10-17 22:05:20.656996,2024-10-17 22:05:28.014371,0 days 00:00:07.357375,0.025115509196177936,0.6311372494557128,0.05320046738583877,17,17,3.0249614643980447,0.329640501266266,804,178,0.1380352436952259,0.367556776579275,0.9677282756683734,1,COMPLETE,0.8
1,0.02593557513253151,2024-10-17 22:05:28.014605,2024-10-17 22:05:29.659764,0 days 00:00:01.645159,0.00790786800994978,0.9873654215654188,0.019846645094142402,6,32,5.731807665373512,0.9544749048171571,357,41,0.4363190492964044,0.0077592899001655,0.998698872690577,10,COMPLETE,0.8
2,0.02593557513253151,2024-10-17 22:05:29.659993,2024-10-17 22:05:33.611650,0 days 00:00:03.951657,0.09093488211769532,0.518498186060047,0.036724862434410685,20,89,7.942594462862546,0.5081731563921891,874,248,0.2501436547888385,0.9771262461902295,0.7827243249060619,3,COMPLETE,0.8
3,0.005101632305539639,2024-10-17 22:05:33.611876,2024-10-17 22:05:33.803334,0 days 00:00:00.191458,0.00010247629233103455,0.5187822682524902,0.027692703337600707,3,51,0.9862612379529014,0.33308881566530946,117,196,0.9193494384612443,0.8395156145179004,0.6136909999266273,6,COMPLETE,0.8
4,0.0045882206759107836,2024-10-17 22:05:33.803556,2024-10-17 22:05:37.577574,0 days 00:00:03.774018,0.00035733654810567834,0.7615786394178676,0.032692908567604984,14,6,0.06573329675832118,0.7998380248824785,651,251,0.6983534502633277,0.5194593853849618,0.8742662660908702,2,COMPLETE,0.8
5,0.02593557513253151,2024-10-17 22:05:37.577804,2024-10-17 22:05:44.614505,0 days 00:00:07.036701,0.01109284798985251,0.7184959962808689,0.027528313909607204,8,5,2.3158895359591067,0.22917082693361146,756,113,0.1579597007265564,0.7268431700145547,0.5575621251910527,3,COMPLETE,0.8
6,0.02593557513253151,2024-10-17 22:05:44.614735,2024-10-17 22:05:45.229413,0 days 00:00:00.614678,0.057621736700520655,0.6377577473452307,0.06598761960075072,3,8,1.485241823364933,0.7184289364288113,348,20,0.9157769203503823,0.44154491644062266,0.8556427285284638,3,COMPLETE,0.8
7,0.005662132711142424,2024-10-17 22:05:45.229640,2024-10-17 22:05:47.859556,0 days 00:00:02.629916,0.0008679167541778467,0.5768488468718465,0.07386032580712375,9,22,2.8158161820717424,0.3537509944062508,637,26,0.7623247274861317,0.4873667346511297,0.8987331427803095,9,COMPLETE,0.8
8,0.017610437684019882,2024-10-17 22:05:47.859791,2024-10-17 22:05:48.862316,0 days 00:00:01.002525,0.005252549924088042,0.5477267375070917,0.02729124441299028,3,95,4.262272340404063,0.4367771396329424,616,61,0.40899578319683816,0.8226557964033567,0.8047038992901925,6,COMPLETE,0.8
9,0.005115571299945719,2024-10-17 22:05:48.862538,2024-10-17 22:05:51.394811,0 days 00:00:02.532273,0.0006417188263556572,0.5980703592077838,0.06466207956260908,16,35,3.643167037547301,0.5828466391523116,589,62,0.28742038408893333,0.17629092955309045,0.8069460649671311,3,COMPLETE,0.8
10,0.02593557513253151,2024-10-17 22:05:51.395192,2024-10-17 22:06:02.742613,0 days 00:00:11.347421,0.6006553147690776,0.8837503364505559,0.010932889242561151,14,68,9.773029644993557,0.026925559296822166,960,299,0.6672694701873456,0.6488286779931851,0.6792229988883902,1,COMPLETE,0.8
