number,value,datetime_start,datetime_complete,duration,params_colsample_bytree,params_learning_rate,params_max_depth,params_min_child_samples,params_min_child_weight,params_min_split_gain,params_n_estimators,params_num_leaves,params_reg_alpha,params_reg_lambda,params_subsample,params_subsample_freq,state,alpha
3,0.0016672524844516545,2024-10-26 14:35:02.387579,2024-10-26 14:35:04.958433,0 days 00:00:02.570854,0.8422470688292976,0.027688168903981094,10,11,2.7291982134062054,0.7999336608343359,757,202,0.12995414073362088,0.8117490390897707,0.7678579082034493,7,COMPLETE,0.9
4,0.0018715922255150088,2024-10-26 14:35:04.958632,2024-10-26 14:35:10.194630,0 days 00:00:05.235998,0.6785507010731335,0.011026555068958797,13,80,1.3934883618249272,0.2042841392655378,650,74,0.9850724361614123,0.5486082594226702,0.603462153416157,2,COMPLETE,0.9
5,0.0022132286188024522,2024-10-26 14:35:10.194834,2024-10-26 14:35:11.821609,0 days 00:00:01.626775,0.7037470710169205,0.02156547890102999,16,84,4.739007844293646,0.0693019100513218,186,64,0.19213392807991447,0.1487230504222582,0.796858573909055,9,PRUNED,0.9
6,0.005713947298051558,2024-10-26 14:35:11.821758,2024-10-26 14:35:12.763520,0 days 00:00:00.941762,0.7605030474908447,0.011002170082359188,20,86,3.909392525793681,0.4639268767825032,134,247,0.5886504059061624,0.29865499991001454,0.6422587530074575,7,PRUNED,0.9
7,0.0016334332534060476,2024-10-26 14:35:12.763653,2024-10-26 14:35:16.433981,0 days 00:00:03.670328,0.6598981490234335,0.05752853060602046,18,99,1.408091515672549,0.1992504232388579,594,96,0.47743281646451197,0.0764681448358332,0.6788561235018662,7,COMPLETE,0.9
8,0.0018493093781014333,2024-10-26 14:35:16.434177,2024-10-26 14:35:18.308098,0 days 00:00:01.873921,0.9727859262908574,0.020636480032920245,5,38,5.028144393813894,0.9333361646929619,723,277,0.220068972808537,0.8644195573769451,0.81187229367668,2,COMPLETE,0.9
9,0.0018538075247534066,2024-10-26 14:35:18.308570,2024-10-26 14:35:21.077133,0 days 00:00:02.768563,0.6740256914202813,0.019960053067255255,8,13,7.28414921503922,0.6841360355641739,804,213,0.9327412003718454,0.7806891649962137,0.86488703973076,3,COMPLETE,0.9
10,0.0028067867076738556,2024-10-26 14:35:21.077476,2024-10-26 14:35:23.387464,0 days 00:00:02.309988,0.5271142891796288,0.06268988178073535,20,54,0.9131559302753454,0.26297988188312543,400,125,0.5397001790472925,0.015227433082761498,0.9372419129020236,10,PRUNED,0.9
11,0.0025089003526130157,2024-10-26 14:35:23.387608,2024-10-26 14:35:25.591177,0 days 00:00:02.203569,0.9167309258880606,0.041963274016568616,14,5,2.9971823823752026,0.9260139372897825,928,104,0.36901585871248804,0.6435400850401649,0.700204845841621,8,PRUNED,0.9
12,0.00285603875776932,2024-10-26 14:35:25.591318,2024-10-26 14:35:26.901636,0 days 00:00:01.310318,0.8697209094584493,0.038659138477162,17,52,0.04696606453744767,0.770401375386774,449,174,0.7367319227228928,0.6542151538641039,0.7321098995509077,5,PRUNED,0.9
13,0.00151573701104127,2024-10-26 14:35:26.901773,2024-10-26 14:35:29.429484,0 days 00:00:02.527711,0.8259234996930878,0.060814852317430834,10,29,2.4610753166379498,0.301817872587759,792,21,0.0459006035479958,0.4181323174343965,0.984937072996079,7,COMPLETE,0.9
14,0.0017755633893471654,2024-10-26 14:35:29.429676,2024-10-26 14:35:31.361066,0 days 00:00:01.931390,0.6107765054399072,0.06201654596864099,12,100,1.5825415297657006,0.041239660554744095,540,20,0.0042333188722344095,0.40513707157253587,0.9914278273270211,6,COMPLETE,0.9
15,0.002441043224409721,2024-10-26 14:35:31.361260,2024-10-26 14:35:34.007791,0 days 00:00:02.646531,0.828082759757287,0.06578680890884069,17,27,6.7296307798746975,0.2959128216544986,833,21,0.35765025987444543,0.030680477767253224,0.8774089587571592,8,PRUNED,0.9
16,0.0037365528757620885,2024-10-26 14:35:34.007926,2024-10-26 14:35:36.927764,0 days 00:00:02.919838,0.5869831985950509,0.0993439338511844,15,62,0.5398363812219441,0.1455632860501882,291,91,0.7315823440899543,0.4973305818816201,0.678185391769637,5,PRUNED,0.9
17,0.0015550862151270386,2024-10-26 14:35:36.929606,2024-10-26 14:35:39.588613,0 days 00:00:02.659007,0.793238807188425,0.04822075754069852,9,32,3.4467689822852305,0.35738114276283833,677,121,0.00892626275107622,0.18627401115082318,0.5251320778703016,10,COMPLETE,0.9
18,0.0014937027055867329,2024-10-26 14:35:39.588818,2024-10-26 14:35:43.183919,0 days 00:00:03.595101,0.7996449331333578,0.045373491307862904,9,27,6.381959242584399,0.3697162508220121,989,151,0.00024497034067280654,0.2459109939685526,0.5276814166831897,10,COMPLETE,0.9
19,0.0016741247935939468,2024-10-26 14:35:43.184123,2024-10-26 14:35:46.205389,0 days 00:00:03.021266,0.9057558767887662,0.034239341871103036,7,22,6.9611515227125444,0.5183676259354275,979,287,0.2908372195197686,0.28469133809349445,0.9927629297169477,9,COMPLETE,0.9
