number,value,datetime_start,datetime_complete,duration,params_colsample_bytree,params_learning_rate,params_max_depth,params_min_child_samples,params_n_estimators,params_num_leaves,params_reg_alpha,params_reg_lambda,params_subsample,state,alpha
0,4.348909154565379,2024-10-12 21:27:56.959007,2024-10-12 21:28:01.918810,0 days 00:00:04.959803,0.6009039232989948,0.019403530155362073,15,31,364,126,0.7581815831116506,0.7586314210495746,0.5858030501518517,COMPLETE,0.1
1,4.236499646263017,2024-10-12 21:28:01.919038,2024-10-12 21:28:12.078746,0 days 00:00:10.159708,0.6731621355248344,0.03182967475324039,8,6,972,95,0.7634742974048719,0.2955564092776297,0.8265733808049129,COMPLETE,0.1
2,4.132498915380505,2024-10-12 21:28:12.078961,2024-10-12 21:28:24.247765,0 days 00:00:12.168804,0.8808664708157061,0.010225025506705844,19,45,787,162,0.1829965192603843,0.30906047262531067,0.6531035889620862,COMPLETE,0.1
3,3.958834250826463,2024-10-12 21:28:24.247927,2024-10-12 21:28:40.336553,0 days 00:00:16.088626,0.5053477695915398,0.08352798744453825,20,38,958,148,0.3888501399355554,0.25266623375462094,0.6957213204402982,COMPLETE,0.1
4,4.2395009004072,2024-10-12 21:28:40.336727,2024-10-12 21:28:51.714178,0 days 00:00:11.377451,0.7958376612202795,0.01913706445059767,9,27,919,130,0.28640635304558204,0.9289789919089364,0.8591400304781192,COMPLETE,0.1
5,4.4722141703003,2024-10-12 21:28:51.714346,2024-10-12 21:28:54.249513,0 days 00:00:02.535167,0.5180963160588908,0.057402836583735295,6,70,553,51,0.7436530605391722,0.22636934934979813,0.5953441487204623,PRUNED,0.1
6,4.276105427979011,2024-10-12 21:28:54.249686,2024-10-12 21:29:03.823727,0 days 00:00:09.574041,0.5933283192667989,0.014230192517923637,9,72,981,239,0.6094277150635319,0.5588942637828802,0.8150769978579291,PRUNED,0.1
7,4.906628707714643,2024-10-12 21:29:03.823860,2024-10-12 21:29:06.534094,0 days 00:00:02.710234,0.8482324396059969,0.015167563160781872,14,85,253,223,0.728203291860604,0.3530752451538395,0.8340330257483277,PRUNED,0.1
8,4.5043134017723165,2024-10-12 21:29:06.534220,2024-10-12 21:29:11.302045,0 days 00:00:04.767825,0.5186749406534137,0.01503493825820719,14,80,357,259,0.9904350736409969,0.2260011457283707,0.666753000644219,PRUNED,0.1
9,4.177334969372557,2024-10-12 21:29:11.303545,2024-10-12 21:29:15.972501,0 days 00:00:04.668956,0.6033142939379275,0.03581599280857854,11,71,395,260,0.0004803504356419852,0.8381839742558902,0.5245190518791416,COMPLETE,0.1
10,4.130023306011576,2024-10-12 21:29:15.972684,2024-10-12 21:29:19.399955,0 days 00:00:03.427271,0.9764562398374241,0.09687540431387594,20,47,669,38,0.39434762722861993,0.08050259188580064,0.9764398760945623,COMPLETE,0.1
11,4.4998286912238585,2024-10-12 21:29:19.400132,2024-10-12 21:29:21.811487,0 days 00:00:02.411355,0.9763925708934877,0.09832025809132462,20,47,693,23,0.4174009501987843,0.02746121247131028,0.9982993973288083,PRUNED,0.1
12,3.9189177873808045,2024-10-12 21:29:21.811615,2024-10-12 21:29:34.655245,0 days 00:00:12.843630,0.9761175496819184,0.09776502818898879,17,30,710,182,0.4036313935259115,0.004235410030799414,0.9433714266138832,COMPLETE,0.1
13,3.9138009661125683,2024-10-12 21:29:34.655432,2024-10-12 21:29:51.087965,0 days 00:00:16.432533,0.7600471624026109,0.06125552198492832,17,19,816,187,0.5320277445454893,0.521725935543495,0.7608814014756589,COMPLETE,0.1
14,3.949751632020836,2024-10-12 21:29:51.088153,2024-10-12 21:30:07.765513,0 days 00:00:16.677360,0.7085983604764728,0.051726900411770055,16,16,801,195,0.5434738041546057,0.5480953148705524,0.9262503570791385,COMPLETE,0.1
15,4.002966907570703,2024-10-12 21:30:07.765701,2024-10-12 21:30:19.065733,0 days 00:00:11.300032,0.9013756829465569,0.0561606524864058,17,18,534,195,0.1995508422435721,0.6570062648431725,0.752278163038267,COMPLETE,0.1
16,3.9210786884673254,2024-10-12 21:30:19.065918,2024-10-12 21:30:31.138283,0 days 00:00:12.072365,0.7620876298808085,0.07142145912740216,13,58,816,296,0.5933897028811075,0.41501464238946456,0.9267759844547868,COMPLETE,0.1
17,5.053328231578191,2024-10-12 21:30:31.138468,2024-10-12 21:30:32.049198,0 days 00:00:00.910730,0.8217084475851957,0.04229123552044503,3,6,628,171,0.9087113600780966,0.4572745281515733,0.7701710624100282,PRUNED,0.1
18,4.300629154232552,2024-10-12 21:30:32.049317,2024-10-12 21:30:33.365346,0 days 00:00:01.316029,0.9181912244332638,0.0689166079561506,17,22,122,89,0.48341107417134693,0.12467334561128796,0.8915652065365188,PRUNED,0.1
19,4.001783670781281,2024-10-12 21:30:33.365470,2024-10-12 21:30:49.177714,0 days 00:00:15.812244,0.6865637365284795,0.04342647514473114,12,34,841,196,0.29654005987524035,0.6310809086014058,0.6979384748281108,COMPLETE,0.1
0,7.755914994166455,2024-10-12 21:31:05.544602,2024-10-12 21:31:08.287249,0 days 00:00:02.742647,0.7172422581281285,0.010269503823450321,5,61,800,193,0.4761278778328265,0.14683258358166196,0.6193637923495241,COMPLETE,0.2
1,6.547923823770613,2024-10-12 21:31:08.287416,2024-10-12 21:31:15.409056,0 days 00:00:07.121640,0.6294451757164321,0.0158614984933732,18,80,444,198,0.6276037247198936,0.8908960830613483,0.5513770385373482,COMPLETE,0.2
2,6.114388825421847,2024-10-12 21:31:15.409230,2024-10-12 21:31:24.117688,0 days 00:00:08.708458,0.7236455800194401,0.04706763543812823,19,86,610,175,0.7360723297947177,0.6446902581201215,0.8307536768608463,COMPLETE,0.2
3,6.517675499038057,2024-10-12 21:31:24.117868,2024-10-12 21:31:33.076049,0 days 00:00:08.958181,0.8062905938939922,0.01172833023975254,12,47,563,205,0.024027039681509432,0.1182708266276854,0.5248904165264153,COMPLETE,0.2
4,6.8126919026144215,2024-10-12 21:31:33.076262,2024-10-12 21:31:39.478638,0 days 00:00:06.402376,0.5984048470141874,0.014689713359856174,11,81,640,97,0.02411478586029847,0.0458189061349763,0.8052733510487413,COMPLETE,0.2
5,7.795212252208182,2024-10-12 21:31:39.478830,2024-10-12 21:31:40.339919,0 days 00:00:00.861089,0.528038864743982,0.043105028174666556,5,26,251,281,0.5745931494207566,0.019352574460730243,0.9021626767451743,PRUNED,0.2
6,7.904899023337828,2024-10-12 21:31:40.340038,2024-10-12 21:31:41.023875,0 days 00:00:00.683837,0.6354523357580502,0.049538067929003504,4,53,286,220,0.5743890218460858,0.7581797776725143,0.9034055381105214,PRUNED,0.2
7,6.260071493864912,2024-10-12 21:31:41.023994,2024-10-12 21:31:48.519770,0 days 00:00:07.495776,0.8886754237009238,0.09668061027894359,9,10,784,87,0.5815853201519919,0.3248275963178523,0.8306080404322955,COMPLETE,0.2
8,6.803918810406669,2024-10-12 21:31:48.519952,2024-10-12 21:31:53.109564,0 days 00:00:04.589612,0.5812352484350087,0.07081063487604365,6,38,947,277,0.18205575278258146,0.40548891822277533,0.5853983454676155,PRUNED,0.2
9,7.895256162162293,2024-10-12 21:31:53.109682,2024-10-12 21:31:54.791299,0 days 00:00:01.681617,0.9501912577335008,0.013183888142328999,7,24,269,284,0.4934369933751751,0.004504725387285191,0.56855218687798,PRUNED,0.2
10,7.086108951772989,2024-10-12 21:31:54.791420,2024-10-12 21:31:57.161551,0 days 00:00:02.370131,0.7416253344792683,0.02543462651184017,20,100,486,37,0.9875328533041655,0.655571809879692,0.6977924130714602,PRUNED,0.2
11,6.003917561503701,2024-10-12 21:31:57.161670,2024-10-12 21:32:07.739193,0 days 00:00:10.577523,0.884798501220309,0.09634086247940236,14,5,742,120,0.81010147886235,0.4063029221591571,0.8060349726388226,COMPLETE,0.2
12,6.059016735489837,2024-10-12 21:32:07.739373,2024-10-12 21:32:15.919067,0 days 00:00:08.179694,0.8361257372999163,0.09534246666675213,16,70,691,130,0.8870780196703949,0.5714692444091976,0.7382220331440116,COMPLETE,0.2
13,5.997934626718024,2024-10-12 21:32:15.919249,2024-10-12 21:32:24.821538,0 days 00:00:08.902289,0.8494222315582938,0.0953345110267542,15,66,807,131,0.9683684743151395,0.5275214258126931,0.7287499547240739,COMPLETE,0.2
14,5.771501454142799,2024-10-12 21:32:24.821717,2024-10-12 21:32:38.889284,0 days 00:00:14.067567,0.9929168667623047,0.06899634241557105,15,10,907,135,0.8216767415753895,0.290442610163639,0.6695061000346123,COMPLETE,0.2
15,6.34121407302494,2024-10-12 21:32:38.889466,2024-10-12 21:32:43.600296,0 days 00:00:04.710830,0.9721654922771843,0.06429997549558182,15,39,971,35,0.9923581937373767,0.3298676020890284,0.6948678573892222,PRUNED,0.2
16,6.092599137120714,2024-10-12 21:32:43.600427,2024-10-12 21:32:54.346289,0 days 00:00:10.745862,0.9989148247012483,0.02939651950625534,17,64,877,148,0.7556856278592515,0.24593147549112404,0.646847183890791,COMPLETE,0.2
17,7.0687686072504246,2024-10-12 21:32:54.346468,2024-10-12 21:32:55.173895,0 days 00:00:00.827427,0.8957975487741412,0.07098676192435263,13,20,102,64,0.3661954227319275,0.511396802356775,0.9747413713068849,PRUNED,0.2
18,6.296836350745135,2024-10-12 21:32:55.174025,2024-10-12 21:33:04.494369,0 days 00:00:09.320344,0.8025156693431358,0.0369944846931055,10,38,865,241,0.886906319150337,0.9660333490448194,0.7345648646278515,PRUNED,0.2
19,5.97065526797056,2024-10-12 21:33:04.494487,2024-10-12 21:33:17.006957,0 days 00:00:12.512470,0.9313977253894908,0.06400515038463768,15,52,990,156,0.8787441452884145,0.2338586520697974,0.6664396747562926,COMPLETE,0.2
0,7.938178893423297,2024-10-12 21:33:30.694273,2024-10-12 21:33:38.580491,0 days 00:00:07.886218,0.8892123763281021,0.019321598654507374,15,75,789,97,0.35840491787337947,0.2625124754643333,0.814007986029122,COMPLETE,0.3
1,8.825292016384198,2024-10-12 21:33:38.580666,2024-10-12 21:33:42.059597,0 days 00:00:03.478931,0.6658280650710788,0.026194896606811773,6,64,812,281,0.7277480280318982,0.5347264943099662,0.6243030368391703,COMPLETE,0.3
2,7.964239848302428,2024-10-12 21:33:42.059787,2024-10-12 21:33:44.701035,0 days 00:00:02.641248,0.9348448467180728,0.07437399499991991,11,95,415,270,0.366174231986673,0.9512143773681773,0.7495187666066043,COMPLETE,0.3
3,8.771028061699626,2024-10-12 21:33:44.701214,2024-10-12 21:33:47.326317,0 days 00:00:02.625103,0.7077218885071284,0.07172202332536343,5,87,918,257,0.7787600614284759,0.06350877702990054,0.5884833979734561,COMPLETE,0.3
4,7.9918737410924265,2024-10-12 21:33:47.326491,2024-10-12 21:33:56.561423,0 days 00:00:09.234932,0.606899502280831,0.02126300373134352,12,92,948,207,0.5038752451354112,0.9567668059124516,0.8772413109920429,COMPLETE,0.3
5,9.923591262579832,2024-10-12 21:33:56.561603,2024-10-12 21:33:57.775104,0 days 00:00:01.213501,0.5903591584886592,0.012143256446504007,5,24,366,176,0.897792549660543,0.3324289509970806,0.971928027809357,PRUNED,0.3
6,9.742513880924857,2024-10-12 21:33:57.775224,2024-10-12 21:33:59.510211,0 days 00:00:01.734987,0.5311950824951964,0.02711432297620945,4,22,811,29,0.09485903180867361,0.31075885555381744,0.9812502436237958,PRUNED,0.3
7,10.11981331210343,2024-10-12 21:33:59.510331,2024-10-12 21:34:00.235916,0 days 00:00:00.725585,0.942338611361553,0.012973332831989114,4,31,364,30,0.6867529645004742,0.08247333923980638,0.7636550105529021,PRUNED,0.3
8,10.161543863445026,2024-10-12 21:34:00.236034,2024-10-12 21:34:01.068178,0 days 00:00:00.832144,0.8779146670809537,0.036809157410770205,3,43,529,81,0.03364664507124682,0.22982945717610315,0.5976978579548919,PRUNED,0.3
9,6.933793570757397,2024-10-12 21:34:01.068300,2024-10-12 21:34:17.530848,0 days 00:00:16.462548,0.8970197081858321,0.09116633148380238,19,8,589,242,0.7328634343417388,0.39458728320659797,0.9936984440177083,COMPLETE,0.3
10,7.541802480526936,2024-10-12 21:34:17.531027,2024-10-12 21:34:22.285443,0 days 00:00:04.754416,0.8024760850900062,0.048109507080433433,20,7,196,218,0.9886636308086434,0.6582628637720809,0.8934243312573962,COMPLETE,0.3
11,7.528143339884361,2024-10-12 21:34:22.285621,2024-10-12 21:34:24.930780,0 days 00:00:02.645159,0.7838767553426533,0.09906566831038319,20,12,114,225,0.9999282464500104,0.6383395232782224,0.907435768195374,COMPLETE,0.3
12,7.59547046524937,2024-10-12 21:34:24.930962,2024-10-12 21:34:28.319594,0 days 00:00:03.388632,0.7984133355484989,0.05369777286406948,19,7,143,222,0.8528363792746502,0.6859853420615772,0.915550675340685,COMPLETE,0.3
13,7.029470251183861,2024-10-12 21:34:28.319784,2024-10-12 21:34:37.426656,0 days 00:00:09.106872,0.9934014737204719,0.09527493872338844,17,39,619,152,0.5926906174003479,0.4786967232289775,0.9614988802660351,COMPLETE,0.3
14,7.179724392333382,2024-10-12 21:34:37.426836,2024-10-12 21:34:44.593553,0 days 00:00:07.166717,0.9983478088456346,0.09882439565785939,16,46,649,140,0.560065501568736,0.4464479505808745,0.9913326418733448,COMPLETE,0.3
15,7.326510336863933,2024-10-12 21:34:44.593728,2024-10-12 21:34:51.581797,0 days 00:00:06.988069,0.9971330680055003,0.06538203706636504,16,59,632,150,0.6116423461083307,0.4633081768717169,0.5164172895849439,COMPLETE,0.3
16,7.67240256730154,2024-10-12 21:34:51.581980,2024-10-12 21:34:58.280657,0 days 00:00:06.698677,0.8613583862832943,0.041246425950061213,18,36,525,113,0.3489508912880867,0.7408987709342862,0.8249590128015545,PRUNED,0.3
17,7.270533412018538,2024-10-12 21:34:58.280787,2024-10-12 21:35:08.181654,0 days 00:00:09.900867,0.9386386293239853,0.0754904200734626,13,20,666,189,0.19283272919524863,0.8044622757618778,0.7059626902421894,COMPLETE,0.3
18,8.154834816074116,2024-10-12 21:35:08.181873,2024-10-12 21:35:11.429287,0 days 00:00:03.247414,0.8405773972383901,0.056976120041777746,9,53,420,294,0.6158600263602982,0.5214996218214699,0.9317550604410608,PRUNED,0.3
19,7.3672478061598525,2024-10-12 21:35:11.429426,2024-10-12 21:35:20.077409,0 days 00:00:08.647983,0.7299712557482025,0.09997492271141474,17,71,723,125,0.44680742909951354,0.18138710062599894,0.8535169725948536,COMPLETE,0.3
0,8.622028589528156,2024-10-12 21:35:36.092493,2024-10-12 21:35:50.241323,0 days 00:00:14.148830,0.9045488319548216,0.010052770808879131,19,59,882,165,0.716912196739625,0.6828337043268233,0.7699704901729261,COMPLETE,0.4
1,10.986365580646805,2024-10-12 21:35:50.241498,2024-10-12 21:35:51.393356,0 days 00:00:01.151858,0.776388705914228,0.035721199246752995,3,31,773,57,0.5890823825017857,0.8183845488898664,0.9268987302342562,COMPLETE,0.4
2,10.302881519857708,2024-10-12 21:35:51.394468,2024-10-12 21:35:51.938072,0 days 00:00:00.543604,0.8297851149292577,0.04111770313436238,6,78,139,118,0.9341264582517997,0.8979834437851001,0.7331040315120805,COMPLETE,0.4
3,8.445116292775602,2024-10-12 21:35:51.938245,2024-10-12 21:36:00.843509,0 days 00:00:08.905264,0.6012483100391766,0.03537637954324239,18,55,547,164,0.09155906815068271,0.7666928216836255,0.7621681937548914,COMPLETE,0.4
4,9.833131324697469,2024-10-12 21:36:00.843691,2024-10-12 21:36:03.394827,0 days 00:00:02.551136,0.5586536117867041,0.09123243269664222,5,33,731,69,0.978364693054806,0.11831842020622707,0.9537708393280457,COMPLETE,0.4
5,12.225348129122676,2024-10-12 21:36:03.394998,2024-10-12 21:36:04.688912,0 days 00:00:01.293914,0.798758521127426,0.018163385428697457,14,41,135,89,0.49018900664011045,0.6113881748453545,0.9475314886929009,PRUNED,0.4
6,8.573446139423014,2024-10-12 21:36:04.689032,2024-10-12 21:36:13.305231,0 days 00:00:08.616199,0.6448514739060359,0.031685654151998775,17,88,656,220,0.5623023187640263,0.942872477244607,0.8544158431171156,COMPLETE,0.4
7,7.829716596690415,2024-10-12 21:36:13.305411,2024-10-12 21:36:26.816108,0 days 00:00:13.510697,0.9449853962583161,0.04636000634560273,20,8,621,194,0.33236941829862,0.3443872533004466,0.7874198203601308,COMPLETE,0.4
8,10.422624681247274,2024-10-12 21:36:26.816287,2024-10-12 21:36:28.687855,0 days 00:00:01.871568,0.9010430380688014,0.013420332309289794,5,33,638,174,0.6201497793402411,0.637203079023341,0.8537140096882765,PRUNED,0.4
9,8.52188729832849,2024-10-12 21:36:28.687978,2024-10-12 21:36:37.131685,0 days 00:00:08.443707,0.6788185428457691,0.02802931765606217,16,68,634,181,0.6108293231050094,0.2670687875281177,0.7060938254430652,COMPLETE,0.4
10,8.304236931412516,2024-10-12 21:36:37.131864,2024-10-12 21:36:42.666953,0 days 00:00:05.535089,0.9844173323480756,0.06751444259480831,10,9,403,279,0.21558525535137135,0.3129633187615692,0.5439660820608259,COMPLETE,0.4
11,8.419685903020243,2024-10-12 21:36:42.667129,2024-10-12 21:36:48.636027,0 days 00:00:05.968898,0.9904394102881018,0.06745741895319068,10,8,401,298,0.21967927883706706,0.3836427720496462,0.5000466021939947,COMPLETE,0.4
12,8.658397152872253,2024-10-12 21:36:48.636204,2024-10-12 21:36:53.847789,0 days 00:00:05.211585,0.9966697177699991,0.056767974062135886,10,7,350,284,0.3225725499282877,0.4020340035977322,0.5752409147597373,PRUNED,0.4
13,8.126802926677511,2024-10-12 21:36:53.847907,2024-10-12 21:37:02.469189,0 days 00:00:08.621282,0.902239669043727,0.059561302348322936,13,19,428,236,0.009767551490972914,0.09444195433447455,0.6410293883719711,COMPLETE,0.4
14,7.891696038746645,2024-10-12 21:37:02.469363,2024-10-12 21:37:23.012034,0 days 00:00:20.542671,0.8867646128547344,0.04875124789588304,14,21,976,230,0.041827950051853025,0.026612038254529763,0.6283505442723957,COMPLETE,0.4
15,7.820451313388648,2024-10-12 21:37:23.012225,2024-10-12 21:37:45.865266,0 days 00:00:22.853041,0.8543012978737345,0.023673974311671828,20,22,960,220,0.37515255094052846,0.04204136102137132,0.6319375820074091,COMPLETE,0.4
16,8.508659302234253,2024-10-12 21:37:45.865449,2024-10-12 21:37:59.630966,0 days 00:00:13.765517,0.7211898903406156,0.02259627552242221,20,19,995,118,0.3850242253915213,0.20417986149678957,0.6674910071969236,PRUNED,0.4
17,8.115239541185561,2024-10-12 21:37:59.631098,2024-10-12 21:38:16.243030,0 days 00:00:16.611932,0.8538858065731568,0.02292393447478416,20,44,858,202,0.4235117306773291,0.49757900685993006,0.8355871331709629,COMPLETE,0.4
18,10.399185973695129,2024-10-12 21:38:16.243234,2024-10-12 21:38:17.240371,0 days 00:00:00.997137,0.9345429905388944,0.0176292221220801,16,22,263,24,0.22564177975273342,0.20724751918192408,0.8056715997089137,PRUNED,0.4
19,7.860332301360107,2024-10-12 21:38:17.240497,2024-10-12 21:38:27.350998,0 days 00:00:10.110501,0.7357222644214865,0.09740294805363262,18,43,545,249,0.798818889291477,0.5060920657541543,0.6968164441546612,COMPLETE,0.4
0,9.028517085938834,2024-10-12 21:38:49.960381,2024-10-12 21:38:54.786577,0 days 00:00:04.826196,0.7086812771021749,0.09779974772525753,9,59,729,292,0.5656086671714664,0.9696450712146146,0.6716721766548639,COMPLETE,0.5
1,16.286805998985066,2024-10-12 21:38:54.786752,2024-10-12 21:38:55.531945,0 days 00:00:00.745193,0.5976680234084852,0.013292078728469542,7,52,128,145,0.7560238005492335,0.2998873955700265,0.877137514593874,COMPLETE,0.5
2,9.525879014737889,2024-10-12 21:38:55.532118,2024-10-12 21:38:58.757304,0 days 00:00:03.225186,0.583181723217853,0.04714944398090775,11,25,495,54,0.2528768764227265,0.5533082544301696,0.5657182545494448,COMPLETE,0.5
3,8.680442937490266,2024-10-12 21:38:58.757482,2024-10-12 21:39:07.146769,0 days 00:00:08.389287,0.9631083763154589,0.022197809757555264,19,52,666,131,0.6585888670266321,0.252349975246962,0.5182976917663735,COMPLETE,0.5
4,12.739235944267982,2024-10-12 21:39:07.147425,2024-10-12 21:39:07.596886,0 days 00:00:00.449461,0.5037318276278584,0.013850766936273086,4,38,209,120,0.5387343047972318,0.042854638581907745,0.5307374156365638,COMPLETE,0.5
5,8.889739750236657,2024-10-12 21:39:07.597059,2024-10-12 21:39:16.385478,0 days 00:00:08.788419,0.9906664444832785,0.01904593659877407,14,49,960,104,0.061090235106835755,0.6267266517987158,0.7438299242252224,COMPLETE,0.5
6,16.16130387227615,2024-10-12 21:39:16.385665,2024-10-12 21:39:17.640582,0 days 00:00:01.254917,0.7343507479424142,0.014917637729122404,16,96,112,228,0.5926077605919644,0.4926984052133566,0.6935393152881234,PRUNED,0.5
7,9.961731625292039,2024-10-12 21:39:17.640707,2024-10-12 21:39:21.082758,0 days 00:00:03.442051,0.71625774751398,0.028914614324416187,8,51,871,29,0.7684828736242941,0.05396040241084932,0.9956008150352473,PRUNED,0.5
8,11.048975543591906,2024-10-12 21:39:21.082881,2024-10-12 21:39:22.662903,0 days 00:00:01.580022,0.7894056066114377,0.021269691222360464,4,52,726,33,0.6137808184052899,0.7784623653219944,0.9531035032672186,PRUNED,0.5
9,10.775073088995434,2024-10-12 21:39:22.663025,2024-10-12 21:39:23.096803,0 days 00:00:00.433778,0.8054998027549398,0.04965562476499616,5,47,134,40,0.7080616645956297,0.055711585459787494,0.768027321166304,PRUNED,0.5
10,8.137445175118105,2024-10-12 21:39:23.096922,2024-10-12 21:39:33.191642,0 days 00:00:10.094720,0.9849696769848663,0.03864440988496602,19,6,462,193,0.969228381019205,0.29338077646594085,0.6048395646586817,COMPLETE,0.5
11,7.9786682112879905,2024-10-12 21:39:33.191817,2024-10-12 21:39:43.184636,0 days 00:00:09.992819,0.9991054525782765,0.03717200837417581,20,5,439,200,0.998752701741042,0.27922538453284984,0.5911316467954698,COMPLETE,0.5
12,8.034910770990411,2024-10-12 21:39:43.184813,2024-10-12 21:39:52.589527,0 days 00:00:09.404714,0.9002285396681391,0.04388169769206277,20,5,392,206,0.9713996103612597,0.30811661132762924,0.6212119388860973,COMPLETE,0.5
13,7.971037684164546,2024-10-12 21:39:52.589708,2024-10-12 21:40:01.334927,0 days 00:00:08.745219,0.8992951476673966,0.07268702997304231,16,9,341,240,0.9822223570690166,0.38996785648222765,0.6334540005597773,COMPLETE,0.5
14,8.123963485039061,2024-10-12 21:40:01.335113,2024-10-12 21:40:07.984973,0 days 00:00:06.649860,0.8863242639753843,0.0796864271193987,16,21,307,262,0.8684864891915373,0.4515273087415509,0.8085900334788724,COMPLETE,0.5
15,8.280451082523866,2024-10-12 21:40:07.985166,2024-10-12 21:40:13.685038,0 days 00:00:05.699872,0.8848586479967588,0.06429670419407517,16,23,323,179,0.3208311290808579,0.18268344153372862,0.6502632781603253,COMPLETE,0.5
16,8.83921550816891,2024-10-12 21:40:13.685219,2024-10-12 21:40:18.204546,0 days 00:00:04.519327,0.9388092775221022,0.059383660623385924,13,75,593,246,0.8682223318472925,0.4072676907941982,0.5870494921264396,PRUNED,0.5
