number,value,datetime_start,datetime_complete,duration,params_alpha,params_colsample_bytree,params_learning_rate,params_max_depth,params_min_child_samples,params_min_child_weight,params_min_split_gain,params_n_estimators,params_num_leaves,params_reg_alpha,params_reg_lambda,params_subsample,params_subsample_freq,state,quantile
14,0.004410287884862727,2024-10-17 22:30:58.507324,2024-10-17 22:31:03.507165,0 days 00:00:04.999841,0.003258439954115287,0.736890461268431,0.02722935833019666,17,50,2.2639249957785443,0.6733245295123154,814,218,0.6564645384487648,0.7737758518483174,0.6673741847243544,7,COMPLETE,0.4
15,0.0038436559821799234,2024-10-17 22:31:03.507411,2024-10-17 22:31:16.466024,0 days 00:00:12.958613,0.0005558403248788892,0.5962454375262204,0.06868797433522648,20,96,3.9337668914716413,0.16253200015539246,824,221,0.628949931723536,0.35875146482266734,0.8876543255429549,8,COMPLETE,0.4
16,0.00380772205749492,2024-10-17 22:31:16.466274,2024-10-17 22:31:30.488424,0 days 00:00:14.022150,0.012677933973791904,0.8884922946649418,0.028543602470242173,13,20,9.005776578335324,0.2837731005322948,725,223,0.6969560838788998,0.5580613527707151,0.9188299746938808,3,COMPLETE,0.4
17,0.004427330983140386,2024-10-17 22:31:30.488660,2024-10-17 22:31:35.204765,0 days 00:00:04.716105,0.012440082162766854,0.8894145557718792,0.02922925237645968,12,54,9.452123285602028,0.6499486124056977,686,227,0.6419721113681728,0.5606978144217454,0.9337906278380995,3,COMPLETE,0.4
18,0.003603368151787411,2024-10-17 22:31:35.205003,2024-10-17 22:31:50.778187,0 days 00:00:15.573184,0.014302138501893316,0.9744689204015444,0.03648269250134382,13,16,9.806951462369192,0.14658367286879997,732,296,0.7499381007881127,0.7381623605947292,0.6766671160278048,3,COMPLETE,0.4
19,0.0036898660237038926,2024-10-17 22:31:50.778417,2024-10-17 22:32:01.974984,0 days 00:00:11.196567,0.7892723564234854,0.9977538396178786,0.04936162649681602,16,34,5.029119470196273,0.14492636779342194,588,300,0.5455536239109996,0.791263959403939,0.6680111161396416,4,COMPLETE,0.4
0,0.004497706621567478,2024-10-17 22:33:45.210780,2024-10-17 22:33:46.468416,0 days 00:00:01.257636,0.009873186168475115,0.5858090871417609,0.035796534373366266,17,49,1.805842122396133,0.3879276570687451,148,44,0.8678609233419516,0.4939947050624134,0.6444427212897965,6,COMPLETE,0.5
1,0.0038821909740880617,2024-10-17 22:33:46.468636,2024-10-17 22:33:52.769617,0 days 00:00:06.300981,0.0003822502225211413,0.9694698576608394,0.02483322155565816,17,21,5.031845862833083,0.8024723325513294,449,290,0.19683441826557158,0.0306795569556223,0.9033478981714038,8,COMPLETE,0.5
2,0.0043729972943615525,2024-10-17 22:33:52.769849,2024-10-17 22:33:55.484602,0 days 00:00:02.714753,0.11546978178863791,0.9405971014355001,0.07616522775372826,10,82,3.352873720667478,0.9393783556652409,967,152,0.8277967301280943,0.48601862072644186,0.6283055018850336,1,COMPLETE,0.5
3,0.004430850221381851,2024-10-17 22:33:55.484841,2024-10-17 22:33:58.101404,0 days 00:00:02.616563,0.0004226055245706404,0.7094093863163086,0.01331271670728933,8,26,0.22393446467906974,0.5088092732209187,264,256,0.653971321457991,0.09394453989709783,0.822671495233499,7,COMPLETE,0.5
4,0.0049945668798390686,2024-10-17 22:33:58.101633,2024-10-17 22:33:58.559086,0 days 00:00:00.457453,0.005173930794430386,0.8260469168610549,0.027245069674873616,4,55,4.61906335968623,0.12395687930499966,178,78,0.8777826680007786,0.01437986503599642,0.6886392548892304,5,COMPLETE,0.5
5,0.004193006947388916,2024-10-17 22:33:58.559335,2024-10-17 22:34:01.538578,0 days 00:00:02.979243,0.19555473073559757,0.6067868165277714,0.02803529989588728,11,53,3.1192257278228377,0.4741051798505389,212,202,0.646385711187169,0.21924269882754532,0.8319498987490703,2,COMPLETE,0.5
6,0.004511123429619774,2024-10-17 22:34:01.538803,2024-10-17 22:34:04.684524,0 days 00:00:03.145721,0.015213470225082812,0.6840958047051342,0.0127411342599126,18,18,7.091623469151511,0.41856343701432075,234,96,0.4594479041462489,0.5229116226842347,0.9126501984078885,2,COMPLETE,0.5
7,0.004333712705104839,2024-10-17 22:34:04.684753,2024-10-17 22:34:10.490024,0 days 00:00:05.805271,0.002996870048752029,0.5366628896513727,0.010046081402647527,10,60,0.5904280202317747,0.013411796212011384,464,128,0.4329919853262748,0.2336530865493459,0.7658603476535921,6,COMPLETE,0.5
8,0.004135906032886787,2024-10-17 22:34:10.490279,2024-10-17 22:34:14.373669,0 days 00:00:03.883390,0.8451125773803895,0.76711598767669,0.04826732701725035,16,80,1.9969356297946965,0.5656124929128247,649,183,0.6003083833038501,0.42183707395220804,0.9314827540692221,6,COMPLETE,0.5
9,0.0038750480653976928,2024-10-17 22:34:14.373901,2024-10-17 22:34:19.124274,0 days 00:00:04.750373,0.028538185794931576,0.748239214737596,0.057338498592371896,11,74,6.998749197766977,0.05434023288173673,539,228,0.7542404766871563,0.1647016678761638,0.7358432800600783,4,COMPLETE,0.5
10,0.00441052336369145,2024-10-17 22:34:19.124504,2024-10-17 22:34:20.986139,0 days 00:00:01.861635,0.04740125179010933,0.8615957378549942,0.08948317274292171,5,100,9.706662987479142,0.22244250513938038,738,257,0.035426204363981806,0.9738017352630731,0.5078675198070361,4,COMPLETE,0.5
11,0.0038552997135007203,2024-10-17 22:34:20.986380,2024-10-17 22:34:24.927710,0 days 00:00:03.941330,0.0001010896407405756,0.9864943107526748,0.0557943865367491,14,9,6.88745110937277,0.8180413064027263,450,291,0.19912827979979947,0.244033850505452,0.9684812825921189,10,COMPLETE,0.5
12,0.003933813671274883,2024-10-17 22:34:24.927947,2024-10-17 22:34:28.823109,0 days 00:00:03.895162,0.0001519062998623078,0.8457437234449484,0.058404925290479685,14,32,7.216862971104119,0.7531821196210939,564,234,0.1940177521607815,0.24536973763075232,0.9938426633440001,10,COMPLETE,0.5
13,0.004276182484499367,2024-10-17 22:34:28.823345,2024-10-17 22:34:30.914260,0 days 00:00:02.090915,0.001642319522448008,0.9982071600977803,0.048189957806772245,13,76,7.640383883279527,0.7571237372820264,381,295,0.9953929509488282,0.7009651783510062,0.740026685589411,10,COMPLETE,0.5
14,0.003437207731665476,2024-10-17 22:34:30.914495,2024-10-17 22:34:53.357043,0 days 00:00:22.442548,0.02640726960024486,0.7696722753378785,0.06386849456187094,20,5,9.16283782047294,0.23300378583331569,810,215,0.3026658070959898,0.3220367143271577,0.5213835687572369,4,COMPLETE,0.5
15,0.0033677662361063358,2024-10-17 22:34:53.357287,2024-10-17 22:35:14.361823,0 days 00:00:21.004536,0.0011554082291197212,0.9115102944122389,0.09726836099837302,20,7,9.928790330878291,0.27047942568818717,836,193,0.32197687404908965,0.349526674481342,0.5429502315233588,8,COMPLETE,0.5
16,0.0034017652285171208,2024-10-17 22:35:14.362112,2024-10-17 22:35:34.192723,0 days 00:00:19.830611,0.0007119974615015689,0.8949916147663544,0.09900583873753295,20,5,9.661817644047508,0.25266929559470175,890,170,0.33399791214624586,0.3996877554191361,0.5028068253886391,8,COMPLETE,0.5
17,0.003469689817746648,2024-10-17 22:35:34.193041,2024-10-17 22:35:51.312217,0 days 00:00:17.119176,0.001182533613556464,0.9043435696525032,0.09969131004708048,20,36,8.630757997557962,0.29654114612451243,937,166,0.34905483312199354,0.6194587135836098,0.5839842918771423,8,COMPLETE,0.5
18,0.0038320085341341063,2024-10-17 22:35:51.312446,2024-10-17 22:35:56.442248,0 days 00:00:05.129802,0.0005012500865747993,0.8935494592997113,0.07937581477427695,19,40,9.851689618111372,0.6234317348105093,843,140,0.0035813718762887636,0.3683479284995438,0.558884326494087,8,COMPLETE,0.5
19,0.0036571351104870203,2024-10-17 22:35:56.442476,2024-10-17 22:36:10.106825,0 days 00:00:13.664349,0.0009577391015909966,0.815601320867397,0.02040713574207003,15,14,8.469079399259405,0.33243505576954613,878,120,0.36577707215779065,0.7681550178636217,0.5869775981392897,9,COMPLETE,0.5
0,0.00396986303611413,2024-10-17 22:38:26.751871,2024-10-17 22:38:30.932492,0 days 00:00:04.180621,0.0010103169438245036,0.7319468843099708,0.03368087986581659,17,23,2.723327703083558,0.6189903176133245,262,292,0.8744044862727999,0.0037117319271249283,0.8365888027550049,9,COMPLETE,0.6
1,0.004277189883669025,2024-10-17 22:38:30.932744,2024-10-17 22:38:36.613738,0 days 00:00:05.680994,0.00040540256013624557,0.8810662027439098,0.010625413093892212,16,61,7.568037464043093,0.1341557685719722,378,291,0.6206792637064598,0.8914194939801889,0.555060133951103,10,COMPLETE,0.6
2,0.003953321567141204,2024-10-17 22:38:36.613983,2024-10-17 22:38:44.871376,0 days 00:00:08.257393,0.022552233142336533,0.7072716623577158,0.024434152803567095,15,80,8.120637455412512,0.0738535181461295,733,213,0.771669332686029,0.2557900306037487,0.7456823792601185,1,COMPLETE,0.6
3,0.004215187499629198,2024-10-17 22:38:44.871612,2024-10-17 22:38:50.135499,0 days 00:00:05.263887,0.001960246405581384,0.8243165954710329,0.0322693319885735,11,40,7.836616710214834,0.4935304620893709,916,57,0.7357053316942272,0.4985003529770945,0.9334595334423847,2,COMPLETE,0.6
4,0.003927955096843468,2024-10-17 22:38:50.135739,2024-10-17 22:38:55.320496,0 days 00:00:05.184757,0.6910977376729442,0.7565519796794027,0.04115806773742836,20,46,5.638232864357147,0.3902030379747605,470,98,0.7438727163536005,0.2701492901383362,0.7637367928168721,4,COMPLETE,0.6
5,0.004911059306366659,2024-10-17 22:38:55.320728,2024-10-17 22:38:56.098612,0 days 00:00:00.777884,0.06086503473309851,0.5114045842029973,0.04484008080369943,4,85,0.7378844811679263,0.7226266312356152,312,83,0.3413233187743172,0.9114350526692835,0.9887979795004125,3,COMPLETE,0.6
6,0.004436354985517051,2024-10-17 22:38:56.098839,2024-10-17 22:38:57.793831,0 days 00:00:01.694992,0.07372072522360552,0.8241480818161067,0.09064446356262489,8,74,8.621034036712537,0.7386436331469552,475,284,0.7935688955611776,0.8022936018003318,0.965623364193555,4,COMPLETE,0.6
7,0.004221751210702953,2024-10-17 22:38:57.794066,2024-10-17 22:39:02.698416,0 days 00:00:04.904350,0.045941816768914526,0.5835290080629816,0.01165146750075136,10,17,8.747903026326593,0.6973711374344718,538,165,0.6815946994337586,0.5148651462573934,0.7814386462232437,1,COMPLETE,0.6
8,0.004643590850986428,2024-10-17 22:39:02.698646,2024-10-17 22:39:04.075978,0 days 00:00:01.377332,0.1029043735553246,0.5986396165276162,0.020425055759360933,6,44,6.204705111158339,0.6024351065120523,303,264,0.07523418466552823,0.23773296915328435,0.6700563266707004,3,COMPLETE,0.6
9,0.004870158696982261,2024-10-17 22:39:04.076206,2024-10-17 22:39:05.077465,0 days 00:00:01.001259,0.00015687126707769196,0.972261651144096,0.07784153947707076,3,71,9.56741462236265,0.2160513586259435,633,234,0.7211394861163052,0.633542133852816,0.5063633518091468,1,COMPLETE,0.6
10,0.0044832380595602305,2024-10-17 22:39:05.077881,2024-10-17 22:39:05.822150,0 days 00:00:00.744269,0.5074027553654118,0.6657683803474241,0.054337781042319136,18,100,4.179765895863561,0.9556676897612166,101,120,0.9902867113062206,0.2393294762485838,0.64277809129559,7,COMPLETE,0.6
11,0.0037909863059377674,2024-10-17 22:39:05.822385,2024-10-17 22:39:19.754545,0 days 00:00:13.932160,0.7178979171160149,0.7243125220880486,0.01989720090805952,20,53,6.026352543627961,0.011728714078307972,742,189,0.5021601388530545,0.20781306395313182,0.7480004524564681,6,COMPLETE,0.6
12,0.0037891722106948257,2024-10-17 22:39:19.754802,2024-10-17 22:39:33.498051,0 days 00:00:13.743249,0.8714390523312104,0.7915220741054171,0.017146114902880764,20,36,5.556143870423668,0.33556619833704737,803,161,0.47659345666017444,0.05713186417877458,0.8407323512241565,6,COMPLETE,0.6
13,0.0037506708070151338,2024-10-17 22:39:33.498280,2024-10-17 22:39:49.008232,0 days 00:00:15.509952,0.23156135312366974,0.8182204091722903,0.016387906819024647,20,29,3.900229526464191,0.32706652268545694,851,169,0.38414085670662157,0.0025666848659007258,0.8553002305760308,7,COMPLETE,0.6
14,0.003798773999605159,2024-10-17 22:39:49.008518,2024-10-17 22:40:05.016879,0 days 00:00:16.008361,0.004661474761187563,0.9115345750567523,0.014782037377512228,14,5,4.012457441808438,0.3195427231345539,974,131,0.2832738972996477,0.03178709031902527,0.8795373134448492,8,COMPLETE,0.6
15,0.0038601513132422377,2024-10-17 22:40:05.017129,2024-10-17 22:40:17.688452,0 days 00:00:12.671323,0.23929258818868748,0.80329487732356,0.015269390783853113,13,29,2.2821112992025103,0.32366456310334835,849,155,0.28278206479688184,0.0862450835122805,0.8728655514214502,6,COMPLETE,0.6
16,0.004359216511683328,2024-10-17 22:40:17.688684,2024-10-17 22:40:21.747308,0 days 00:00:04.058624,0.21139924730417914,0.8762985503733497,0.015427417798919001,18,33,4.485914913322544,0.4547078315226796,803,31,0.45399036636275825,0.10804608474255414,0.8267474701092448,7,COMPLETE,0.6
17,0.003603016977462004,2024-10-17 22:40:21.747540,2024-10-17 22:40:36.933404,0 days 00:00:15.185864,0.013305559859884212,0.9989208735567657,0.024338482583883277,20,11,2.9434551666706117,0.28700076234882327,655,185,0.15280006701125665,0.399976933060012,0.9202625174543972,5,COMPLETE,0.6
18,0.0036998036308717947,2024-10-17 22:40:36.933630,2024-10-17 22:40:49.930072,0 days 00:00:12.996442,0.007170993298708725,0.9916095755074771,0.025881777442626975,13,13,2.6900126978787315,0.2108194262625126,677,214,0.09426481650884821,0.3934144520385147,0.9161523732724388,5,COMPLETE,0.6
19,0.0036614169257584753,2024-10-17 22:40:49.930307,2024-10-17 22:41:05.126971,0 days 00:00:15.196664,0.008857490907712885,0.9917213000547883,0.026581709178523007,13,8,0.022912810370097514,0.20090570942940106,636,228,0.002193217712830875,0.3983159782403941,0.9441207198315634,5,COMPLETE,0.6
0,0.004510303797839688,2024-10-17 22:42:50.283471,2024-10-17 22:42:51.283183,0 days 00:00:00.999712,0.003899844852906419,0.7256746233835293,0.06463288351246918,12,66,6.3538094270799945,0.7283796419660883,148,95,0.9348642602944148,0.10527506761425565,0.777633449855263,1,COMPLETE,0.7
1,0.00454547618077475,2024-10-17 22:42:51.283429,2024-10-17 22:42:54.574766,0 days 00:00:03.291337,0.00016793021093399732,0.9344531536605213,0.025495077078928056,8,65,1.69813745579877,0.12435137330400636,496,237,0.5310732883265391,0.6446561587420419,0.7100161703603238,8,COMPLETE,0.7
2,0.005332042314342967,2024-10-17 22:42:54.574998,2024-10-17 22:42:55.177113,0 days 00:00:00.602115,0.00046180374379668266,0.5907136496963277,0.0751669986694012,3,62,9.056026414402007,0.320065803697968,393,274,0.9407808348216462,0.8137664361799591,0.5171993497574897,10,COMPLETE,0.7
3,0.004728130646351568,2024-10-17 22:42:55.177346,2024-10-17 22:42:56.650092,0 days 00:00:01.472746,0.11750909032634221,0.8090700942341545,0.04827189721295488,7,63,3.6505044423208464,0.950464789838378,368,184,0.4614341145465034,0.18585702026035056,0.856596748309788,8,COMPLETE,0.7
4,0.004605981130080962,2024-10-17 22:42:56.650310,2024-10-17 22:42:59.329698,0 days 00:00:02.679388,0.18404611697124063,0.5248497180554732,0.03316852689169068,8,18,3.106421422572284,0.9213525698552009,463,260,0.22627319913596355,0.36487347600032816,0.974856208397987,3,COMPLETE,0.7
5,0.004291358625188651,2024-10-17 22:42:59.329929,2024-10-17 22:43:07.842819,0 days 00:00:08.512890,0.07740219141849024,0.5721675058725134,0.025572657476593028,9,13,6.922050899592587,0.07013161905860688,633,293,0.42314404004293216,0.08420127684062173,0.7116711601300685,8,COMPLETE,0.7
6,0.0044109863105536475,2024-10-17 22:43:07.843050,2024-10-17 22:43:10.386459,0 days 00:00:02.543409,0.00012545503378154368,0.9186526850539305,0.06383134150494318,10,95,3.6565416354656524,0.1365377272022943,296,272,0.6741741507817381,0.19458417529776795,0.7246423991010735,8,COMPLETE,0.7
7,0.004547846950693971,2024-10-17 22:43:10.386697,2024-10-17 22:43:13.433482,0 days 00:00:03.046785,0.0002564273804082683,0.7350426118458313,0.0235260054096159,8,49,5.506823275174661,0.25391065907473154,487,63,0.7495743629787345,0.699692562648818,0.5712209579673238,5,COMPLETE,0.7
8,0.0047310353953525786,2024-10-17 22:43:13.433713,2024-10-17 22:43:15.446757,0 days 00:00:02.013044,0.02966731218263845,0.7198620059474512,0.016037886791420576,10,92,4.1032929929662005,0.05003176880785298,182,247,0.020747527580970315,0.042960690950431646,0.5682010654755704,8,COMPLETE,0.7
9,0.004669643730821419,2024-10-17 22:43:15.446989,2024-10-17 22:43:20.558073,0 days 00:00:05.111084,0.004805328822068094,0.5503664861780464,0.011596354798793757,8,46,0.5062978267461202,0.3110090899984559,778,50,0.8690559235781103,0.34701086061741304,0.9211195965002026,2,COMPLETE,0.7
10,0.004140937647361754,2024-10-17 22:43:20.558577,2024-10-17 22:43:27.252869,0 days 00:00:06.694292,0.7271922621657195,0.6322469640770727,0.03735100282632542,18,13,8.68280766887834,0.5490369408317132,730,149,0.35127092024287737,0.9637739314312569,0.6429649206855267,5,COMPLETE,0.7
11,0.004143230305048693,2024-10-17 22:43:27.253099,2024-10-17 22:43:33.514270,0 days 00:00:06.261171,0.8046541335227633,0.6314320074589943,0.0460254009565166,19,6,8.624081316109391,0.5596810292682867,731,142,0.32002127959430005,0.9923478360642891,0.6533646051044573,5,COMPLETE,0.7
12,0.004208174797308464,2024-10-17 22:43:33.514506,2024-10-17 22:43:39.864347,0 days 00:00:06.349841,0.995927018703172,0.6419723830552982,0.04058814212987845,20,28,9.872984568601554,0.5660870678082697,869,140,0.26105916706491517,0.9982229870664155,0.6289085989067731,5,COMPLETE,0.7
13,0.004093423129263417,2024-10-17 22:43:39.864577,2024-10-17 22:43:46.789943,0 days 00:00:06.925366,0.7828964016451013,0.6545805811906877,0.043566575026819127,20,5,7.76604130285515,0.5578972547313433,673,164,0.2520736096654475,0.9628739214821292,0.6350332013751709,4,COMPLETE,0.7
14,0.0043130928406045444,2024-10-17 22:43:46.790179,2024-10-17 22:43:50.402360,0 days 00:00:03.612181,0.3694422536188808,0.8359977120278242,0.08618448656480035,16,33,7.5461253000396,0.7837364189500833,964,193,0.10350854212857863,0.8489704362704422,0.8089309302650335,3,COMPLETE,0.7
15,0.004183019771926617,2024-10-17 22:43:50.402584,2024-10-17 22:43:57.361029,0 days 00:00:06.958445,0.01624916024484798,0.6395687816232942,0.03530269415662239,16,26,8.100428978745443,0.45990403119900225,659,109,0.144426291424013,0.5617895028362622,0.6338570148482797,6,COMPLETE,0.7
16,0.004272809263177278,2024-10-17 22:43:57.361258,2024-10-17 22:44:01.702315,0 days 00:00:04.341057,0.31003607322284443,0.666715455042344,0.054511087506134474,17,5,9.998924545062899,0.6717690771457954,614,210,0.3612513799040946,0.8623033802647374,0.5055399455510008,4,COMPLETE,0.7
17,0.004200936397855261,2024-10-17 22:44:01.702540,2024-10-17 22:44:11.141506,0 days 00:00:09.438966,0.051699049730303905,0.8221913413152115,0.01892464489055849,14,34,5.959963557866642,0.4459381938535555,846,162,0.6107541930357581,0.7500318228977412,0.67026236844309,6,COMPLETE,0.7
18,0.004250829754709194,2024-10-17 22:44:11.141733,2024-10-17 22:44:16.409686,0 days 00:00:05.267953,0.0023873318563045094,0.6801763865138487,0.03744542974617843,20,17,7.196169171410446,0.6471519897780948,740,105,0.18998121989708447,0.9233522110090596,0.5737881988838623,3,COMPLETE,0.7
19,0.004156506647559471,2024-10-17 22:44:16.409922,2024-10-17 22:44:28.022696,0 days 00:00:11.612774,0.001106489383161481,0.5013996094592443,0.027848050973149224,18,41,4.840185442652395,0.3924419009725971,998,213,0.0149372925936202,0.4763283220818627,0.8228855810251368,4,COMPLETE,0.7
0,0.005000667008056102,2024-10-17 22:45:09.208464,2024-10-17 22:45:12.817717,0 days 00:00:03.609253,0.00025539879492119077,0.6172350596902507,0.02939788610469295,20,9,4.27470694867497,0.5853201189099119,901,36,0.7252691180097571,0.7312047787143237,0.5834318402792182,2,COMPLETE,0.8
1,0.005615858705365624,2024-10-17 22:45:12.817943,2024-10-17 22:45:14.583598,0 days 00:00:01.765655,0.010602121354365033,0.8646861036086937,0.0463681857533401,3,48,3.826354687456522,0.4720687095652061,964,65,0.04744605815784353,0.17965833740697534,0.9724562569617995,10,COMPLETE,0.8
2,0.00488647234347066,2024-10-17 22:45:14.583835,2024-10-17 22:45:16.983226,0 days 00:00:02.399391,0.0027150291841130177,0.6955591275809994,0.03989122774025245,17,48,2.768553708831578,0.38189940567418434,186,274,0.6629506056194024,0.24823076065530114,0.7138979754179745,8,COMPLETE,0.8
3,0.005013671027881889,2024-10-17 22:45:16.983454,2024-10-17 22:45:20.497978,0 days 00:00:03.514524,0.08283683607761884,0.9673489931016402,0.021440651101685786,12,64,1.1477902987631015,0.7511066756695052,627,128,0.5248541189160957,0.839042876646344,0.9992856075760803,8,COMPLETE,0.8
4,0.004990999883543725,2024-10-17 22:45:20.498208,2024-10-17 22:45:22.705108,0 days 00:00:02.206900,0.8804583099718448,0.5378019542063214,0.026894562342464613,10,100,9.284714306518687,0.05653233110944356,328,79,0.9065452155821103,0.42482170997647883,0.7206637712428103,1,COMPLETE,0.8
5,0.00512639413301484,2024-10-17 22:45:22.705519,2024-10-17 22:45:25.139494,0 days 00:00:02.433975,0.00027978097720542154,0.6841983919242067,0.020281580858744354,11,36,7.737674231078822,0.779253459755108,550,90,0.7641771958168339,0.2438786377104366,0.5040889989244646,3,COMPLETE,0.8
6,0.004941953644909344,2024-10-17 22:45:25.139724,2024-10-17 22:45:28.244740,0 days 00:00:03.105016,0.026843569711621416,0.6742519037452862,0.02840987532742712,12,70,2.467890367914942,0.09646254284731581,228,295,0.027638380418491315,0.5838237418103757,0.773892435937696,6,COMPLETE,0.8
7,0.005233820186419397,2024-10-17 22:45:28.244980,2024-10-17 22:45:30.494291,0 days 00:00:02.249311,0.001752208674677897,0.5186289719837256,0.011382298320906366,12,36,7.92612743707631,0.9387760923093128,300,138,0.1423049511256147,0.7767249944770596,0.5009949419443842,5,COMPLETE,0.8
8,0.004044932076106593,2024-10-17 22:45:30.494568,2024-10-17 22:45:59.488394,0 days 00:00:28.993826,0.0001490619556512874,0.8356582737985864,0.0595157382101121,20,12,2.987007674023755,0.07486483685080714,790,300,0.8038972519927415,0.7953407841071439,0.5998287539264202,2,COMPLETE,0.8
9,0.004828109665927241,2024-10-17 22:45:59.488623,2024-10-17 22:46:06.735192,0 days 00:00:07.246569,0.6079744858813394,0.7980285007830161,0.02114115086157816,8,20,8.20101829151298,0.23788208052576143,862,162,0.9682790019690598,0.30529351574102515,0.9784941548091162,3,COMPLETE,0.8
