number,value,datetime_start,datetime_complete,duration,params_alpha,params_colsample_bytree,params_learning_rate,params_max_depth,params_min_child_samples,params_min_child_weight,params_min_split_gain,params_n_estimators,params_num_leaves,params_reg_alpha,params_reg_lambda,params_subsample,params_subsample_freq,state,quantile
10,0.004082425569437513,2024-10-17 22:46:06.735486,2024-10-17 22:46:25.456681,0 days 00:00:18.721195,0.00011838231409651703,0.977258557436129,0.09422749507215707,17,6,5.816664898375247,0.2386102633563707,700,230,0.3343114682994785,0.990361343634032,0.6173770974286046,5,COMPLETE,0.8
11,0.004006019642616789,2024-10-17 22:46:25.456914,2024-10-17 22:46:43.449467,0 days 00:00:17.992553,0.0001148965999168237,0.994342437476564,0.09932228705313137,17,9,5.993551312976002,0.24515744519008414,705,230,0.3013561701883759,0.9804827555514253,0.6274310542428243,4,COMPLETE,0.8
12,0.004120340615333665,2024-10-17 22:46:43.449714,2024-10-17 22:47:01.833170,0 days 00:00:18.383456,0.0009424892827644013,0.882262403102499,0.09556235475001529,20,24,5.770961903100841,0.23711159345286315,759,216,0.33642949418280027,0.9899020719904903,0.6284799639893915,3,COMPLETE,0.8
13,0.004140759480753287,2024-10-17 22:47:01.833418,2024-10-17 22:47:13.905894,0 days 00:00:12.072476,0.0005834426702984343,0.8855603481525195,0.06477059349220385,16,21,0.5166589978051861,0.03152156186271367,473,248,0.35410834890646936,0.6079551291529384,0.8182278910316871,1,COMPLETE,0.8
14,0.004405646993802824,2024-10-17 22:47:13.906125,2024-10-17 22:47:23.496979,0 days 00:00:09.590854,0.00013265742754000608,0.8023144946849896,0.0628066002275622,15,5,6.345311258746433,0.34261963985443067,788,192,0.5259626758043366,0.04147951027308372,0.6588893197799669,4,COMPLETE,0.8
15,0.004205388791561867,2024-10-17 22:47:23.497213,2024-10-17 22:47:36.364837,0 days 00:00:12.867624,0.004958954592587755,0.9314161848507005,0.06784708177415544,19,32,2.196082579860208,0.15789899578004854,521,264,0.2203148626118795,0.8753777184869022,0.5656569639163411,7,COMPLETE,0.8
16,0.004873382471356977,2024-10-17 22:47:36.365096,2024-10-17 22:47:39.085684,0 days 00:00:02.720588,0.000420813922066086,0.7807753019775827,0.05018661498135477,14,88,4.632173345126424,0.38040332261411175,438,197,0.8652097491854596,0.6810271265106456,0.8865039746792547,4,COMPLETE,0.8
17,0.004668317387469483,2024-10-17 22:47:39.085913,2024-10-17 22:47:42.146007,0 days 00:00:03.060094,0.0011112150592403945,0.992787100261511,0.08021881127574554,18,13,6.727526520733207,0.5339507933536911,701,295,0.6032363208289764,0.890016555564939,0.6777057282798816,2,COMPLETE,0.8
18,0.004909049234402675,2024-10-17 22:47:42.146232,2024-10-17 22:47:45.133640,0 days 00:00:02.987408,0.0966907878042048,0.8412650999364615,0.05441543292862011,7,60,3.4668096306281506,0.15772547805253487,615,261,0.4639291290840709,0.47147951114939934,0.5817487030210665,4,COMPLETE,0.8
19,0.004206291835129664,2024-10-17 22:47:45.133863,2024-10-17 22:48:03.955640,0 days 00:00:18.821777,0.0001412385590405139,0.9230297107494931,0.038470514688685994,14,27,5.369947726055771,0.004688724910489411,836,227,0.8239222181329978,0.9245247201189665,0.7921084738202764,2,COMPLETE,0.8
0,0.006003450837554978,2024-10-17 22:50:05.290354,2024-10-17 22:50:07.322597,0 days 00:00:02.032243,0.023003854836613623,0.7339844792473488,0.06620774094052724,12,79,5.035181628791224,0.5689144018302706,890,117,0.998723375172471,0.22346287464135417,0.9315396547451824,2,COMPLETE,0.9
1,0.006204797370866389,2024-10-17 22:50:07.322839,2024-10-17 22:50:08.427178,0 days 00:00:01.104339,0.06539253259325205,0.6951906230721454,0.04208396667166893,20,36,1.1061602228480796,0.7755376175333644,574,41,0.5223330283127638,0.9258441385848635,0.5141445750350562,9,COMPLETE,0.9
2,0.005797498731426301,2024-10-17 22:50:08.427445,2024-10-17 22:50:11.835608,0 days 00:00:03.408163,0.0030704327063107847,0.5494221079208523,0.021991677838110693,15,77,9.921365948689761,0.31844512967157246,699,101,0.408893873874802,0.8136578434235313,0.9623439951159145,6,COMPLETE,0.9
3,0.006161005785943627,2024-10-17 22:50:11.835838,2024-10-17 22:50:13.036098,0 days 00:00:01.200260,0.13498380672793966,0.7629734390887026,0.02211629982109478,11,56,6.788855707158795,0.6249326025880765,316,270,0.443746555023091,0.6046816971906791,0.5755594049607267,5,COMPLETE,0.9
4,0.005253577497757285,2024-10-17 22:50:13.036323,2024-10-17 22:50:14.293949,0 days 00:00:01.257626,0.04998397802057347,0.7194520161442204,0.013180431100025567,10,26,5.188189010724398,0.42667482929626577,159,150,0.8053027104987112,0.8885105204797503,0.6077578889313633,1,COMPLETE,0.9
5,0.00631184008192172,2024-10-17 22:50:14.294179,2024-10-17 22:50:15.851879,0 days 00:00:01.557700,0.9656788929447513,0.880696692598614,0.040246319685857616,3,35,7.410400889173971,0.4289161467291397,970,66,0.7725523946988988,0.7138109459478168,0.6052123432634224,2,COMPLETE,0.9
6,0.006068118431161899,2024-10-17 22:50:15.852178,2024-10-17 22:50:17.167300,0 days 00:00:01.315122,0.0013901637540921037,0.6339468368043863,0.039630487352273806,4,24,7.883486006152446,0.2877219483829091,583,261,0.8533329141786072,0.6664083030059251,0.782771031109377,6,COMPLETE,0.9
7,0.005999547888272263,2024-10-17 22:50:17.167527,2024-10-17 22:50:18.232152,0 days 00:00:01.064625,0.004217368110129682,0.877576764158412,0.05944330845854184,12,69,3.793196533417047,0.48526638839169345,470,60,0.6917854912628976,0.04838110313495669,0.533279182318677,1,COMPLETE,0.9
8,0.006239361036190311,2024-10-17 22:50:18.232376,2024-10-17 22:50:19.077472,0 days 00:00:00.845096,0.3561874584930781,0.5434499351797093,0.05344665652536796,5,17,9.822304783400282,0.7263994829361072,429,112,0.09775561199056004,0.854733814175335,0.6143550079643864,4,COMPLETE,0.9
9,0.005286029548612479,2024-10-17 22:50:19.077701,2024-10-17 22:50:37.615246,0 days 00:00:18.537545,0.0018601319394830832,0.7062788209477159,0.010829173171308644,16,26,8.634228294395626,0.04136427215829708,779,276,0.8326382387008814,0.3240238192164183,0.6617015206987031,2,COMPLETE,0.9
10,0.00672271933770744,2024-10-17 22:50:37.615486,2024-10-17 22:50:38.212827,0 days 00:00:00.597341,0.000219589517222114,0.9938779915976039,0.010051378963475037,8,97,1.7699910314301825,0.991206658073835,105,190,0.15456378379242086,0.45510323054567703,0.7401930728455418,10,COMPLETE,0.9
11,0.005466993947685544,2024-10-17 22:50:38.213070,2024-10-17 22:50:57.576006,0 days 00:00:19.362936,0.0007865324573050071,0.6550636305367928,0.010376862509262903,17,6,4.886651209008082,0.05401727796227079,785,196,0.9495728867775135,0.3824227726323467,0.7091301561412774,3,COMPLETE,0.9
12,0.0052519713371245134,2024-10-17 22:50:57.576242,2024-10-17 22:50:59.610194,0 days 00:00:02.033952,0.016569017508688232,0.8079385724418111,0.016687273506794605,16,41,2.8676682050481395,0.00015426810572205518,130,206,0.6307720091032128,0.26163989028967033,0.6553133012203024,1,COMPLETE,0.9
13,0.0052632748000357105,2024-10-17 22:50:59.610423,2024-10-17 22:51:00.535518,0 days 00:00:00.925095,0.02472345944196832,0.8251450388283901,0.01837815479740719,8,48,3.0524463489750753,0.20119247583571234,110,206,0.6228414692280897,0.11634957376728527,0.8287820684206222,1,COMPLETE,0.9
14,0.005722663520072518,2024-10-17 22:51:00.535746,2024-10-17 22:51:04.078153,0 days 00:00:03.542407,0.010447567659495834,0.8115654650188189,0.016540690786272426,19,48,5.868974140746045,0.17653237897417395,267,154,0.3331381938952993,0.5426921136927984,0.6709974426688264,8,COMPLETE,0.9
15,0.0059182303214189765,2024-10-17 22:51:04.078378,2024-10-17 22:51:05.598174,0 days 00:00:01.519796,0.06193501411787411,0.9652697508187877,0.014298389226104123,14,36,0.25692774687619657,0.9617839697778278,243,231,0.6020360495420618,0.21946074611880262,0.8729957520447047,4,COMPLETE,0.9
16,0.0058962222884687936,2024-10-17 22:51:05.598408,2024-10-17 22:51:07.304947,0 days 00:00:01.706539,0.012850493117865668,0.7951048272953491,0.02594551631215113,9,6,3.3359646998821084,0.3361995045340929,203,155,0.7256593750806039,0.3094789184487293,0.6544413430819627,1,COMPLETE,0.9
17,0.005152035174904142,2024-10-17 22:51:07.305194,2024-10-17 22:51:11.916427,0 days 00:00:04.611233,0.16126027232275525,0.9071852775972631,0.09196647356619743,18,58,2.0637828394983186,0.14830047795951407,359,229,0.27951350937411784,0.9866156352092135,0.5775245723159438,3,COMPLETE,0.9
18,0.0049703701786780515,2024-10-17 22:51:11.916664,2024-10-17 22:51:18.706178,0 days 00:00:06.789514,0.18138217010551386,0.9241708028101188,0.07507058271208653,18,58,1.971784466604865,0.009152860930106116,382,231,0.25126531948154807,0.7315253918604989,0.5543286584393405,3,COMPLETE,0.9
19,0.005121700377077318,2024-10-17 22:51:18.706413,2024-10-17 22:51:23.586287,0 days 00:00:04.879874,0.2529272296516359,0.9340583874409915,0.09596495057359584,18,59,1.9096659334096295,0.15076452720690073,399,239,0.25630818255807336,0.9909592308219122,0.5023045238038578,4,COMPLETE,0.9
