number,value,datetime_start,datetime_complete,duration,params_alpha,params_colsample_bytree,params_learning_rate,params_max_depth,params_min_child_samples,params_min_child_weight,params_min_split_gain,params_n_estimators,params_num_leaves,params_reg_alpha,params_reg_lambda,params_subsample,params_subsample_freq,state,quantile
0,0.00658467079314616,2024-10-17 22:18:44.507344,2024-10-17 22:18:48.148470,0 days 00:00:03.641126,0.38075251879978855,0.9134486631844709,0.03499344259723373,9,81,7.815215817395193,0.12307227342070681,493,65,0.09264052274514556,0.4975602456885073,0.6714316152455838,3,COMPLETE,0.1
1,0.0072768866817401025,2024-10-17 22:18:48.148811,2024-10-17 22:18:48.728875,0 days 00:00:00.580064,0.2542253746477364,0.7189546563815347,0.0480296733455244,3,19,8.886069069640804,0.5615483669416732,188,151,0.3831357748484274,0.7747039500481955,0.8498171990335417,8,COMPLETE,0.1
2,0.007360476817401811,2024-10-17 22:18:48.729117,2024-10-17 22:18:50.919417,0 days 00:00:02.190300,0.3668182551853304,0.6326528775605758,0.025489132493358456,18,64,2.5616920016998623,0.5369276719857191,460,175,0.7495272840875072,0.5308672386199724,0.6071651136287035,4,COMPLETE,0.1
3,0.007818800447122567,2024-10-17 22:18:50.919644,2024-10-17 22:18:51.525563,0 days 00:00:00.605919,0.02153042645373444,0.5131916874515638,0.041452107877505244,3,5,6.895917178242096,0.3790330034887621,396,263,0.7924899037676559,0.9838045122042841,0.5151817654306747,7,COMPLETE,0.1
4,0.006386347180345907,2024-10-17 22:18:51.525780,2024-10-17 22:18:52.787204,0 days 00:00:01.261424,0.0007508648555631166,0.5365215839257969,0.027458033035529954,8,29,4.541452756026315,0.04819483992840079,129,201,0.7595391457144454,0.5024041636065426,0.8214083151868277,6,COMPLETE,0.1
5,0.0069724216672632615,2024-10-17 22:18:52.787424,2024-10-17 22:18:54.964102,0 days 00:00:02.176678,0.01192422474544029,0.8762661908431142,0.07806926483288615,7,94,3.094235349403912,0.35124841515535377,936,207,0.3241671455966596,0.6086714698366558,0.5724431855472665,10,COMPLETE,0.1
6,0.006628379147727888,2024-10-17 22:18:54.964310,2024-10-17 22:18:59.875620,0 days 00:00:04.911310,0.036881069287647526,0.6649645505270503,0.036354658642695756,13,81,2.257326964910802,0.05638589835778185,726,45,0.3100264658283277,0.6056388280025697,0.8369470711645257,8,COMPLETE,0.1
7,0.007369885323672395,2024-10-17 22:18:59.875828,2024-10-17 22:19:01.048635,0 days 00:00:01.172807,0.009768599956631449,0.9825629233527026,0.0876563655047911,9,28,1.79016733739243,0.7414100511112856,549,247,0.7837917921559097,0.5703614067511507,0.5118427043425113,8,COMPLETE,0.1
8,0.007581112307021494,2024-10-17 22:19:01.048848,2024-10-17 22:19:02.972404,0 days 00:00:01.923556,0.12325553446146265,0.8099007503107497,0.031853996944611065,4,37,4.034470193231394,0.5450888736644327,837,80,0.8422946673816734,0.4974369593686241,0.8977165924795317,5,COMPLETE,0.1
9,0.007299464884087381,2024-10-17 22:19:02.972634,2024-10-17 22:19:06.302131,0 days 00:00:03.329497,0.005444503135801514,0.8711914337548327,0.010692284983183904,20,94,5.754010143954932,0.9931049907132558,911,110,0.5245416775444245,0.9499514406146203,0.9505992555597313,6,COMPLETE,0.1
10,0.00869382118270017,2024-10-17 22:19:06.302359,2024-10-17 22:19:07.462704,0 days 00:00:01.160345,0.00022230868355424175,0.5190871741293271,0.014573939508897956,14,51,0.31581405188249345,0.1980370092675885,136,284,0.9879414295698219,0.10766351258453777,0.7713745055198041,1,COMPLETE,0.1
11,0.006953336380887169,2024-10-17 22:19:07.462920,2024-10-17 22:19:08.993024,0 days 00:00:01.530104,0.0008093769990761459,0.9682390043472343,0.02287236575692176,9,66,9.29562559105164,0.05829190045668173,326,27,0.025492646642342187,0.2895849581770283,0.681659548673744,3,COMPLETE,0.1
12,0.006646001691622789,2024-10-17 22:19:08.993243,2024-10-17 22:19:12.757126,0 days 00:00:03.763883,0.0016243412461506431,0.6041874754682496,0.05749176050176893,7,45,7.179356059245831,0.21900851005668287,672,127,0.03365357308193418,0.33060923231715345,0.7162864429773905,1,COMPLETE,0.1
13,0.006341655142938818,2024-10-17 22:19:12.757360,2024-10-17 22:19:15.821224,0 days 00:00:03.063864,0.00010952757582360834,0.7851541374739487,0.018987223738189188,11,74,5.338306767735425,0.037483168089667576,260,199,0.6021771187569119,0.3261551987970114,0.7798393808951641,3,COMPLETE,0.1
14,0.0061077186898754,2024-10-17 22:19:15.821457,2024-10-17 22:19:20.298790,0 days 00:00:04.477333,0.00010527603047114506,0.7965531156120285,0.020564854361385228,15,65,5.1670357051586056,0.003064352010313333,267,213,0.6174183950761392,0.2877757385709026,0.7789703961096412,3,COMPLETE,0.1
15,0.006306098036164954,2024-10-17 22:19:20.299010,2024-10-17 22:19:22.976118,0 days 00:00:02.677108,0.00010926567535011668,0.7748414518425636,0.017850783998256157,16,66,5.792167676157863,0.27991859291848714,269,223,0.5669806719757138,0.02471904473438924,0.7849148827380972,3,COMPLETE,0.1
16,0.006208822377434401,2024-10-17 22:19:22.976330,2024-10-17 22:19:27.153387,0 days 00:00:04.177057,0.0002748574773215674,0.7247190462857247,0.01590875240843958,16,61,6.454546069334279,0.27008699238299555,312,236,0.6160569730646767,0.002031894640965537,0.9954016508964822,2,COMPLETE,0.1
17,0.006232652123983395,2024-10-17 22:19:27.153629,2024-10-17 22:19:30.740828,0 days 00:00:03.587199,0.00045662041294558666,0.7198011554550552,0.010595304238339263,16,55,6.725614350729321,0.41191915139986174,383,297,0.631773814609494,0.18965391907086504,0.9973089616174122,1,COMPLETE,0.1
18,0.007166187353206633,2024-10-17 22:19:30.741245,2024-10-17 22:19:35.081805,0 days 00:00:04.340560,0.003371776823837855,0.8328420050923253,0.014326378926301188,16,56,3.7205269080050547,0.6687227263093739,606,245,0.4447505175849411,0.002972240021307952,0.9140761855099484,2,COMPLETE,0.1
19,0.00598496515540405,2024-10-17 22:19:35.082045,2024-10-17 22:19:38.748421,0 days 00:00:03.666376,0.00035355968623439535,0.7004560635814463,0.014659544393176462,20,81,8.266580827488227,0.16541511507378318,236,166,0.20795754806775446,0.19658215390796574,0.9670006139733388,4,COMPLETE,0.1
0,0.005636129631740771,2024-10-17 22:19:59.458371,2024-10-17 22:20:00.809425,0 days 00:00:01.351054,0.00014055133090652933,0.5799073802581608,0.03589102260422266,19,7,4.815724398987015,0.8956921897657487,111,129,0.7760115308676391,0.9274447789690019,0.86499058149178,4,COMPLETE,0.2
1,0.006258289823943929,2024-10-17 22:20:00.809669,2024-10-17 22:20:03.435285,0 days 00:00:02.625616,0.0001128550274115535,0.6664157035996277,0.02831773019085083,5,84,0.13324930229386583,0.8722775405335192,902,271,0.3517956558950145,0.9528395876289043,0.8468594259018764,1,COMPLETE,0.2
2,0.005361540056648829,2024-10-17 22:20:03.435515,2024-10-17 22:20:08.145061,0 days 00:00:04.709546,0.00037835738458489963,0.9585405396442175,0.05966794858431904,15,17,8.896495168655196,0.5625095466914365,895,236,0.3174157493812083,0.11433881116839384,0.9259949286077845,7,COMPLETE,0.2
3,0.005755622344605061,2024-10-17 22:20:08.145306,2024-10-17 22:20:09.968320,0 days 00:00:01.823014,0.0023236991619673916,0.917109874119384,0.07952942278061631,9,36,3.430926119833052,0.6795898747866176,447,253,0.09849461593887465,0.398615341797786,0.6782039412476021,10,COMPLETE,0.2
4,0.0059806354759515505,2024-10-17 22:20:09.968578,2024-10-17 22:20:10.562189,0 days 00:00:00.593611,0.9787382140005797,0.8486487085642311,0.02579726349318553,13,40,1.5001278180699484,0.28739383035407196,108,33,0.48850743997669277,0.8494301567867181,0.7242364664556464,8,COMPLETE,0.2
5,0.005685373742896241,2024-10-17 22:20:10.562425,2024-10-17 22:20:12.267728,0 days 00:00:01.705303,0.04951150889632618,0.6935574785589018,0.05456132772193399,15,78,3.5237843759636434,0.5756011151449312,240,158,0.2758501493471627,0.3573164808061774,0.7390839459953691,2,COMPLETE,0.2
6,0.006592214876389412,2024-10-17 22:20:12.268117,2024-10-17 22:20:13.298328,0 days 00:00:01.030211,0.05419672051986302,0.7571681269293722,0.024294862234789865,3,22,4.167166229484086,0.6927798453251194,666,165,0.760618996528183,0.9887157981475039,0.5864243692925415,10,COMPLETE,0.2
7,0.00515814230214604,2024-10-17 22:20:13.298571,2024-10-17 22:20:18.311389,0 days 00:00:05.012818,0.08559579127143395,0.8745051290617729,0.08282659695403345,10,95,3.1418526127957116,0.13101579013963527,976,33,0.07981554931805601,0.1447324271719136,0.5593084552982215,6,COMPLETE,0.2
8,0.006046886641256506,2024-10-17 22:20:18.311696,2024-10-17 22:20:19.596194,0 days 00:00:01.284498,0.6079972659480384,0.9523334985794931,0.010280716197233518,5,36,1.9004023679307234,0.15683860729808863,351,229,0.2194508945757725,0.14825115123640098,0.8857099463542103,5,COMPLETE,0.2
9,0.005384774753832934,2024-10-17 22:20:19.596436,2024-10-17 22:20:26.041711,0 days 00:00:06.445275,0.7256677838962238,0.711940928171452,0.01138855632474518,13,35,6.257328497763195,0.4012432419733991,354,180,0.292369381510311,0.24180763070878764,0.8121036916363737,2,COMPLETE,0.2
10,0.0054233615587352185,2024-10-17 22:20:26.042006,2024-10-17 22:20:28.846878,0 days 00:00:02.804872,0.05803237238376969,0.813296263853183,0.09760573703013406,9,100,6.804476540547456,0.0013332495435055824,638,22,0.006714787731382815,0.6468626681416909,0.5083476083588561,7,COMPLETE,0.2
11,0.005362247886827081,2024-10-17 22:20:28.847155,2024-10-17 22:20:32.970910,0 days 00:00:04.123755,0.001474995005418574,0.9951847763157864,0.0596259824159062,17,63,8.948248320519156,0.35568262081942453,998,90,0.5039678480741094,0.04598467741050416,0.9756496110164269,7,COMPLETE,0.2
12,0.005626104411915409,2024-10-17 22:20:32.971175,2024-10-17 22:20:36.549515,0 days 00:00:03.578340,0.007137542889949662,0.8743047111757172,0.05408493560839085,10,58,8.881715888660807,0.526331420038566,812,81,0.5018012089537938,0.02295499997674111,0.9924430022386379,6,COMPLETE,0.2
13,0.004398795876901814,2024-10-17 22:20:36.549758,2024-10-17 22:20:57.374741,0 days 00:00:20.824983,0.0011741953923012514,0.9176434256410121,0.04172687958106417,20,5,7.017192776440718,0.175926487740392,797,197,0.14599403545364315,0.6170387312272063,0.628381412692941,4,COMPLETE,0.2
14,0.004809106258204648,2024-10-17 22:20:57.375206,2024-10-17 22:21:08.121801,0 days 00:00:10.746595,0.015124387328972536,0.7980930161089171,0.03828882971497458,20,98,6.703679576123552,0.0015674598039917553,764,190,0.128419811880171,0.6326797419375758,0.5870822983184639,4,COMPLETE,0.2
15,0.00490789554141245,2024-10-17 22:21:08.122063,2024-10-17 22:21:23.356715,0 days 00:00:15.234652,0.00985922370198709,0.8065221165894118,0.01710694661376847,19,66,7.054506848144563,0.000707930775550387,755,206,0.9697280217753161,0.6494175390136725,0.6532099857687045,4,COMPLETE,0.2
16,0.004767643851999995,2024-10-17 22:21:23.357009,2024-10-17 22:21:36.778707,0 days 00:00:13.421698,0.001547946891033711,0.5236072278340622,0.039140396377467995,20,49,7.402849065653978,0.16888909822902037,579,199,0.16028640640139485,0.6205436926084379,0.6285685766699772,3,COMPLETE,0.2
17,0.0045250418468523994,2024-10-17 22:21:36.778970,2024-10-17 22:21:55.554985,0 days 00:00:18.776015,0.0009053104684540021,0.5012146369447343,0.04135225600064519,17,5,7.970861783089952,0.1919256269101471,539,286,0.18897048097421265,0.7765939116661924,0.6485679617677508,2,COMPLETE,0.2
18,0.005043306576537171,2024-10-17 22:21:55.555244,2024-10-17 22:22:11.725499,0 days 00:00:16.170255,0.00044250476605249767,0.595713642099345,0.016854302762746066,17,5,5.626792939112738,0.2429047366496039,477,289,0.39982477137776823,0.771095135141882,0.7672936942998154,1,COMPLETE,0.2
19,0.0052224987128395165,2024-10-17 22:22:11.725743,2024-10-17 22:22:17.813941,0 days 00:00:06.088198,0.0005242725971120457,0.5001919667132908,0.04786098935836372,17,20,9.880025201484822,0.39417628755258804,522,300,0.6635339704798823,0.5055242381113523,0.5004840078419882,3,COMPLETE,0.2
0,0.004972376582969966,2024-10-17 22:24:36.749326,2024-10-17 22:24:38.560299,0 days 00:00:01.810973,0.009603752570154292,0.9917629346123744,0.028848633407388163,11,88,6.218420589592193,0.15222967431025924,129,106,0.10087978534337005,0.12717680536196507,0.9821000862991234,7,COMPLETE,0.3
1,0.006049356072764596,2024-10-17 22:24:38.560544,2024-10-17 22:24:39.436162,0 days 00:00:00.875618,0.0014499195163224145,0.6854204435528386,0.02488777171011273,3,7,3.962406113323136,0.37298436028915183,499,217,0.6792321325141167,0.6123459387862471,0.9671492797372766,1,COMPLETE,0.3
2,0.004841440927138325,2024-10-17 22:24:39.436392,2024-10-17 22:24:48.331896,0 days 00:00:08.895504,0.9094315443327166,0.976071242211455,0.01021855249353401,17,67,5.982831520603771,0.4916470479165804,614,214,0.19135801671578379,0.2517560956089192,0.7909436326123693,4,COMPLETE,0.3
3,0.00455269985140769,2024-10-17 22:24:48.332128,2024-10-17 22:24:51.682637,0 days 00:00:03.350509,0.007205992042135398,0.9468287616081712,0.0745411591214885,18,66,7.059964379347048,0.34236140811746374,491,275,0.4472981856832099,0.7505087845073837,0.9622320233173358,2,COMPLETE,0.3
4,0.004939012817700321,2024-10-17 22:24:51.682857,2024-10-17 22:24:54.716995,0 days 00:00:03.034138,0.024626043969887525,0.7900113090569958,0.05175911005623283,8,9,5.224434879822171,0.6121811098755682,470,69,0.6796733534758163,0.46768335919120274,0.7208049566285122,10,COMPLETE,0.3
5,0.005542771545676208,2024-10-17 22:24:54.717232,2024-10-17 22:24:57.265947,0 days 00:00:02.548715,0.7274025137106419,0.5599832313986471,0.04111263716335093,5,89,5.945755139768014,0.9134014883294471,936,274,0.6801637784446669,0.04951828724341467,0.9401503167045011,6,COMPLETE,0.3
6,0.004770392939277709,2024-10-17 22:24:57.266348,2024-10-17 22:25:00.559357,0 days 00:00:03.293009,0.8773422886078361,0.7820653216461657,0.07601767841618023,10,87,6.9375119855858225,0.4408438744421661,642,183,0.19722846914589898,0.29408440774211086,0.7514049120623808,1,COMPLETE,0.3
7,0.005412686233160181,2024-10-17 22:25:00.559594,2024-10-17 22:25:03.348102,0 days 00:00:02.788508,0.00014735423210136218,0.6517201810666683,0.01718970578895725,8,96,1.693070064461287,0.49776725630855345,659,25,0.686836190797643,0.8065684546118121,0.8284330626696138,10,COMPLETE,0.3
8,0.005607575318602674,2024-10-17 22:25:03.348336,2024-10-17 22:25:05.362561,0 days 00:00:02.014225,0.2984827388970546,0.5517111302540991,0.018006270214904044,5,67,2.7012334175276838,0.020712902302559844,591,228,0.10002527549129203,0.07367012381824045,0.6271917004352698,1,COMPLETE,0.3
9,0.004960443123217273,2024-10-17 22:25:05.362796,2024-10-17 22:25:09.393943,0 days 00:00:04.031147,0.0001804772549544945,0.7560678575723379,0.047429321998135314,6,26,3.6293260175526476,0.21728189869834225,690,109,0.41342006232311646,0.31156074142487356,0.7161943975098177,5,COMPLETE,0.3
10,0.005020919108290477,2024-10-17 22:25:09.394235,2024-10-17 22:25:11.152752,0 days 00:00:01.758517,0.052753736449666785,0.8843555326442435,0.09897085203998068,20,42,9.610623284706904,0.7557381493947496,257,298,0.8898102301492394,0.9277069203064296,0.5166355061154188,3,COMPLETE,0.3
11,0.0044768263605868015,2024-10-17 22:25:11.153029,2024-10-17 22:25:17.112618,0 days 00:00:05.959589,0.002830240406016699,0.8796941856386882,0.09335790832165347,14,69,8.325170183891053,0.3224704555532077,868,188,0.35285797124781704,0.6062827659883564,0.8709525555868013,2,COMPLETE,0.3
12,0.004285802421564755,2024-10-17 22:25:17.112838,2024-10-17 22:25:25.924921,0 days 00:00:08.812083,0.001794214433209013,0.8855823170677622,0.07220561320939171,15,65,8.472585433355311,0.2688790496855704,960,157,0.4005383125080559,0.6311368929906661,0.8755440015990199,3,COMPLETE,0.3
13,0.00398182547642846,2024-10-17 22:25:25.925181,2024-10-17 22:25:38.660553,0 days 00:00:12.735372,0.0010712116745432323,0.8717758605820559,0.09603678836238737,14,50,9.288416862410084,0.1615005081783783,997,141,0.3241161239206318,0.5472553281930779,0.8701048396584584,3,COMPLETE,0.3
14,0.0040129014061471326,2024-10-17 22:25:38.660800,2024-10-17 22:25:52.632664,0 days 00:00:13.971864,0.0007145700275144503,0.8657458502545521,0.06257654057852868,14,44,9.9277952787445,0.009399980065941449,1000,139,0.27229467407439756,0.47927221253050944,0.8737065364884997,4,COMPLETE,0.3
15,0.004076524613598265,2024-10-17 22:25:52.632913,2024-10-17 22:26:04.032985,0 days 00:00:11.400072,0.0005039801117001168,0.8405304366958081,0.05929407817457083,14,43,9.513723941439194,0.009925112511040363,779,128,0.2967481124479333,0.41342821073170744,0.8994847722352876,7,COMPLETE,0.3
16,0.0041620234997234735,2024-10-17 22:26:04.033219,2024-10-17 22:26:21.323610,0 days 00:00:17.290391,0.0005555986886140904,0.6832404573413159,0.03735165065299801,13,29,0.1418493551358493,0.13054566201473722,994,142,0.0014586126209622519,0.5201896554072161,0.8247872140523126,5,COMPLETE,0.3
17,0.004232779076304165,2024-10-17 22:26:21.323843,2024-10-17 22:26:29.333259,0 days 00:00:08.009416,0.00047393862265391424,0.8240965627192653,0.06802700986120096,17,49,8.120367513186423,0.10867603223083147,825,69,0.2592953248316392,0.7334812908732857,0.6263664464376798,4,COMPLETE,0.3
18,0.004965368041792743,2024-10-17 22:26:29.333498,2024-10-17 22:26:31.162993,0 days 00:00:01.829495,0.0033440465679019423,0.9348013685206791,0.09216328564821573,12,29,9.75914558500354,0.699335914499033,366,76,0.5227075568240449,0.9912427621156727,0.9093718682808387,8,COMPLETE,0.3
19,0.0040734172005650274,2024-10-17 22:26:31.163413,2024-10-17 22:26:44.999261,0 days 00:00:13.835848,0.0010522617247299261,0.7171329615744302,0.05960874858850652,16,56,7.783655606632477,0.18998960705510298,763,185,0.53420695760828,0.3896834123895414,0.8290977138657702,4,COMPLETE,0.3
0,0.003837457199594044,2024-10-17 22:28:09.276445,2024-10-17 22:28:29.280544,0 days 00:00:20.004099,0.00023187475883378056,0.7754450358821394,0.015275865368907932,20,24,2.1934900679917435,0.27349280798487086,878,183,0.9193927721629663,0.07657413497841004,0.864399111632095,7,COMPLETE,0.4
1,0.004873064980639723,2024-10-17 22:28:29.280822,2024-10-17 22:28:30.555139,0 days 00:00:01.274317,0.06754152362441646,0.517715675889102,0.09405748536711918,19,83,7.7481749315200386,0.9984010318796307,386,29,0.39072058865989356,0.6648570459742548,0.8102752673633067,1,COMPLETE,0.4
2,0.004474923234144227,2024-10-17 22:28:30.555375,2024-10-17 22:28:34.126434,0 days 00:00:03.571059,0.04024761182818096,0.5930123765012618,0.037191353286509556,11,32,4.883547597737877,0.7952497172121044,351,150,0.007873832091435107,0.2360881428060243,0.8707674440467452,8,COMPLETE,0.4
3,0.003965452189577209,2024-10-17 22:28:34.126665,2024-10-17 22:28:39.984807,0 days 00:00:05.858142,0.03753901466558117,0.8439891819879384,0.044819389717704744,18,39,3.5471371397197973,0.22686993627671082,337,142,0.35021485667016683,0.14197939819306915,0.6796893049847186,5,COMPLETE,0.4
4,0.004629744250329817,2024-10-17 22:28:39.985040,2024-10-17 22:28:41.999766,0 days 00:00:02.014726,0.3506167702864318,0.7938289453567087,0.047486314221129,7,6,7.078164773128397,0.06068018040579326,230,173,0.4324143218897053,0.2525026817971282,0.7645039478630941,5,COMPLETE,0.4
5,0.00449688399656905,2024-10-17 22:28:42.000001,2024-10-17 22:28:47.330125,0 days 00:00:05.330124,0.05538316655636763,0.9560097224598598,0.01496701068939793,9,65,7.245290656900896,0.4121001429292832,695,99,0.39692838576287515,0.11809498849594768,0.7530220789869329,6,COMPLETE,0.4
6,0.0054928960377792005,2024-10-17 22:28:47.330352,2024-10-17 22:28:48.875471,0 days 00:00:01.545119,0.0003170995122521403,0.8197378576945222,0.022169147902192658,3,68,7.531598036949458,0.4058277954402827,991,186,0.23508809690361832,0.5909218099939356,0.5068055390190166,1,COMPLETE,0.4
7,0.004271230497462018,2024-10-17 22:28:48.875701,2024-10-17 22:28:59.212819,0 days 00:00:10.337118,0.005208517212208901,0.8481545230562414,0.013308482001917338,19,41,5.504573913899225,0.506323806886155,646,153,0.22833881271941892,0.25473601337598883,0.8028628848579102,8,COMPLETE,0.4
8,0.0052467410581573904,2024-10-17 22:28:59.213051,2024-10-17 22:29:00.434556,0 days 00:00:01.221505,0.0001639934473907057,0.9276300927847592,0.01905110146327317,4,79,2.2054976013478553,0.5058773673368376,546,178,0.3169353874265106,0.9433821640181435,0.7697545055275103,2,COMPLETE,0.4
9,0.004577614020768233,2024-10-17 22:29:00.434780,2024-10-17 22:29:04.616769,0 days 00:00:04.181989,0.0017051468681840568,0.7886098694462074,0.020113915980377945,8,22,0.26022191051473764,0.2964294405644392,500,65,0.1957016989378505,0.9956831504216582,0.8927823042373231,5,COMPLETE,0.4
10,0.003963382118954363,2024-10-17 22:29:04.617003,2024-10-17 22:29:36.247967,0 days 00:00:31.630964,0.0007534437765636814,0.6795439468944124,0.010154828322848282,15,12,0.19593342913549017,0.0007832548018340546,984,262,0.8629077709887555,0.4370412844137149,0.9728507340704955,10,COMPLETE,0.4
11,0.0039956132153569635,2024-10-17 22:29:36.248304,2024-10-17 22:30:10.350730,0 days 00:00:34.102426,0.0007693416075362787,0.6707300120759715,0.011097770158269219,14,7,0.23554968010895738,0.033194834839700364,988,276,0.9405763795968524,0.002659840677385783,0.9781043906153871,10,COMPLETE,0.4
12,0.0039747774023360626,2024-10-17 22:30:10.350973,2024-10-17 22:30:35.086889,0 days 00:00:24.735916,0.00011175324844350353,0.6982427577883086,0.01066068763242524,15,24,1.9481473438087478,0.1647535303099436,827,265,0.826650470592829,0.4086606849898427,0.981166605163738,10,COMPLETE,0.4
13,0.003678575203446096,2024-10-17 22:30:35.087132,2024-10-17 22:30:58.507090,0 days 00:00:23.419958,0.000749762940605202,0.7018755437956463,0.0274723493230252,16,18,1.9084706266923042,0.000642924775944409,838,231,0.6543366168805949,0.44704738296440955,0.9005739180142349,8,COMPLETE,0.4
